[    5968ms] [LOG] [HMR] bundle 'client' rebuilt in 11681ms @ webpack-internal:///./node_modules/@sentry/utils/esm/instrument.js:118
[    5975ms] [LOG] [HMR] bundle rebuilding @ webpack-internal:///./node_modules/@sentry/utils/esm/instrument.js:118
[   20369ms] [INFO] Download the Vue Devtools extension for a better development experience:
https://github.com/vuejs/vue-devtools @ webpack-internal:///./node_modules/vue/dist/vue.runtime.esm.js:8841
[   20369ms] [INFO] You are running Vue in development mode.
Make sure to turn on production mode when deploying for production.
See more tips at https://vuejs.org/guide/deployment.html @ webpack-internal:///./node_modules/vue/dist/vue.runtime.esm.js:8849
[   20371ms] [INFO] Download the Vue Devtools extension for a better development experience:
https://github.com/vuejs/vue-devtools @ webpack-internal:///./node_modules/vue/dist/vue.runtime.common.dev.js:8719
[   20371ms] [INFO] You are running Vue in development mode.
Make sure to turn on production mode when deploying for production.
See more tips at https://vuejs.org/guide/deployment.html @ webpack-internal:///./node_modules/vue/dist/vue.runtime.common.dev.js:8726
[   20450ms] [LOG] [HMR] connected @ webpack-internal:///./node_modules/webpack-hot-middleware/client.js?reload=true&timeout=30000&ansiColors=&overlayStyles=&path=%2F__webpack_hmr%2Fclient&name=client:98
[   20498ms] [INFO] [nuxt-facebook-pixel-module] You are running in development mode. Set "debug: true" in your nuxt.config.js if you would like to trigger tracking events in local. @ webpack-internal:///./node_modules/@sentry/utils/esm/instrument.js:118
[   20591ms] [WARNING] [vue-router] Route with name 'index___uz' does not exist @ webpack-internal:///./node_modules/@sentry/utils/esm/instrument.js:118
[   20593ms] [WARNING] [vue-router] Route with name 'index___ru___default' does not exist @ webpack-internal:///./node_modules/@sentry/utils/esm/instrument.js:118
[   20650ms] [WARNING] [vue-router] Route with name 'index___uz' does not exist @ webpack-internal:///./node_modules/@sentry/utils/esm/instrument.js:118
[   20651ms] [WARNING] [vue-router] Route with name 'index___ru___default' does not exist @ webpack-internal:///./node_modules/@sentry/utils/esm/instrument.js:118
[   21719ms] [WARNING] [vue-router] Route with name 'index___uz' does not exist @ webpack-internal:///./node_modules/@sentry/utils/esm/instrument.js:118
[   21719ms] [WARNING] [vue-router] Route with name 'index___ru___default' does not exist @ webpack-internal:///./node_modules/@sentry/utils/esm/instrument.js:118
[   22361ms] [WARNING] [vue-router] Route with name 'worker-advanced-search___ru___default' does not exist @ webpack-internal:///./node_modules/@sentry/utils/esm/instrument.js:118
[   24214ms] [WARNING] [vue-router] Route with name 'index___uz' does not exist @ webpack-internal:///./node_modules/@sentry/utils/esm/instrument.js:118
[   24215ms] [WARNING] [vue-router] Route with name 'index___ru___default' does not exist @ webpack-internal:///./node_modules/@sentry/utils/esm/instrument.js:118
[   24232ms] [WARNING] [vue-router] Route with name 'company-brand___ru___default' does not exist @ webpack-internal:///./node_modules/@sentry/utils/esm/instrument.js:118
[   24234ms] [WARNING] [vue-router] Route with name 'static-slug___ru___default' does not exist @ webpack-internal:///./node_modules/@sentry/utils/esm/instrument.js:118
[   24235ms] [WARNING] [vue-router] Route with name 'static-slug___ru___default' does not exist @ webpack-internal:///./node_modules/@sentry/utils/esm/instrument.js:118
[   24236ms] [WARNING] [vue-router] Route with name 'static-slug___ru___default' does not exist @ webpack-internal:///./node_modules/@sentry/utils/esm/instrument.js:118
[   24237ms] [WARNING] [vue-router] Route with name 'calendar___ru___default' does not exist @ webpack-internal:///./node_modules/@sentry/utils/esm/instrument.js:118
[   24238ms] [WARNING] [vue-i18n] Value of key 'Twitter' is not a string or function ! @ webpack-internal:///./node_modules/@sentry/utils/esm/instrument.js:118
[   24238ms] [WARNING] [vue-i18n] Cannot translate the value of keypath 'Twitter'. Use the value of keypath as default. @ webpack-internal:///./node_modules/@sentry/utils/esm/instrument.js:118
[   24238ms] [WARNING] [vue-i18n] Value of key 'Twitter' is not a string or function ! @ webpack-internal:///./node_modules/@sentry/utils/esm/instrument.js:118
[   24238ms] [WARNING] [vue-i18n] Cannot translate the value of keypath 'Twitter'. Use the value of keypath as default. @ webpack-internal:///./node_modules/@sentry/utils/esm/instrument.js:118
[   24239ms] [WARNING] [vue-i18n] Value of key 'Telegram' is not a string or function ! @ webpack-internal:///./node_modules/@sentry/utils/esm/instrument.js:118
[   24239ms] [WARNING] [vue-i18n] Cannot translate the value of keypath 'Telegram'. Use the value of keypath as default. @ webpack-internal:///./node_modules/@sentry/utils/esm/instrument.js:118
[   24239ms] [WARNING] [vue-i18n] Value of key 'Telegram' is not a string or function ! @ webpack-internal:///./node_modules/@sentry/utils/esm/instrument.js:118
[   24239ms] [WARNING] [vue-i18n] Cannot translate the value of keypath 'Telegram'. Use the value of keypath as default. @ webpack-internal:///./node_modules/@sentry/utils/esm/instrument.js:118
[   24263ms] [WARNING] [vue-router] Route with name 'company-brand___ru___default' does not exist @ webpack-internal:///./node_modules/@sentry/utils/esm/instrument.js:118
[   24264ms] [WARNING] [vue-router] Route with name 'static-slug___ru___default' does not exist @ webpack-internal:///./node_modules/@sentry/utils/esm/instrument.js:118
[   24265ms] [WARNING] [vue-router] Route with name 'static-slug___ru___default' does not exist @ webpack-internal:///./node_modules/@sentry/utils/esm/instrument.js:118
[   24266ms] [WARNING] [vue-router] Route with name 'static-slug___ru___default' does not exist @ webpack-internal:///./node_modules/@sentry/utils/esm/instrument.js:118
[   24266ms] [WARNING] [vue-router] Route with name 'calendar___ru___default' does not exist @ webpack-internal:///./node_modules/@sentry/utils/esm/instrument.js:118
[   24267ms] [WARNING] [vue-i18n] Value of key 'Twitter' is not a string or function ! @ webpack-internal:///./node_modules/@sentry/utils/esm/instrument.js:118
[   24267ms] [WARNING] [vue-i18n] Cannot translate the value of keypath 'Twitter'. Use the value of keypath as default. @ webpack-internal:///./node_modules/@sentry/utils/esm/instrument.js:118
[   24267ms] [WARNING] [vue-i18n] Value of key 'Twitter' is not a string or function ! @ webpack-internal:///./node_modules/@sentry/utils/esm/instrument.js:118
[   24267ms] [WARNING] [vue-i18n] Cannot translate the value of keypath 'Twitter'. Use the value of keypath as default. @ webpack-internal:///./node_modules/@sentry/utils/esm/instrument.js:118
[   24268ms] [WARNING] [vue-i18n] Value of key 'Telegram' is not a string or function ! @ webpack-internal:///./node_modules/@sentry/utils/esm/instrument.js:118
[   24268ms] [WARNING] [vue-i18n] Cannot translate the value of keypath 'Telegram'. Use the value of keypath as default. @ webpack-internal:///./node_modules/@sentry/utils/esm/instrument.js:118
[   24268ms] [WARNING] [vue-i18n] Value of key 'Telegram' is not a string or function ! @ webpack-internal:///./node_modules/@sentry/utils/esm/instrument.js:118
[   24268ms] [WARNING] [vue-i18n] Cannot translate the value of keypath 'Telegram'. Use the value of keypath as default. @ webpack-internal:///./node_modules/@sentry/utils/esm/instrument.js:118
[   25372ms] [WARNING] The resource http://localhost:3004/_nuxt/app.99b08ebaf95e50921675.hot-update.js was preloaded using link preload but not used within a few seconds from the window's load event. Please make sure it has an appropriate `as` value and it is preloaded intentionally. @ http://localhost:3004/ru/:0
[   28794ms] [WARNING] [vue-router] Route with name 'index___uz' does not exist @ webpack-internal:///./node_modules/@sentry/utils/esm/instrument.js:118
[   28795ms] [WARNING] [vue-router] Route with name 'index___ru___default' does not exist @ webpack-internal:///./node_modules/@sentry/utils/esm/instrument.js:118
[   31907ms] [WARNING] [vue-router] Route with name 'index___uz' does not exist @ webpack-internal:///./node_modules/@sentry/utils/esm/instrument.js:118
[   31907ms] [WARNING] [vue-router] Route with name 'index___ru___default' does not exist @ webpack-internal:///./node_modules/@sentry/utils/esm/instrument.js:118
[   31919ms] [WARNING] [vue-router] Route with name 'company-brand___ru___default' does not exist @ webpack-internal:///./node_modules/@sentry/utils/esm/instrument.js:118
[   31921ms] [WARNING] [vue-router] Route with name 'static-slug___ru___default' does not exist @ webpack-internal:///./node_modules/@sentry/utils/esm/instrument.js:118
[   31922ms] [WARNING] [vue-router] Route with name 'static-slug___ru___default' does not exist @ webpack-internal:///./node_modules/@sentry/utils/esm/instrument.js:118
[   31923ms] [WARNING] [vue-router] Route with name 'static-slug___ru___default' does not exist @ webpack-internal:///./node_modules/@sentry/utils/esm/instrument.js:118
[   31923ms] [WARNING] [vue-router] Route with name 'calendar___ru___default' does not exist @ webpack-internal:///./node_modules/@sentry/utils/esm/instrument.js:118
[   31924ms] [WARNING] [vue-i18n] Value of key 'Twitter' is not a string or function ! @ webpack-internal:///./node_modules/@sentry/utils/esm/instrument.js:118
[   31924ms] [WARNING] [vue-i18n] Cannot translate the value of keypath 'Twitter'. Use the value of keypath as default. @ webpack-internal:///./node_modules/@sentry/utils/esm/instrument.js:118
[   31925ms] [WARNING] [vue-i18n] Value of key 'Twitter' is not a string or function ! @ webpack-internal:///./node_modules/@sentry/utils/esm/instrument.js:118
[   31925ms] [WARNING] [vue-i18n] Cannot translate the value of keypath 'Twitter'. Use the value of keypath as default. @ webpack-internal:///./node_modules/@sentry/utils/esm/instrument.js:118
[   31925ms] [WARNING] [vue-i18n] Value of key 'Telegram' is not a string or function ! @ webpack-internal:///./node_modules/@sentry/utils/esm/instrument.js:118
[   31925ms] [WARNING] [vue-i18n] Cannot translate the value of keypath 'Telegram'. Use the value of keypath as default. @ webpack-internal:///./node_modules/@sentry/utils/esm/instrument.js:118
[   31925ms] [WARNING] [vue-i18n] Value of key 'Telegram' is not a string or function ! @ webpack-internal:///./node_modules/@sentry/utils/esm/instrument.js:118
[   31926ms] [WARNING] [vue-i18n] Cannot translate the value of keypath 'Telegram'. Use the value of keypath as default. @ webpack-internal:///./node_modules/@sentry/utils/esm/instrument.js:118
[   32883ms] [WARNING] [vue-router] Route with name 'worker-advanced-search___ru___default' does not exist @ webpack-internal:///./node_modules/@sentry/utils/esm/instrument.js:118
[   38594ms] [WARNING] The resource http://localhost:3004/_nuxt/app.99b08ebaf95e50921675.hot-update.js was preloaded using link preload but not used within a few seconds from the window's load event. Please make sure it has an appropriate `as` value and it is preloaded intentionally. @ http://localhost:3004/ru/:0
[ 1804846ms] [LOG] [HMR] bundle rebuilding @ webpack-internal:///./node_modules/@sentry/utils/esm/instrument.js:118
[ 1813607ms] [LOG] [HMR] bundle 'client' rebuilt in 7623ms @ webpack-internal:///./node_modules/@sentry/utils/esm/instrument.js:118
[ 1813614ms] [LOG] [HMR] Checking for updates on the server... @ webpack-internal:///./node_modules/@sentry/utils/esm/instrument.js:118
[ 1813615ms] [LOG] [HMR] bundle rebuilding @ webpack-internal:///./node_modules/@sentry/utils/esm/instrument.js:118
