[     873ms] [INFO] Download the Vue Devtools extension for a better development experience:
https://github.com/vuejs/vue-devtools @ webpack-internal:///./node_modules/vue/dist/vue.runtime.esm.js:8841
[     873ms] [INFO] You are running Vue in development mode.
Make sure to turn on production mode when deploying for production.
See more tips at https://vuejs.org/guide/deployment.html @ webpack-internal:///./node_modules/vue/dist/vue.runtime.esm.js:8849
[     873ms] [INFO] Download the Vue Devtools extension for a better development experience:
https://github.com/vuejs/vue-devtools @ webpack-internal:///./node_modules/vue/dist/vue.runtime.common.dev.js:8719
[     873ms] [INFO] You are running Vue in development mode.
Make sure to turn on production mode when deploying for production.
See more tips at https://vuejs.org/guide/deployment.html @ webpack-internal:///./node_modules/vue/dist/vue.runtime.common.dev.js:8726
[     891ms] [INFO] [nuxt-facebook-pixel-module] You are running in development mode. Set "debug: true" in your nuxt.config.js if you would like to trigger tracking events in local. @ webpack-internal:///./node_modules/@sentry/utils/esm/instrument.js:118
[     979ms] [LOG] [HMR] connected @ webpack-internal:///./node_modules/@sentry/utils/esm/instrument.js:118
[    1026ms] [WARNING] [vue-router] Route with name 'index___uz' does not exist @ webpack-internal:///./node_modules/@sentry/utils/esm/instrument.js:118
[    1028ms] [WARNING] [vue-router] Route with name 'index___ru___default' does not exist @ webpack-internal:///./node_modules/@sentry/utils/esm/instrument.js:118
[    1073ms] [WARNING] [vue-router] Route with name 'index___uz' does not exist @ webpack-internal:///./node_modules/@sentry/utils/esm/instrument.js:118
[    1073ms] [WARNING] [vue-router] Route with name 'index___ru___default' does not exist @ webpack-internal:///./node_modules/@sentry/utils/esm/instrument.js:118
[    4058ms] [WARNING] [vue-router] Route with name 'index___uz' does not exist @ webpack-internal:///./node_modules/@sentry/utils/esm/instrument.js:118
[    4059ms] [WARNING] [vue-router] Route with name 'index___ru___default' does not exist @ webpack-internal:///./node_modules/@sentry/utils/esm/instrument.js:118
[    4413ms] [WARNING] [vue-router] Route with name 'worker-advanced-search___ru___default' does not exist @ webpack-internal:///./node_modules/@sentry/utils/esm/instrument.js:118
[    5486ms] [WARNING] [vue-router] Route with name 'index___uz' does not exist @ webpack-internal:///./node_modules/@sentry/utils/esm/instrument.js:118
[    5487ms] [WARNING] [vue-router] Route with name 'index___ru___default' does not exist @ webpack-internal:///./node_modules/@sentry/utils/esm/instrument.js:118
[    5501ms] [WARNING] [vue-router] Route with name 'company-brand___ru___default' does not exist @ webpack-internal:///./node_modules/@sentry/utils/esm/instrument.js:118
[    5502ms] [WARNING] [vue-router] Route with name 'static-slug___ru___default' does not exist @ webpack-internal:///./node_modules/@sentry/utils/esm/instrument.js:118
[    5503ms] [WARNING] [vue-router] Route with name 'static-slug___ru___default' does not exist @ webpack-internal:///./node_modules/@sentry/utils/esm/instrument.js:118
[    5504ms] [WARNING] [vue-router] Route with name 'static-slug___ru___default' does not exist @ webpack-internal:///./node_modules/@sentry/utils/esm/instrument.js:118
[    5505ms] [WARNING] [vue-router] Route with name 'calendar___ru___default' does not exist @ webpack-internal:///./node_modules/@sentry/utils/esm/instrument.js:118
[    5505ms] [WARNING] [vue-i18n] Value of key 'Twitter' is not a string or function ! @ webpack-internal:///./node_modules/@sentry/utils/esm/instrument.js:118
[    5505ms] [WARNING] [vue-i18n] Cannot translate the value of keypath 'Twitter'. Use the value of keypath as default. @ webpack-internal:///./node_modules/@sentry/utils/esm/instrument.js:118
[    5506ms] [WARNING] [vue-i18n] Value of key 'Twitter' is not a string or function ! @ webpack-internal:///./node_modules/@sentry/utils/esm/instrument.js:118
[    5506ms] [WARNING] [vue-i18n] Cannot translate the value of keypath 'Twitter'. Use the value of keypath as default. @ webpack-internal:///./node_modules/@sentry/utils/esm/instrument.js:118
[    5506ms] [WARNING] [vue-i18n] Value of key 'Telegram' is not a string or function ! @ webpack-internal:///./node_modules/@sentry/utils/esm/instrument.js:118
[    5506ms] [WARNING] [vue-i18n] Cannot translate the value of keypath 'Telegram'. Use the value of keypath as default. @ webpack-internal:///./node_modules/@sentry/utils/esm/instrument.js:118
[    5507ms] [WARNING] [vue-i18n] Value of key 'Telegram' is not a string or function ! @ webpack-internal:///./node_modules/@sentry/utils/esm/instrument.js:118
[    5507ms] [WARNING] [vue-i18n] Cannot translate the value of keypath 'Telegram'. Use the value of keypath as default. @ webpack-internal:///./node_modules/@sentry/utils/esm/instrument.js:118
[    5532ms] [WARNING] [vue-router] Route with name 'company-brand___ru___default' does not exist @ webpack-internal:///./node_modules/@sentry/utils/esm/instrument.js:118
[    5533ms] [WARNING] [vue-router] Route with name 'static-slug___ru___default' does not exist @ webpack-internal:///./node_modules/@sentry/utils/esm/instrument.js:118
[    5534ms] [WARNING] [vue-router] Route with name 'static-slug___ru___default' does not exist @ webpack-internal:///./node_modules/@sentry/utils/esm/instrument.js:118
[    5535ms] [WARNING] [vue-router] Route with name 'static-slug___ru___default' does not exist @ webpack-internal:///./node_modules/@sentry/utils/esm/instrument.js:118
[    5535ms] [WARNING] [vue-router] Route with name 'calendar___ru___default' does not exist @ webpack-internal:///./node_modules/@sentry/utils/esm/instrument.js:118
[    5535ms] [WARNING] [vue-i18n] Value of key 'Twitter' is not a string or function ! @ webpack-internal:///./node_modules/@sentry/utils/esm/instrument.js:118
[    5535ms] [WARNING] [vue-i18n] Cannot translate the value of keypath 'Twitter'. Use the value of keypath as default. @ webpack-internal:///./node_modules/@sentry/utils/esm/instrument.js:118
[    5536ms] [WARNING] [vue-i18n] Value of key 'Twitter' is not a string or function ! @ webpack-internal:///./node_modules/@sentry/utils/esm/instrument.js:118
[    5536ms] [WARNING] [vue-i18n] Cannot translate the value of keypath 'Twitter'. Use the value of keypath as default. @ webpack-internal:///./node_modules/@sentry/utils/esm/instrument.js:118
[    5536ms] [WARNING] [vue-i18n] Value of key 'Telegram' is not a string or function ! @ webpack-internal:///./node_modules/@sentry/utils/esm/instrument.js:118
[    5536ms] [WARNING] [vue-i18n] Cannot translate the value of keypath 'Telegram'. Use the value of keypath as default. @ webpack-internal:///./node_modules/@sentry/utils/esm/instrument.js:118
[    5536ms] [WARNING] [vue-i18n] Value of key 'Telegram' is not a string or function ! @ webpack-internal:///./node_modules/@sentry/utils/esm/instrument.js:118
[    5537ms] [WARNING] [vue-i18n] Cannot translate the value of keypath 'Telegram'. Use the value of keypath as default. @ webpack-internal:///./node_modules/@sentry/utils/esm/instrument.js:118
[    7433ms] [WARNING] The resource http://localhost:3004/_nuxt/app.724457cb11502602e698.hot-update.js was preloaded using link preload but not used within a few seconds from the window's load event. Please make sure it has an appropriate `as` value and it is preloaded intentionally. @ http://localhost:3004/uz/:0
[    9984ms] [WARNING] [vue-router] Route with name 'index___uz' does not exist @ webpack-internal:///./node_modules/@sentry/utils/esm/instrument.js:118
[    9985ms] [WARNING] [vue-router] Route with name 'index___ru___default' does not exist @ webpack-internal:///./node_modules/@sentry/utils/esm/instrument.js:118
[   10977ms] [WARNING] [vue-router] Route with name 'index___uz' does not exist @ webpack-internal:///./node_modules/@sentry/utils/esm/instrument.js:118
[   10978ms] [WARNING] [vue-router] Route with name 'index___ru___default' does not exist @ webpack-internal:///./node_modules/@sentry/utils/esm/instrument.js:118
[   10989ms] [WARNING] [vue-router] Route with name 'company-brand___ru___default' does not exist @ webpack-internal:///./node_modules/@sentry/utils/esm/instrument.js:118
[   10991ms] [WARNING] [vue-router] Route with name 'static-slug___ru___default' does not exist @ webpack-internal:///./node_modules/@sentry/utils/esm/instrument.js:118
[   10991ms] [WARNING] [vue-router] Route with name 'static-slug___ru___default' does not exist @ webpack-internal:///./node_modules/@sentry/utils/esm/instrument.js:118
[   10992ms] [WARNING] [vue-router] Route with name 'static-slug___ru___default' does not exist @ webpack-internal:///./node_modules/@sentry/utils/esm/instrument.js:118
[   10993ms] [WARNING] [vue-router] Route with name 'calendar___ru___default' does not exist @ webpack-internal:///./node_modules/@sentry/utils/esm/instrument.js:118
[   10994ms] [WARNING] [vue-i18n] Value of key 'Twitter' is not a string or function ! @ webpack-internal:///./node_modules/@sentry/utils/esm/instrument.js:118
[   10994ms] [WARNING] [vue-i18n] Cannot translate the value of keypath 'Twitter'. Use the value of keypath as default. @ webpack-internal:///./node_modules/@sentry/utils/esm/instrument.js:118
[   10995ms] [WARNING] [vue-i18n] Value of key 'Twitter' is not a string or function ! @ webpack-internal:///./node_modules/@sentry/utils/esm/instrument.js:118
[   10995ms] [WARNING] [vue-i18n] Cannot translate the value of keypath 'Twitter'. Use the value of keypath as default. @ webpack-internal:///./node_modules/@sentry/utils/esm/instrument.js:118
[   10995ms] [WARNING] [vue-i18n] Value of key 'Telegram' is not a string or function ! @ webpack-internal:///./node_modules/@sentry/utils/esm/instrument.js:118
[   10996ms] [WARNING] [vue-i18n] Cannot translate the value of keypath 'Telegram'. Use the value of keypath as default. @ webpack-internal:///./node_modules/@sentry/utils/esm/instrument.js:118
[   10996ms] [WARNING] [vue-i18n] Value of key 'Telegram' is not a string or function ! @ webpack-internal:///./node_modules/@sentry/utils/esm/instrument.js:118
[   10996ms] [WARNING] [vue-i18n] Cannot translate the value of keypath 'Telegram'. Use the value of keypath as default. @ webpack-internal:///./node_modules/@sentry/utils/esm/instrument.js:118
[   12144ms] [WARNING] [vue-router] Route with name 'worker-advanced-search___ru___default' does not exist @ webpack-internal:///./node_modules/@sentry/utils/esm/instrument.js:118
[   19027ms] [WARNING] The resource http://localhost:3004/_nuxt/app.724457cb11502602e698.hot-update.js was preloaded using link preload but not used within a few seconds from the window's load event. Please make sure it has an appropriate `as` value and it is preloaded intentionally. @ http://localhost:3004/uz/:0
[  106371ms] [LOG] [HMR] bundle rebuilding @ webpack-internal:///./node_modules/@sentry/utils/esm/instrument.js:118
[  117525ms] [LOG] [HMR] bundle 'client' rebuilt in 10041ms @ webpack-internal:///./node_modules/@sentry/utils/esm/instrument.js:118
[  117531ms] [LOG] [HMR] Checking for updates on the server... @ webpack-internal:///./node_modules/@sentry/utils/esm/instrument.js:118
[  117532ms] [LOG] [HMR] bundle rebuilding @ webpack-internal:///./node_modules/@sentry/utils/esm/instrument.js:118
[  125146ms] [LOG] [HMR] bundle 'client' rebuilt in 6522ms @ webpack-internal:///./node_modules/@sentry/utils/esm/instrument.js:118
[  125152ms] [LOG] [HMR] bundle rebuilding @ webpack-internal:///./node_modules/@sentry/utils/esm/instrument.js:118
[  133316ms] [LOG] [HMR] bundle 'client' rebuilt in 7071ms @ webpack-internal:///./node_modules/@sentry/utils/esm/instrument.js:118
[  133323ms] [LOG] [HMR] bundle rebuilding @ webpack-internal:///./node_modules/@sentry/utils/esm/instrument.js:118
[  133326ms] [WARNING] Ignored an update to unaccepted module ./languages/ru.js -> ./.nuxt/nuxt-i18n/options.js -> ./.nuxt/nuxt-i18n/plugin.main.js -> ./.nuxt/index.js -> ./.nuxt/client.js -> 0 @ webpack-internal:///./node_modules/@sentry/utils/esm/instrument.js:118
[  133328ms] [WARNING] [HMR] The following modules couldn't be hot updated: (Full reload needed)
This is usually because the modules which have changed (and their parents) do not know how to hot reload themselves. See https://webpack.js.org/concepts/hot-module-replacement/ for more details. @ webpack-internal:///./node_modules/@sentry/utils/esm/instrument.js:118
[  133328ms] [WARNING] [HMR]  - ./languages/ru.js @ webpack-internal:///./node_modules/@sentry/utils/esm/instrument.js:118
[  133328ms] [WARNING] [HMR] Reloading page @ webpack-internal:///./node_modules/@sentry/utils/esm/instrument.js:118
