[     743ms] [INFO] Download the Vue Devtools extension for a better development experience:
https://github.com/vuejs/vue-devtools @ webpack-internal:///./node_modules/vue/dist/vue.runtime.esm.js:8841
[     743ms] [INFO] You are running Vue in development mode.
Make sure to turn on production mode when deploying for production.
See more tips at https://vuejs.org/guide/deployment.html @ webpack-internal:///./node_modules/vue/dist/vue.runtime.esm.js:8849
[     743ms] [INFO] Download the Vue Devtools extension for a better development experience:
https://github.com/vuejs/vue-devtools @ webpack-internal:///./node_modules/vue/dist/vue.runtime.common.dev.js:8719
[     744ms] [INFO] You are running Vue in development mode.
Make sure to turn on production mode when deploying for production.
See more tips at https://vuejs.org/guide/deployment.html @ webpack-internal:///./node_modules/vue/dist/vue.runtime.common.dev.js:8726
[     783ms] [INFO] [nuxt-facebook-pixel-module] You are running in development mode. Set "debug: true" in your nuxt.config.js if you would like to trigger tracking events in local. @ webpack-internal:///./node_modules/@sentry/utils/esm/instrument.js:118
[     846ms] [LOG] [HMR] connected @ webpack-internal:///./node_modules/@sentry/utils/esm/instrument.js:118
[    3478ms] [ERROR] Failed to load resource: the server responded with a status of 401 (Unauthorized) @ http://localhost:8000/api/v1/resume/GetMyResumes?exclude_default=false:0
[    3527ms] Error: Request failed with status code 401
    at createError (webpack-internal:///./node_modules/axios/lib/core/createError.js:16:15)
    at settle (webpack-internal:///./node_modules/axios/lib/core/settle.js:17:12)
    at XMLHttpRequest.onloadend (webpack-internal:///./node_modules/axios/lib/adapters/xhr.js:66:7)
[    4630ms] [WARNING] [vue-i18n] Value of key 'Twitter' is not a string or function ! @ webpack-internal:///./node_modules/@sentry/utils/esm/instrument.js:118
[    4631ms] [WARNING] [vue-i18n] Cannot translate the value of keypath 'Twitter'. Use the value of keypath as default. @ webpack-internal:///./node_modules/@sentry/utils/esm/instrument.js:118
[    4631ms] [WARNING] [vue-i18n] Value of key 'Twitter' is not a string or function ! @ webpack-internal:///./node_modules/@sentry/utils/esm/instrument.js:118
[    4631ms] [WARNING] [vue-i18n] Cannot translate the value of keypath 'Twitter'. Use the value of keypath as default. @ webpack-internal:///./node_modules/@sentry/utils/esm/instrument.js:118
[    4631ms] [WARNING] [vue-i18n] Value of key 'Telegram' is not a string or function ! @ webpack-internal:///./node_modules/@sentry/utils/esm/instrument.js:118
[    4632ms] [WARNING] [vue-i18n] Cannot translate the value of keypath 'Telegram'. Use the value of keypath as default. @ webpack-internal:///./node_modules/@sentry/utils/esm/instrument.js:118
[    4632ms] [WARNING] [vue-i18n] Value of key 'Telegram' is not a string or function ! @ webpack-internal:///./node_modules/@sentry/utils/esm/instrument.js:118
[    4632ms] [WARNING] [vue-i18n] Cannot translate the value of keypath 'Telegram'. Use the value of keypath as default. @ webpack-internal:///./node_modules/@sentry/utils/esm/instrument.js:118
[    4656ms] [WARNING] [vue-i18n] Value of key 'Twitter' is not a string or function ! @ webpack-internal:///./node_modules/@sentry/utils/esm/instrument.js:118
[    4656ms] [WARNING] [vue-i18n] Cannot translate the value of keypath 'Twitter'. Use the value of keypath as default. @ webpack-internal:///./node_modules/@sentry/utils/esm/instrument.js:118
[    4656ms] [WARNING] [vue-i18n] Value of key 'Twitter' is not a string or function ! @ webpack-internal:///./node_modules/@sentry/utils/esm/instrument.js:118
[    4657ms] [WARNING] [vue-i18n] Cannot translate the value of keypath 'Twitter'. Use the value of keypath as default. @ webpack-internal:///./node_modules/@sentry/utils/esm/instrument.js:118
[    4657ms] [WARNING] [vue-i18n] Value of key 'Telegram' is not a string or function ! @ webpack-internal:///./node_modules/@sentry/utils/esm/instrument.js:118
[    4657ms] [WARNING] [vue-i18n] Cannot translate the value of keypath 'Telegram'. Use the value of keypath as default. @ webpack-internal:///./node_modules/@sentry/utils/esm/instrument.js:118
[    4657ms] [WARNING] [vue-i18n] Value of key 'Telegram' is not a string or function ! @ webpack-internal:///./node_modules/@sentry/utils/esm/instrument.js:118
[    4657ms] [WARNING] [vue-i18n] Cannot translate the value of keypath 'Telegram'. Use the value of keypath as default. @ webpack-internal:///./node_modules/@sentry/utils/esm/instrument.js:118
[    4841ms] [ERROR] Failed to load resource: the server responded with a status of 401 (Unauthorized) @ http://localhost:8000/api/v1/resume/GetMyResumes?exclude_default=false:0
[    4843ms] Error: Request failed with status code 401
    at createError (webpack-internal:///./node_modules/axios/lib/core/createError.js:16:15)
    at settle (webpack-internal:///./node_modules/axios/lib/core/settle.js:17:12)
    at XMLHttpRequest.onloadend (webpack-internal:///./node_modules/axios/lib/adapters/xhr.js:66:7)
[   11188ms] [WARNING] The resource http://localhost:3004/_nuxt/app.d1df54583b0bef88523a.hot-update.js was preloaded using link preload but not used within a few seconds from the window's load event. Please make sure it has an appropriate `as` value and it is preloaded intentionally. @ http://localhost:3004/ru/worker/vacancy:0
[   12566ms] [ERROR] Failed to load resource: the server responded with a status of 404 (Not Found) @ http://localhost:8000/api/v1/company/vacancy/search/?page_size=12&status__terms=1__2__3&published_at__gte=&region=&salary_from__gte=&salary_to__lte=&salary_type__terms=1__2:0
[   12583ms] Error: Request failed with status code 404
    at createError (webpack-internal:///./node_modules/axios/lib/core/createError.js:16:15)
    at settle (webpack-internal:///./node_modules/axios/lib/core/settle.js:17:12)
    at XMLHttpRequest.onloadend (webpack-internal:///./node_modules/axios/lib/adapters/xhr.js:66:7)
[   18825ms] [WARNING] The resource http://localhost:3004/_nuxt/app.d1df54583b0bef88523a.hot-update.js was preloaded using link preload but not used within a few seconds from the window's load event. Please make sure it has an appropriate `as` value and it is preloaded intentionally. @ http://localhost:3004/ru/worker/vacancy?district=:0
