[    1175ms] [INFO] Download the Vue Devtools extension for a better development experience:
https://github.com/vuejs/vue-devtools @ webpack-internal:///./node_modules/vue/dist/vue.runtime.esm.js:8841
[    1176ms] [INFO] You are running Vue in development mode.
Make sure to turn on production mode when deploying for production.
See more tips at https://vuejs.org/guide/deployment.html @ webpack-internal:///./node_modules/vue/dist/vue.runtime.esm.js:8849
[    1177ms] [INFO] Download the Vue Devtools extension for a better development experience:
https://github.com/vuejs/vue-devtools @ webpack-internal:///./node_modules/vue/dist/vue.runtime.common.dev.js:8719
[    1177ms] [INFO] You are running Vue in development mode.
Make sure to turn on production mode when deploying for production.
See more tips at https://vuejs.org/guide/deployment.html @ webpack-internal:///./node_modules/vue/dist/vue.runtime.common.dev.js:8726
[    1189ms] [INFO] [nuxt-facebook-pixel-module] You are running in development mode. Set "debug: true" in your nuxt.config.js if you would like to trigger tracking events in local. @ webpack-internal:///./node_modules/@sentry/utils/esm/instrument.js:118
[    1243ms] [ERROR] Failed to load resource: net::ERR_CERT_COMMON_NAME_INVALID @ https://mc.yandex.com/watch/86396634?wmode=7&page-url=http%3A%2F%2Flocalhost%3A3004%2F&charset=utf-8&uah=chu%0A%22Chromium%22%3Bv%3D%22146%22%2C%22Not-A.Brand%22%3Bv%3D%2224%22%2C%22Google%20Chrome%22%3Bv%3D%22146%22%0Acha%0Ax86%0Achb%0A64%0Achf%0A146.0.7680.178%0Achl%0A%22Chromium%22%3Bv%3D%22146.0.7680.178%22%2C%22Not-A.Brand%22%3Bv%3D%2224.0.0.0%22%2C%22Google%20Chrome%22%3Bv%3D%22146.0.7680.178%22%0Achm%0A%3F0%0Achp%0AWindows%0Achv%0A19.0.0&browser-info=pv%3A1%3Avf%3Acw41qwg7gpyuh49ouuxh6e1csmxuj%3Afu%3A0%3Aen%3Autf-8%3Ala%3Aen-US%3Av%3A2450%3Acn%3A1%3Adp%3A0%3Als%3A1427024778780%3Ahid%3A36399201%3Az%3A180%3Ai%3A20260412094345%3Aet%3A1775976225%3Ac%3A1%3Arn%3A703617387%3Arqn%3A83%3Au%3A1775960619316618017%3Aw%3A1920x893%3As%3A1920x1080x32%3Ask%3A1%3Awv%3A2%3Ads%3A0%2C299%2C3%2C1%2C1%2C0%2C%2C866%2C0%2C%2C%2C%2C1171%3Aco%3A0%3Acpf%3A1%3Ans%3A1775976223883%3Agi%3AR0ExLjEuNTM1MTMxNjA0LjE3NzU5NjAxOTk%3D%3Aadb%3A2%3Arqnl%3A1%3Ast%3A1775976225%3At%3A%D0%9D%D0%B0%D0%B9%D1%82%D0%B8%20%D1%80%D0%B0%D0%B1%D0%BE%D1%82%D1%83%20%D0%B2%20%D0%A2%D0%B0%D1%88%D0%BA%D0%B5%D0%BD%D1%82%D0%B5%20%D0%B8%20%D0%B2%20%D0%A3%D0%B7%D0%B1%D0%B5%D0%BA%D0%B8%D1%81%D1%82%D0%B0%D0%BD%D0%B5&t=gdpr(14)clc(0-0-0)rqnt(1)aw(1)rcm(0)cdl(na)eco(42009088)ti(1):0
[    1262ms] [LOG] [HMR] connected @ webpack-internal:///./node_modules/@sentry/utils/esm/instrument.js:118
[    1271ms] [ERROR] Failed to load resource: net::ERR_CERT_COMMON_NAME_INVALID @ https://mc.yandex.com/watch/86396634?wmode=7&page-url=http%3A%2F%2Flocalhost%3A3004%2F&charset=utf-8&uah=chu%0A%22Chromium%22%3Bv%3D%22146%22%2C%22Not-A.Brand%22%3Bv%3D%2224%22%2C%22Google%20Chrome%22%3Bv%3D%22146%22%0Acha%0Ax86%0Achb%0A64%0Achf%0A146.0.7680.178%0Achl%0A%22Chromium%22%3Bv%3D%22146.0.7680.178%22%2C%22Not-A.Brand%22%3Bv%3D%2224.0.0.0%22%2C%22Google%20Chrome%22%3Bv%3D%22146.0.7680.178%22%0Achm%0A%3F0%0Achp%0AWindows%0Achv%0A19.0.0&browser-info=pv%3A1%3Avf%3Acw41qwg7gpyuh49ouuxh6e1csmxuj%3Afu%3A0%3Aen%3Autf-8%3Ala%3Aen-US%3Av%3A2450%3Acn%3A1%3Adp%3A0%3Als%3A1427024778780%3Ahid%3A36399201%3Az%3A180%3Ai%3A20260412094345%3Aet%3A1775976225%3Ac%3A1%3Arn%3A703617387%3Arqn%3A83%3Au%3A1775960619316618017%3Aw%3A1920x893%3As%3A1920x1080x32%3Ask%3A1%3Awv%3A2%3Ads%3A0%2C299%2C3%2C1%2C1%2C0%2C%2C866%2C0%2C%2C%2C%2C1171%3Aco%3A0%3Acpf%3A1%3Ans%3A1775976223883%3Agi%3AR0ExLjEuNTM1MTMxNjA0LjE3NzU5NjAxOTk%3D%3Aadb%3A2%3Arqnl%3A1%3Ast%3A1775976225%3At%3A%D0%9D%D0%B0%D0%B9%D1%82%D0%B8%20%D1%80%D0%B0%D0%B1%D0%BE%D1%82%D1%83%20%D0%B2%20%D0%A2%D0%B0%D1%88%D0%BA%D0%B5%D0%BD%D1%82%D0%B5%20%D0%B8%20%D0%B2%20%D0%A3%D0%B7%D0%B1%D0%B5%D0%BA%D0%B8%D1%81%D1%82%D0%B0%D0%BD%D0%B5&t=gdpr(14)clc(0-0-0)rqnt(1)aw(1)rcm(0)cdl(na)eco(42009088)ti(2):0
[    1292ms] [ERROR] Failed to load resource: net::ERR_CERT_COMMON_NAME_INVALID @ https://mc.yandex.com/watch/86396634?callback=_ymjsp340015573&page-url=http%3A%2F%2Flocalhost%3A3004%2F&charset=utf-8&uah=chu%0A%22Chromium%22%3Bv%3D%22146%22%2C%22Not-A.Brand%22%3Bv%3D%2224%22%2C%22Google%20Chrome%22%3Bv%3D%22146%22%0Acha%0Ax86%0Achb%0A64%0Achf%0A146.0.7680.178%0Achl%0A%22Chromium%22%3Bv%3D%22146.0.7680.178%22%2C%22Not-A.Brand%22%3Bv%3D%2224.0.0.0%22%2C%22Google%20Chrome%22%3Bv%3D%22146.0.7680.178%22%0Achm%0A%3F0%0Achp%0AWindows%0Achv%0A19.0.0&browser-info=pv%3A1%3Avf%3Acw41qwg7gpyuh49ouuxh6e1csmxuj%3Afu%3A0%3Aen%3Autf-8%3Ala%3Aen-US%3Av%3A2450%3Acn%3A1%3Adp%3A0%3Als%3A1427024778780%3Ahid%3A36399201%3Az%3A180%3Ai%3A20260412094345%3Aet%3A1775976225%3Ac%3A1%3Arn%3A703617387%3Arqn%3A83%3Au%3A1775960619316618017%3Aw%3A1920x893%3As%3A1920x1080x32%3Ask%3A1%3Awv%3A2%3Ads%3A0%2C299%2C3%2C1%2C1%2C0%2C%2C866%2C0%2C%2C%2C%2C1171%3Aco%3A0%3Acpf%3A1%3Ans%3A1775976223883%3Agi%3AR0ExLjEuNTM1MTMxNjA0LjE3NzU5NjAxOTk%3D%3Aadb%3A2%3Arqnl%3A1%3Ast%3A1775976225%3At%3A%D0%9D%D0%B0%D0%B9%D1%82%D0%B8%20%D1%80%D0%B0%D0%B1%D0%BE%D1%82%D1%83%20%D0%B2%20%D0%A2%D0%B0%D1%88%D0%BA%D0%B5%D0%BD%D1%82%D0%B5%20%D0%B8%20%D0%B2%20%D0%A3%D0%B7%D0%B1%D0%B5%D0%BA%D0%B8%D1%81%D1%82%D0%B0%D0%BD%D0%B5&t=gdpr(14)clc(0-0-0)rqnt(1)aw(1)rcm(0)cdl(na)eco(42009088)ti(3)&wmode=5:0
[    4374ms] [WARNING] [vue-i18n] Value of key 'Twitter' is not a string or function ! @ webpack-internal:///./node_modules/@sentry/utils/esm/instrument.js:118
[    4375ms] [WARNING] [vue-i18n] Cannot translate the value of keypath 'Twitter'. Use the value of keypath as default. @ webpack-internal:///./node_modules/@sentry/utils/esm/instrument.js:118
[    4375ms] [WARNING] [vue-i18n] Value of key 'Twitter' is not a string or function ! @ webpack-internal:///./node_modules/@sentry/utils/esm/instrument.js:118
[    4375ms] [WARNING] [vue-i18n] Cannot translate the value of keypath 'Twitter'. Use the value of keypath as default. @ webpack-internal:///./node_modules/@sentry/utils/esm/instrument.js:118
[    4376ms] [WARNING] [vue-i18n] Value of key 'Telegram' is not a string or function ! @ webpack-internal:///./node_modules/@sentry/utils/esm/instrument.js:118
[    4376ms] [WARNING] [vue-i18n] Cannot translate the value of keypath 'Telegram'. Use the value of keypath as default. @ webpack-internal:///./node_modules/@sentry/utils/esm/instrument.js:118
[    4376ms] [WARNING] [vue-i18n] Value of key 'Telegram' is not a string or function ! @ webpack-internal:///./node_modules/@sentry/utils/esm/instrument.js:118
[    4377ms] [WARNING] [vue-i18n] Cannot translate the value of keypath 'Telegram'. Use the value of keypath as default. @ webpack-internal:///./node_modules/@sentry/utils/esm/instrument.js:118
[    4400ms] [WARNING] [vue-i18n] Value of key 'Twitter' is not a string or function ! @ webpack-internal:///./node_modules/@sentry/utils/esm/instrument.js:118
[    4400ms] [WARNING] [vue-i18n] Cannot translate the value of keypath 'Twitter'. Use the value of keypath as default. @ webpack-internal:///./node_modules/@sentry/utils/esm/instrument.js:118
[    4400ms] [WARNING] [vue-i18n] Value of key 'Twitter' is not a string or function ! @ webpack-internal:///./node_modules/@sentry/utils/esm/instrument.js:118
[    4400ms] [WARNING] [vue-i18n] Cannot translate the value of keypath 'Twitter'. Use the value of keypath as default. @ webpack-internal:///./node_modules/@sentry/utils/esm/instrument.js:118
[    4400ms] [WARNING] [vue-i18n] Value of key 'Telegram' is not a string or function ! @ webpack-internal:///./node_modules/@sentry/utils/esm/instrument.js:118
[    4400ms] [WARNING] [vue-i18n] Cannot translate the value of keypath 'Telegram'. Use the value of keypath as default. @ webpack-internal:///./node_modules/@sentry/utils/esm/instrument.js:118
[    4401ms] [WARNING] [vue-i18n] Value of key 'Telegram' is not a string or function ! @ webpack-internal:///./node_modules/@sentry/utils/esm/instrument.js:118
[    4401ms] [WARNING] [vue-i18n] Cannot translate the value of keypath 'Telegram'. Use the value of keypath as default. @ webpack-internal:///./node_modules/@sentry/utils/esm/instrument.js:118
[    7560ms] [WARNING] [vue-i18n] Value of key 'Twitter' is not a string or function ! @ webpack-internal:///./node_modules/@sentry/utils/esm/instrument.js:118
[    7561ms] [WARNING] [vue-i18n] Cannot translate the value of keypath 'Twitter'. Use the value of keypath as default. @ webpack-internal:///./node_modules/@sentry/utils/esm/instrument.js:118
[    7561ms] [WARNING] [vue-i18n] Value of key 'Twitter' is not a string or function ! @ webpack-internal:///./node_modules/@sentry/utils/esm/instrument.js:118
[    7561ms] [WARNING] [vue-i18n] Cannot translate the value of keypath 'Twitter'. Use the value of keypath as default. @ webpack-internal:///./node_modules/@sentry/utils/esm/instrument.js:118
[    7561ms] [WARNING] [vue-i18n] Value of key 'Telegram' is not a string or function ! @ webpack-internal:///./node_modules/@sentry/utils/esm/instrument.js:118
[    7561ms] [WARNING] [vue-i18n] Cannot translate the value of keypath 'Telegram'. Use the value of keypath as default. @ webpack-internal:///./node_modules/@sentry/utils/esm/instrument.js:118
[    7562ms] [WARNING] [vue-i18n] Value of key 'Telegram' is not a string or function ! @ webpack-internal:///./node_modules/@sentry/utils/esm/instrument.js:118
[    7562ms] [WARNING] [vue-i18n] Cannot translate the value of keypath 'Telegram'. Use the value of keypath as default. @ webpack-internal:///./node_modules/@sentry/utils/esm/instrument.js:118
[  331996ms] [WARNING] [vue-i18n] Value of key 'Twitter' is not a string or function ! @ webpack-internal:///./node_modules/@sentry/utils/esm/instrument.js:118
[  331996ms] [WARNING] [vue-i18n] Cannot translate the value of keypath 'Twitter'. Use the value of keypath as default. @ webpack-internal:///./node_modules/@sentry/utils/esm/instrument.js:118
[  331996ms] [WARNING] [vue-i18n] Value of key 'Twitter' is not a string or function ! @ webpack-internal:///./node_modules/@sentry/utils/esm/instrument.js:118
[  331996ms] [WARNING] [vue-i18n] Cannot translate the value of keypath 'Twitter'. Use the value of keypath as default. @ webpack-internal:///./node_modules/@sentry/utils/esm/instrument.js:118
[  331996ms] [WARNING] [vue-i18n] Value of key 'Telegram' is not a string or function ! @ webpack-internal:///./node_modules/@sentry/utils/esm/instrument.js:118
[  331996ms] [WARNING] [vue-i18n] Cannot translate the value of keypath 'Telegram'. Use the value of keypath as default. @ webpack-internal:///./node_modules/@sentry/utils/esm/instrument.js:118
[  331997ms] [WARNING] [vue-i18n] Value of key 'Telegram' is not a string or function ! @ webpack-internal:///./node_modules/@sentry/utils/esm/instrument.js:118
[  331997ms] [WARNING] [vue-i18n] Cannot translate the value of keypath 'Telegram'. Use the value of keypath as default. @ webpack-internal:///./node_modules/@sentry/utils/esm/instrument.js:118
[  332008ms] [WARNING] [vue-i18n] Value of key 'Twitter' is not a string or function ! @ webpack-internal:///./node_modules/@sentry/utils/esm/instrument.js:118
[  332008ms] [WARNING] [vue-i18n] Cannot translate the value of keypath 'Twitter'. Use the value of keypath as default. @ webpack-internal:///./node_modules/@sentry/utils/esm/instrument.js:118
[  332008ms] [WARNING] [vue-i18n] Value of key 'Twitter' is not a string or function ! @ webpack-internal:///./node_modules/@sentry/utils/esm/instrument.js:118
[  332008ms] [WARNING] [vue-i18n] Cannot translate the value of keypath 'Twitter'. Use the value of keypath as default. @ webpack-internal:///./node_modules/@sentry/utils/esm/instrument.js:118
[  332008ms] [WARNING] [vue-i18n] Value of key 'Telegram' is not a string or function ! @ webpack-internal:///./node_modules/@sentry/utils/esm/instrument.js:118
[  332009ms] [WARNING] [vue-i18n] Cannot translate the value of keypath 'Telegram'. Use the value of keypath as default. @ webpack-internal:///./node_modules/@sentry/utils/esm/instrument.js:118
[  332009ms] [WARNING] [vue-i18n] Value of key 'Telegram' is not a string or function ! @ webpack-internal:///./node_modules/@sentry/utils/esm/instrument.js:118
[  332009ms] [WARNING] [vue-i18n] Cannot translate the value of keypath 'Telegram'. Use the value of keypath as default. @ webpack-internal:///./node_modules/@sentry/utils/esm/instrument.js:118
[  332725ms] [LOG] {id: 1, user_info: null, name: null, comment: asdasdasd} @ webpack-internal:///./node_modules/@sentry/utils/esm/instrument.js:118
[  332726ms] [WARNING] [vue-i18n] Value of key 'reg.undefined' is not a string or function ! @ webpack-internal:///./node_modules/@sentry/utils/esm/instrument.js:118
[  332726ms] [WARNING] [vue-i18n] Cannot translate the value of keypath 'reg.undefined'. Use the value of keypath as default. @ webpack-internal:///./node_modules/@sentry/utils/esm/instrument.js:118
[  333323ms] [WARNING] [vue-i18n] Value of key 'Twitter' is not a string or function ! @ webpack-internal:///./node_modules/@sentry/utils/esm/instrument.js:118
[  333324ms] [WARNING] [vue-i18n] Cannot translate the value of keypath 'Twitter'. Use the value of keypath as default. @ webpack-internal:///./node_modules/@sentry/utils/esm/instrument.js:118
[  333324ms] [WARNING] [vue-i18n] Value of key 'Twitter' is not a string or function ! @ webpack-internal:///./node_modules/@sentry/utils/esm/instrument.js:118
[  333324ms] [WARNING] [vue-i18n] Cannot translate the value of keypath 'Twitter'. Use the value of keypath as default. @ webpack-internal:///./node_modules/@sentry/utils/esm/instrument.js:118
[  333324ms] [WARNING] [vue-i18n] Value of key 'Telegram' is not a string or function ! @ webpack-internal:///./node_modules/@sentry/utils/esm/instrument.js:118
[  333324ms] [WARNING] [vue-i18n] Cannot translate the value of keypath 'Telegram'. Use the value of keypath as default. @ webpack-internal:///./node_modules/@sentry/utils/esm/instrument.js:118
[  333324ms] [WARNING] [vue-i18n] Value of key 'Telegram' is not a string or function ! @ webpack-internal:///./node_modules/@sentry/utils/esm/instrument.js:118
[  333324ms] [WARNING] [vue-i18n] Cannot translate the value of keypath 'Telegram'. Use the value of keypath as default. @ webpack-internal:///./node_modules/@sentry/utils/esm/instrument.js:118
[  334233ms] [WARNING] [vue-i18n] Value of key 'Twitter' is not a string or function ! @ webpack-internal:///./node_modules/@sentry/utils/esm/instrument.js:118
[  334233ms] [WARNING] [vue-i18n] Cannot translate the value of keypath 'Twitter'. Use the value of keypath as default. @ webpack-internal:///./node_modules/@sentry/utils/esm/instrument.js:118
[  334233ms] [WARNING] [vue-i18n] Value of key 'Twitter' is not a string or function ! @ webpack-internal:///./node_modules/@sentry/utils/esm/instrument.js:118
[  334233ms] [WARNING] [vue-i18n] Cannot translate the value of keypath 'Twitter'. Use the value of keypath as default. @ webpack-internal:///./node_modules/@sentry/utils/esm/instrument.js:118
[  334233ms] [WARNING] [vue-i18n] Value of key 'Telegram' is not a string or function ! @ webpack-internal:///./node_modules/@sentry/utils/esm/instrument.js:118
[  334233ms] [WARNING] [vue-i18n] Cannot translate the value of keypath 'Telegram'. Use the value of keypath as default. @ webpack-internal:///./node_modules/@sentry/utils/esm/instrument.js:118
[  334233ms] [WARNING] [vue-i18n] Value of key 'Telegram' is not a string or function ! @ webpack-internal:///./node_modules/@sentry/utils/esm/instrument.js:118
[  334233ms] [WARNING] [vue-i18n] Cannot translate the value of keypath 'Telegram'. Use the value of keypath as default. @ webpack-internal:///./node_modules/@sentry/utils/esm/instrument.js:118
[  334273ms] [WARNING] [vue-i18n] Value of key 'Twitter' is not a string or function ! @ webpack-internal:///./node_modules/@sentry/utils/esm/instrument.js:118
[  334274ms] [WARNING] [vue-i18n] Cannot translate the value of keypath 'Twitter'. Use the value of keypath as default. @ webpack-internal:///./node_modules/@sentry/utils/esm/instrument.js:118
[  334274ms] [WARNING] [vue-i18n] Value of key 'Twitter' is not a string or function ! @ webpack-internal:///./node_modules/@sentry/utils/esm/instrument.js:118
[  334274ms] [WARNING] [vue-i18n] Cannot translate the value of keypath 'Twitter'. Use the value of keypath as default. @ webpack-internal:///./node_modules/@sentry/utils/esm/instrument.js:118
[  334274ms] [WARNING] [vue-i18n] Value of key 'Telegram' is not a string or function ! @ webpack-internal:///./node_modules/@sentry/utils/esm/instrument.js:118
[  334274ms] [WARNING] [vue-i18n] Cannot translate the value of keypath 'Telegram'. Use the value of keypath as default. @ webpack-internal:///./node_modules/@sentry/utils/esm/instrument.js:118
[  334274ms] [WARNING] [vue-i18n] Value of key 'Telegram' is not a string or function ! @ webpack-internal:///./node_modules/@sentry/utils/esm/instrument.js:118
[  334274ms] [WARNING] [vue-i18n] Cannot translate the value of keypath 'Telegram'. Use the value of keypath as default. @ webpack-internal:///./node_modules/@sentry/utils/esm/instrument.js:118
[  334318ms] [WARNING] [vue-i18n] Value of key 'Twitter' is not a string or function ! @ webpack-internal:///./node_modules/@sentry/utils/esm/instrument.js:118
[  334319ms] [WARNING] [vue-i18n] Cannot translate the value of keypath 'Twitter'. Use the value of keypath as default. @ webpack-internal:///./node_modules/@sentry/utils/esm/instrument.js:118
[  334319ms] [WARNING] [vue-i18n] Value of key 'Twitter' is not a string or function ! @ webpack-internal:///./node_modules/@sentry/utils/esm/instrument.js:118
[  334319ms] [WARNING] [vue-i18n] Cannot translate the value of keypath 'Twitter'. Use the value of keypath as default. @ webpack-internal:///./node_modules/@sentry/utils/esm/instrument.js:118
[  334320ms] [WARNING] [vue-i18n] Value of key 'Telegram' is not a string or function ! @ webpack-internal:///./node_modules/@sentry/utils/esm/instrument.js:118
[  334320ms] [WARNING] [vue-i18n] Cannot translate the value of keypath 'Telegram'. Use the value of keypath as default. @ webpack-internal:///./node_modules/@sentry/utils/esm/instrument.js:118
[  334320ms] [WARNING] [vue-i18n] Value of key 'Telegram' is not a string or function ! @ webpack-internal:///./node_modules/@sentry/utils/esm/instrument.js:118
[  334320ms] [WARNING] [vue-i18n] Cannot translate the value of keypath 'Telegram'. Use the value of keypath as default. @ webpack-internal:///./node_modules/@sentry/utils/esm/instrument.js:118
[  334742ms] [WARNING] [vue-i18n] Value of key 'Twitter' is not a string or function ! @ webpack-internal:///./node_modules/@sentry/utils/esm/instrument.js:118
[  334743ms] [WARNING] [vue-i18n] Cannot translate the value of keypath 'Twitter'. Use the value of keypath as default. @ webpack-internal:///./node_modules/@sentry/utils/esm/instrument.js:118
[  334743ms] [WARNING] [vue-i18n] Value of key 'Twitter' is not a string or function ! @ webpack-internal:///./node_modules/@sentry/utils/esm/instrument.js:118
[  334743ms] [WARNING] [vue-i18n] Cannot translate the value of keypath 'Twitter'. Use the value of keypath as default. @ webpack-internal:///./node_modules/@sentry/utils/esm/instrument.js:118
[  334743ms] [WARNING] [vue-i18n] Value of key 'Telegram' is not a string or function ! @ webpack-internal:///./node_modules/@sentry/utils/esm/instrument.js:118
[  334743ms] [WARNING] [vue-i18n] Cannot translate the value of keypath 'Telegram'. Use the value of keypath as default. @ webpack-internal:///./node_modules/@sentry/utils/esm/instrument.js:118
[  334743ms] [WARNING] [vue-i18n] Value of key 'Telegram' is not a string or function ! @ webpack-internal:///./node_modules/@sentry/utils/esm/instrument.js:118
[  334743ms] [WARNING] [vue-i18n] Cannot translate the value of keypath 'Telegram'. Use the value of keypath as default. @ webpack-internal:///./node_modules/@sentry/utils/esm/instrument.js:118
[  337650ms] [WARNING] [vue-i18n] Value of key 'Twitter' is not a string or function ! @ webpack-internal:///./node_modules/@sentry/utils/esm/instrument.js:118
[  337650ms] [WARNING] [vue-i18n] Cannot translate the value of keypath 'Twitter'. Use the value of keypath as default. @ webpack-internal:///./node_modules/@sentry/utils/esm/instrument.js:118
[  337651ms] [WARNING] [vue-i18n] Value of key 'Twitter' is not a string or function ! @ webpack-internal:///./node_modules/@sentry/utils/esm/instrument.js:118
[  337651ms] [WARNING] [vue-i18n] Cannot translate the value of keypath 'Twitter'. Use the value of keypath as default. @ webpack-internal:///./node_modules/@sentry/utils/esm/instrument.js:118
[  337651ms] [WARNING] [vue-i18n] Value of key 'Telegram' is not a string or function ! @ webpack-internal:///./node_modules/@sentry/utils/esm/instrument.js:118
[  337651ms] [WARNING] [vue-i18n] Cannot translate the value of keypath 'Telegram'. Use the value of keypath as default. @ webpack-internal:///./node_modules/@sentry/utils/esm/instrument.js:118
[  337651ms] [WARNING] [vue-i18n] Value of key 'Telegram' is not a string or function ! @ webpack-internal:///./node_modules/@sentry/utils/esm/instrument.js:118
[  337651ms] [WARNING] [vue-i18n] Cannot translate the value of keypath 'Telegram'. Use the value of keypath as default. @ webpack-internal:///./node_modules/@sentry/utils/esm/instrument.js:118
[  339640ms] [VERBOSE] [DOM] Input elements should have autocomplete attributes (suggested: "current-password"): (More info: https://goo.gl/9p2vKq) %o @ http://localhost:3004/ru/worker/login:0
[  343479ms] [WARNING] [vue-i18n] Value of key 'Experience' is not a string or function ! @ webpack-internal:///./node_modules/@sentry/utils/esm/instrument.js:118
[  343480ms] [WARNING] [vue-i18n] Cannot translate the value of keypath 'Experience'. Use the value of keypath as default. @ webpack-internal:///./node_modules/@sentry/utils/esm/instrument.js:118
[  343519ms] [WARNING] Deprecation warning: value provided is not in a recognized RFC2822 or ISO format. moment construction falls back to js Date(), which is not reliable across all browsers and versions. Non RFC2822/ISO date formats are discouraged. Please refer to http://momentjs.com/guides/#/warnings/js-date/ for more info.
Arguments: 
[0] _isAMomentObject: true, _isUTC: false, _useUTC: false, _l: undefined, _i: 01/24/2021, _f: undefined, _strict: undefined, _locale: [object Object]
Error
    at hooks.eval [as createFromInputFallback] (webpack-internal:///./node_modules/moment/moment.js:323:25)
    at configFromString (webpack-internal:///./node_modules/moment/moment.js:2612:19)
    at configFromInput (webpack-internal:///./node_modules/moment/moment.js:3055:13)
    at prepareConfig (webpack-internal:///./node_modules/moment/moment.js:3038:13)
    at createFromConfig (webpack-internal:///./node_modules/moment/moment.js:3005:44)
    at createLocalOrUTC (webpack-internal:///./node_modules/moment/moment.js:3099:16)
    at createLocal (webpack-internal:///./node_modules/moment/moment.js:3103:16)
    at Proxy.hooks (webpack-internal:///./node_modules/moment/moment.js:15:29)
    at eval (webpack-internal:///./node_modules/babel-loader/lib/index.js?!./node_modules/vue-loader/lib/loaders/templateLoader.js?!./node_modules/vue-loader/lib/index.js?!./node_modules/string-replace-loader/index.js?!./pages/worker/register.vue?vue&type=template&id=358748ab&scoped=true:26:50966)
    at Proxy.renderList (webpack-internal:///./node_modules/vue/dist/vue.runtime.esm.js:2090:22)
    at fn (webpack-internal:///./node_modules/babel-loader/lib/index.js?!./node_modules/vue-loader/lib/loaders/templateLoader.js?!./node_modules/vue-loader/lib/index.js?!./node_modules/string-replace-loader/index.js?!./pages/worker/register.vue?vue&type=template&id=358748ab&scoped=true:26:50881)
    at normalized (webpack-internal:///./node_modules/vue/dist/vue.runtime.esm.js:2463:41)
    at Proxy.renderSlot (webpack-internal:///./node_modules/vue/dist/vue.runtime.esm.js:2141:13)
    at Proxy.render (webpack-internal:///./node_modules/babel-loader/lib/index.js?!./node_modules/vue-loader/lib/loaders/templateLoader.js?!./node_modules/vue-loader/lib/index.js?!./node_modules/string-replace-loader/index.js?!./components/Modal.vue?vue&type=template&id=f2d6f03c:4:1140)
    at Vue._render (webpack-internal:///./node_modules/vue/dist/vue.runtime.esm.js:2739:28)
    at VueComponent.updateComponent (webpack-internal:///./node_modules/vue/dist/vue.runtime.esm.js:3919:28)
    at Watcher.get (webpack-internal:///./node_modules/vue/dist/vue.runtime.esm.js:3501:33)
    at new Watcher (webpack-internal:///./node_modules/vue/dist/vue.runtime.esm.js:3491:51)
    at mountComponent (webpack-internal:///./node_modules/vue/dist/vue.runtime.esm.js:3947:5)
    at Vue.$mount (webpack-internal:///./node_modules/vue/dist/vue.runtime.esm.js:8830:12)
    at init (webpack-internal:///./node_modules/vue/dist/vue.runtime.esm.js:4464:19)
    at createComponent (webpack-internal:///./node_modules/vue/dist/vue.runtime.esm.js:6624:17)
    at createElm (webpack-internal:///./node_modules/vue/dist/vue.runtime.esm.js:6578:13)
    at createChildren (webpack-internal:///./node_modules/vue/dist/vue.runtime.esm.js:6697:17)
    at createElm (webpack-internal:///./node_modules/vue/dist/vue.runtime.esm.js:6601:13)
    at createChildren (webpack-internal:///./node_modules/vue/dist/vue.runtime.esm.js:6697:17)
    at createElm (webpack-internal:///./node_modules/vue/dist/vue.runtime.esm.js:6601:13)
    at createChildren (webpack-internal:///./node_modules/vue/dist/vue.runtime.esm.js:6697:17)
    at createElm (webpack-internal:///./node_modules/vue/dist/vue.runtime.esm.js:6601:13)
    at createChildren (webpack-internal:///./node_modules/vue/dist/vue.runtime.esm.js:6697:17)
    at createElm (webpack-internal:///./node_modules/vue/dist/vue.runtime.esm.js:6601:13)
    at createChildren (webpack-internal:///./node_modules/vue/dist/vue.runtime.esm.js:6697:17)
    at createElm (webpack-internal:///./node_modules/vue/dist/vue.runtime.esm.js:6601:13)
    at createChildren (webpack-internal:///./node_modules/vue/dist/vue.runtime.esm.js:6697:17)
    at createElm (webpack-internal:///./node_modules/vue/dist/vue.runtime.esm.js:6601:13)
    at VueComponent.patch [as __patch__] (webpack-internal:///./node_modules/vue/dist/vue.runtime.esm.js:7128:13)
    at Vue._update (webpack-internal:///./node_modules/vue/dist/vue.runtime.esm.js:3820:25)
    at VueComponent.updateComponent (webpack-internal:///./node_modules/vue/dist/vue.runtime.esm.js:3923:16)
    at Watcher.get (webpack-internal:///./node_modules/vue/dist/vue.runtime.esm.js:3501:33)
    at new Watcher (webpack-internal:///./node_modules/vue/dist/vue.runtime.esm.js:3491:51)
    at mountComponent (webpack-internal:///./node_modules/vue/dist/vue.runtime.esm.js:3947:5)
    at Vue.$mount (webpack-internal:///./node_modules/vue/dist/vue.runtime.esm.js:8830:12)
    at init (webpack-internal:///./node_modules/vue/dist/vue.runtime.esm.js:4464:19)
    at createComponent (webpack-internal:///./node_modules/vue/dist/vue.runtime.esm.js:6624:17)
    at createElm (webpack-internal:///./node_modules/vue/dist/vue.runtime.esm.js:6578:13)
    at createChildren (webpack-internal:///./node_modules/vue/dist/vue.runtime.esm.js:6697:17)
    at createElm (webpack-internal:///./node_modules/vue/dist/vue.runtime.esm.js:6601:13)
    at createChildren (webpack-internal:///./node_modules/vue/dist/vue.runtime.esm.js:6697:17)
    at createElm (webpack-internal:///./node_modules/vue/dist/vue.runtime.esm.js:6601:13)
    at createChildren (webpack-internal:///./node_modules/vue/dist/vue.runtime.esm.js:6697:17) @ webpack-internal:///./node_modules/@sentry/utils/esm/instrument.js:118
[  343638ms] [VERBOSE] [DOM] Input elements should have autocomplete attributes (suggested: "new-password"): (More info: https://goo.gl/9p2vKq) %o @ http://localhost:3004/ru/worker/register:0
[  343639ms] [VERBOSE] [DOM] Input elements should have autocomplete attributes (suggested: "new-password"): (More info: https://goo.gl/9p2vKq) %o @ http://localhost:3004/ru/worker/register:0
[  350922ms] [WARNING] [vue-i18n] Value of key 'Twitter' is not a string or function ! @ webpack-internal:///./node_modules/@sentry/utils/esm/instrument.js:118
[  350922ms] [WARNING] [vue-i18n] Cannot translate the value of keypath 'Twitter'. Use the value of keypath as default. @ webpack-internal:///./node_modules/@sentry/utils/esm/instrument.js:118
[  350922ms] [WARNING] [vue-i18n] Value of key 'Twitter' is not a string or function ! @ webpack-internal:///./node_modules/@sentry/utils/esm/instrument.js:118
[  350922ms] [WARNING] [vue-i18n] Cannot translate the value of keypath 'Twitter'. Use the value of keypath as default. @ webpack-internal:///./node_modules/@sentry/utils/esm/instrument.js:118
[  350922ms] [WARNING] [vue-i18n] Value of key 'Telegram' is not a string or function ! @ webpack-internal:///./node_modules/@sentry/utils/esm/instrument.js:118
[  350922ms] [WARNING] [vue-i18n] Cannot translate the value of keypath 'Telegram'. Use the value of keypath as default. @ webpack-internal:///./node_modules/@sentry/utils/esm/instrument.js:118
[  350923ms] [WARNING] [vue-i18n] Value of key 'Telegram' is not a string or function ! @ webpack-internal:///./node_modules/@sentry/utils/esm/instrument.js:118
[  350923ms] [WARNING] [vue-i18n] Cannot translate the value of keypath 'Telegram'. Use the value of keypath as default. @ webpack-internal:///./node_modules/@sentry/utils/esm/instrument.js:118
[  350979ms] [WARNING] [vue-i18n] Value of key 'Twitter' is not a string or function ! @ webpack-internal:///./node_modules/@sentry/utils/esm/instrument.js:118
[  350980ms] [WARNING] [vue-i18n] Cannot translate the value of keypath 'Twitter'. Use the value of keypath as default. @ webpack-internal:///./node_modules/@sentry/utils/esm/instrument.js:118
[  350980ms] [WARNING] [vue-i18n] Value of key 'Twitter' is not a string or function ! @ webpack-internal:///./node_modules/@sentry/utils/esm/instrument.js:118
[  350980ms] [WARNING] [vue-i18n] Cannot translate the value of keypath 'Twitter'. Use the value of keypath as default. @ webpack-internal:///./node_modules/@sentry/utils/esm/instrument.js:118
[  350980ms] [WARNING] [vue-i18n] Value of key 'Telegram' is not a string or function ! @ webpack-internal:///./node_modules/@sentry/utils/esm/instrument.js:118
[  350980ms] [WARNING] [vue-i18n] Cannot translate the value of keypath 'Telegram'. Use the value of keypath as default. @ webpack-internal:///./node_modules/@sentry/utils/esm/instrument.js:118
[  350980ms] [WARNING] [vue-i18n] Value of key 'Telegram' is not a string or function ! @ webpack-internal:///./node_modules/@sentry/utils/esm/instrument.js:118
[  350980ms] [WARNING] [vue-i18n] Cannot translate the value of keypath 'Telegram'. Use the value of keypath as default. @ webpack-internal:///./node_modules/@sentry/utils/esm/instrument.js:118
[  351855ms] [WARNING] [vue-i18n] Value of key 'Twitter' is not a string or function ! @ webpack-internal:///./node_modules/@sentry/utils/esm/instrument.js:118
[  351855ms] [WARNING] [vue-i18n] Cannot translate the value of keypath 'Twitter'. Use the value of keypath as default. @ webpack-internal:///./node_modules/@sentry/utils/esm/instrument.js:118
[  351855ms] [WARNING] [vue-i18n] Value of key 'Twitter' is not a string or function ! @ webpack-internal:///./node_modules/@sentry/utils/esm/instrument.js:118
[  351855ms] [WARNING] [vue-i18n] Cannot translate the value of keypath 'Twitter'. Use the value of keypath as default. @ webpack-internal:///./node_modules/@sentry/utils/esm/instrument.js:118
[  351855ms] [WARNING] [vue-i18n] Value of key 'Telegram' is not a string or function ! @ webpack-internal:///./node_modules/@sentry/utils/esm/instrument.js:118
[  351855ms] [WARNING] [vue-i18n] Cannot translate the value of keypath 'Telegram'. Use the value of keypath as default. @ webpack-internal:///./node_modules/@sentry/utils/esm/instrument.js:118
[  351855ms] [WARNING] [vue-i18n] Value of key 'Telegram' is not a string or function ! @ webpack-internal:///./node_modules/@sentry/utils/esm/instrument.js:118
[  351855ms] [WARNING] [vue-i18n] Cannot translate the value of keypath 'Telegram'. Use the value of keypath as default. @ webpack-internal:///./node_modules/@sentry/utils/esm/instrument.js:118
[  353987ms] [WARNING] [vue-i18n] Value of key 'Twitter' is not a string or function ! @ webpack-internal:///./node_modules/@sentry/utils/esm/instrument.js:118
[  353988ms] [WARNING] [vue-i18n] Cannot translate the value of keypath 'Twitter'. Use the value of keypath as default. @ webpack-internal:///./node_modules/@sentry/utils/esm/instrument.js:118
[  353988ms] [WARNING] [vue-i18n] Value of key 'Twitter' is not a string or function ! @ webpack-internal:///./node_modules/@sentry/utils/esm/instrument.js:118
[  353988ms] [WARNING] [vue-i18n] Cannot translate the value of keypath 'Twitter'. Use the value of keypath as default. @ webpack-internal:///./node_modules/@sentry/utils/esm/instrument.js:118
[  353988ms] [WARNING] [vue-i18n] Value of key 'Telegram' is not a string or function ! @ webpack-internal:///./node_modules/@sentry/utils/esm/instrument.js:118
[  353988ms] [WARNING] [vue-i18n] Cannot translate the value of keypath 'Telegram'. Use the value of keypath as default. @ webpack-internal:///./node_modules/@sentry/utils/esm/instrument.js:118
[  353988ms] [WARNING] [vue-i18n] Value of key 'Telegram' is not a string or function ! @ webpack-internal:///./node_modules/@sentry/utils/esm/instrument.js:118
[  353988ms] [WARNING] [vue-i18n] Cannot translate the value of keypath 'Telegram'. Use the value of keypath as default. @ webpack-internal:///./node_modules/@sentry/utils/esm/instrument.js:118
[  357735ms] [WARNING] [vue-i18n] Value of key 'Twitter' is not a string or function ! @ webpack-internal:///./node_modules/@sentry/utils/esm/instrument.js:118
[  357736ms] [WARNING] [vue-i18n] Cannot translate the value of keypath 'Twitter'. Use the value of keypath as default. @ webpack-internal:///./node_modules/@sentry/utils/esm/instrument.js:118
[  357736ms] [WARNING] [vue-i18n] Value of key 'Twitter' is not a string or function ! @ webpack-internal:///./node_modules/@sentry/utils/esm/instrument.js:118
[  357736ms] [WARNING] [vue-i18n] Cannot translate the value of keypath 'Twitter'. Use the value of keypath as default. @ webpack-internal:///./node_modules/@sentry/utils/esm/instrument.js:118
[  357736ms] [WARNING] [vue-i18n] Value of key 'Telegram' is not a string or function ! @ webpack-internal:///./node_modules/@sentry/utils/esm/instrument.js:118
[  357736ms] [WARNING] [vue-i18n] Cannot translate the value of keypath 'Telegram'. Use the value of keypath as default. @ webpack-internal:///./node_modules/@sentry/utils/esm/instrument.js:118
[  357736ms] [WARNING] [vue-i18n] Value of key 'Telegram' is not a string or function ! @ webpack-internal:///./node_modules/@sentry/utils/esm/instrument.js:118
[  357736ms] [WARNING] [vue-i18n] Cannot translate the value of keypath 'Telegram'. Use the value of keypath as default. @ webpack-internal:///./node_modules/@sentry/utils/esm/instrument.js:118
[  369009ms] [WARNING] [vue-i18n] Value of key 'Twitter' is not a string or function ! @ webpack-internal:///./node_modules/@sentry/utils/esm/instrument.js:118
[  369009ms] [WARNING] [vue-i18n] Cannot translate the value of keypath 'Twitter'. Use the value of keypath as default. @ webpack-internal:///./node_modules/@sentry/utils/esm/instrument.js:118
[  369009ms] [WARNING] [vue-i18n] Value of key 'Twitter' is not a string or function ! @ webpack-internal:///./node_modules/@sentry/utils/esm/instrument.js:118
[  369010ms] [WARNING] [vue-i18n] Cannot translate the value of keypath 'Twitter'. Use the value of keypath as default. @ webpack-internal:///./node_modules/@sentry/utils/esm/instrument.js:118
[  369010ms] [WARNING] [vue-i18n] Value of key 'Telegram' is not a string or function ! @ webpack-internal:///./node_modules/@sentry/utils/esm/instrument.js:118
[  369010ms] [WARNING] [vue-i18n] Cannot translate the value of keypath 'Telegram'. Use the value of keypath as default. @ webpack-internal:///./node_modules/@sentry/utils/esm/instrument.js:118
[  369010ms] [WARNING] [vue-i18n] Value of key 'Telegram' is not a string or function ! @ webpack-internal:///./node_modules/@sentry/utils/esm/instrument.js:118
[  369010ms] [WARNING] [vue-i18n] Cannot translate the value of keypath 'Telegram'. Use the value of keypath as default. @ webpack-internal:///./node_modules/@sentry/utils/esm/instrument.js:118
[  369035ms] [WARNING] [vue-i18n] Value of key 'Twitter' is not a string or function ! @ webpack-internal:///./node_modules/@sentry/utils/esm/instrument.js:118
[  369035ms] [WARNING] [vue-i18n] Cannot translate the value of keypath 'Twitter'. Use the value of keypath as default. @ webpack-internal:///./node_modules/@sentry/utils/esm/instrument.js:118
[  369035ms] [WARNING] [vue-i18n] Value of key 'Twitter' is not a string or function ! @ webpack-internal:///./node_modules/@sentry/utils/esm/instrument.js:118
[  369036ms] [WARNING] [vue-i18n] Cannot translate the value of keypath 'Twitter'. Use the value of keypath as default. @ webpack-internal:///./node_modules/@sentry/utils/esm/instrument.js:118
[  369036ms] [WARNING] [vue-i18n] Value of key 'Telegram' is not a string or function ! @ webpack-internal:///./node_modules/@sentry/utils/esm/instrument.js:118
[  369036ms] [WARNING] [vue-i18n] Cannot translate the value of keypath 'Telegram'. Use the value of keypath as default. @ webpack-internal:///./node_modules/@sentry/utils/esm/instrument.js:118
[  369036ms] [WARNING] [vue-i18n] Value of key 'Telegram' is not a string or function ! @ webpack-internal:///./node_modules/@sentry/utils/esm/instrument.js:118
[  369036ms] [WARNING] [vue-i18n] Cannot translate the value of keypath 'Telegram'. Use the value of keypath as default. @ webpack-internal:///./node_modules/@sentry/utils/esm/instrument.js:118
[  369078ms] [WARNING] [vue-i18n] Value of key 'Twitter' is not a string or function ! @ webpack-internal:///./node_modules/@sentry/utils/esm/instrument.js:118
[  369078ms] [WARNING] [vue-i18n] Cannot translate the value of keypath 'Twitter'. Use the value of keypath as default. @ webpack-internal:///./node_modules/@sentry/utils/esm/instrument.js:118
[  369078ms] [WARNING] [vue-i18n] Value of key 'Twitter' is not a string or function ! @ webpack-internal:///./node_modules/@sentry/utils/esm/instrument.js:118
[  369078ms] [WARNING] [vue-i18n] Cannot translate the value of keypath 'Twitter'. Use the value of keypath as default. @ webpack-internal:///./node_modules/@sentry/utils/esm/instrument.js:118
[  369078ms] [WARNING] [vue-i18n] Value of key 'Telegram' is not a string or function ! @ webpack-internal:///./node_modules/@sentry/utils/esm/instrument.js:118
[  369079ms] [WARNING] [vue-i18n] Cannot translate the value of keypath 'Telegram'. Use the value of keypath as default. @ webpack-internal:///./node_modules/@sentry/utils/esm/instrument.js:118
[  369079ms] [WARNING] [vue-i18n] Value of key 'Telegram' is not a string or function ! @ webpack-internal:///./node_modules/@sentry/utils/esm/instrument.js:118
[  369079ms] [WARNING] [vue-i18n] Cannot translate the value of keypath 'Telegram'. Use the value of keypath as default. @ webpack-internal:///./node_modules/@sentry/utils/esm/instrument.js:118
[  369497ms] [WARNING] [vue-i18n] Value of key 'Twitter' is not a string or function ! @ webpack-internal:///./node_modules/@sentry/utils/esm/instrument.js:118
[  369498ms] [WARNING] [vue-i18n] Cannot translate the value of keypath 'Twitter'. Use the value of keypath as default. @ webpack-internal:///./node_modules/@sentry/utils/esm/instrument.js:118
[  369498ms] [WARNING] [vue-i18n] Value of key 'Twitter' is not a string or function ! @ webpack-internal:///./node_modules/@sentry/utils/esm/instrument.js:118
[  369498ms] [WARNING] [vue-i18n] Cannot translate the value of keypath 'Twitter'. Use the value of keypath as default. @ webpack-internal:///./node_modules/@sentry/utils/esm/instrument.js:118
[  369498ms] [WARNING] [vue-i18n] Value of key 'Telegram' is not a string or function ! @ webpack-internal:///./node_modules/@sentry/utils/esm/instrument.js:118
[  369498ms] [WARNING] [vue-i18n] Cannot translate the value of keypath 'Telegram'. Use the value of keypath as default. @ webpack-internal:///./node_modules/@sentry/utils/esm/instrument.js:118
[  369498ms] [WARNING] [vue-i18n] Value of key 'Telegram' is not a string or function ! @ webpack-internal:///./node_modules/@sentry/utils/esm/instrument.js:118
[  369498ms] [WARNING] [vue-i18n] Cannot translate the value of keypath 'Telegram'. Use the value of keypath as default. @ webpack-internal:///./node_modules/@sentry/utils/esm/instrument.js:118
[  370456ms] [WARNING] [vue-i18n] Value of key 'Twitter' is not a string or function ! @ webpack-internal:///./node_modules/@sentry/utils/esm/instrument.js:118
[  370456ms] [WARNING] [vue-i18n] Cannot translate the value of keypath 'Twitter'. Use the value of keypath as default. @ webpack-internal:///./node_modules/@sentry/utils/esm/instrument.js:118
[  370456ms] [WARNING] [vue-i18n] Value of key 'Twitter' is not a string or function ! @ webpack-internal:///./node_modules/@sentry/utils/esm/instrument.js:118
[  370457ms] [WARNING] [vue-i18n] Cannot translate the value of keypath 'Twitter'. Use the value of keypath as default. @ webpack-internal:///./node_modules/@sentry/utils/esm/instrument.js:118
[  370457ms] [WARNING] [vue-i18n] Value of key 'Telegram' is not a string or function ! @ webpack-internal:///./node_modules/@sentry/utils/esm/instrument.js:118
[  370457ms] [WARNING] [vue-i18n] Cannot translate the value of keypath 'Telegram'. Use the value of keypath as default. @ webpack-internal:///./node_modules/@sentry/utils/esm/instrument.js:118
[  370457ms] [WARNING] [vue-i18n] Value of key 'Telegram' is not a string or function ! @ webpack-internal:///./node_modules/@sentry/utils/esm/instrument.js:118
[  370457ms] [WARNING] [vue-i18n] Cannot translate the value of keypath 'Telegram'. Use the value of keypath as default. @ webpack-internal:///./node_modules/@sentry/utils/esm/instrument.js:118
[  374233ms] [WARNING] [vue-i18n] Value of key 'Twitter' is not a string or function ! @ webpack-internal:///./node_modules/@sentry/utils/esm/instrument.js:118
[  374233ms] [WARNING] [vue-i18n] Cannot translate the value of keypath 'Twitter'. Use the value of keypath as default. @ webpack-internal:///./node_modules/@sentry/utils/esm/instrument.js:118
[  374233ms] [WARNING] [vue-i18n] Value of key 'Twitter' is not a string or function ! @ webpack-internal:///./node_modules/@sentry/utils/esm/instrument.js:118
[  374233ms] [WARNING] [vue-i18n] Cannot translate the value of keypath 'Twitter'. Use the value of keypath as default. @ webpack-internal:///./node_modules/@sentry/utils/esm/instrument.js:118
[  374233ms] [WARNING] [vue-i18n] Value of key 'Telegram' is not a string or function ! @ webpack-internal:///./node_modules/@sentry/utils/esm/instrument.js:118
[  374233ms] [WARNING] [vue-i18n] Cannot translate the value of keypath 'Telegram'. Use the value of keypath as default. @ webpack-internal:///./node_modules/@sentry/utils/esm/instrument.js:118
[  374234ms] [WARNING] [vue-i18n] Value of key 'Telegram' is not a string or function ! @ webpack-internal:///./node_modules/@sentry/utils/esm/instrument.js:118
[  374234ms] [WARNING] [vue-i18n] Cannot translate the value of keypath 'Telegram'. Use the value of keypath as default. @ webpack-internal:///./node_modules/@sentry/utils/esm/instrument.js:118
[  379318ms] [ERROR] [Vue warn]: Error in event handler for "component1": "TypeError: Cannot read properties of undefined (reading 'name')"

(found in <Root>) @ webpack-internal:///./node_modules/@sentry/utils/esm/instrument.js:118
[  379318ms] [ERROR] TypeError: Cannot read properties of undefined (reading 'name')
    at VueComponent.handleSelectedValue (webpack-internal:///./node_modules/babel-loader/lib/index.js?!./node_modules/vue-loader/lib/index.js?!./node_modules/string-replace-loader/index.js?!./components/MainSearch.vue?vue&type=script&lang=js:34:3676)
    at Vue.eval (webpack-internal:///./node_modules/babel-loader/lib/index.js?!./node_modules/vue-loader/lib/index.js?!./node_modules/string-replace-loader/index.js?!./components/MainSearch.vue?vue&type=script&lang=js:34:3308)
    at invokeWithErrorHandling (webpack-internal:///./node_modules/vue/dist/vue.runtime.esm.js:3072:30)
    at Vue.$emit (webpack-internal:///./node_modules/vue/dist/vue.runtime.esm.js:3771:17)
    at VueComponent.submitLocation (webpack-internal:///./node_modules/babel-loader/lib/index.js?!./node_modules/vue-loader/lib/index.js?!./node_modules/string-replace-loader/index.js?!./components/Location.vue?vue&type=script&lang=js:21:1846)
    at submit (webpack-internal:///./node_modules/babel-loader/lib/index.js?!./node_modules/vue-loader/lib/loaders/templateLoader.js?!./node_modules/vue-loader/lib/index.js?!./node_modules/string-replace-loader/index.js?!./components/Location.vue?vue&type=template&id=b339f4e0:10:245)
    at invokeWithErrorHandling (webpack-internal:///./node_modules/vue/dist/vue.runtime.esm.js:3072:30)
    at HTMLFormElement.invoker (webpack-internal:///./node_modules/vue/dist/vue.runtime.esm.js:1874:20)
    at original_1._wrapper (webpack-internal:///./node_modules/vue/dist/vue.runtime.esm.js:7533:35)
    at HTMLFormElement.sentryWrapped (webpack-internal:///./node_modules/@sentry/browser/esm/helpers.js:83:23) @ webpack-internal:///./node_modules/@sentry/utils/esm/instrument.js:118
[  379318ms] [ERROR] [Vue warn]: Error in event handler for "component1": "TypeError: Cannot read properties of undefined (reading 'name')"

(found in <Root>) @ webpack-internal:///./node_modules/@sentry/utils/esm/instrument.js:118
[  379318ms] [ERROR] TypeError: Cannot read properties of undefined (reading 'name')
    at VueComponent.handleSelectedValue (webpack-internal:///./node_modules/babel-loader/lib/index.js?!./node_modules/vue-loader/lib/index.js?!./node_modules/string-replace-loader/index.js?!./components/MainSearch.vue?vue&type=script&lang=js:34:3676)
    at Vue.eval (webpack-internal:///./node_modules/babel-loader/lib/index.js?!./node_modules/vue-loader/lib/index.js?!./node_modules/string-replace-loader/index.js?!./components/MainSearch.vue?vue&type=script&lang=js:34:3308)
    at invokeWithErrorHandling (webpack-internal:///./node_modules/vue/dist/vue.runtime.esm.js:3072:30)
    at Vue.$emit (webpack-internal:///./node_modules/vue/dist/vue.runtime.esm.js:3771:17)
    at VueComponent.submitLocation (webpack-internal:///./node_modules/babel-loader/lib/index.js?!./node_modules/vue-loader/lib/index.js?!./node_modules/string-replace-loader/index.js?!./components/Location.vue?vue&type=script&lang=js:21:1846)
    at submit (webpack-internal:///./node_modules/babel-loader/lib/index.js?!./node_modules/vue-loader/lib/loaders/templateLoader.js?!./node_modules/vue-loader/lib/index.js?!./node_modules/string-replace-loader/index.js?!./components/Location.vue?vue&type=template&id=b339f4e0:10:245)
    at invokeWithErrorHandling (webpack-internal:///./node_modules/vue/dist/vue.runtime.esm.js:3072:30)
    at HTMLFormElement.invoker (webpack-internal:///./node_modules/vue/dist/vue.runtime.esm.js:1874:20)
    at original_1._wrapper (webpack-internal:///./node_modules/vue/dist/vue.runtime.esm.js:7533:35)
    at HTMLFormElement.sentryWrapped (webpack-internal:///./node_modules/@sentry/browser/esm/helpers.js:83:23) @ webpack-internal:///./node_modules/@sentry/utils/esm/instrument.js:118
[  379319ms] [ERROR] [Vue warn]: Error in event handler for "component1": "TypeError: Cannot read properties of undefined (reading 'name')"

(found in <Root>) @ webpack-internal:///./node_modules/@sentry/utils/esm/instrument.js:118
[  379319ms] [ERROR] TypeError: Cannot read properties of undefined (reading 'name')
    at VueComponent.handleSelectedValue (webpack-internal:///./node_modules/babel-loader/lib/index.js?!./node_modules/vue-loader/lib/index.js?!./node_modules/string-replace-loader/index.js?!./components/MainSearch.vue?vue&type=script&lang=js:34:3676)
    at Vue.eval (webpack-internal:///./node_modules/babel-loader/lib/index.js?!./node_modules/vue-loader/lib/index.js?!./node_modules/string-replace-loader/index.js?!./components/MainSearch.vue?vue&type=script&lang=js:34:3308)
    at invokeWithErrorHandling (webpack-internal:///./node_modules/vue/dist/vue.runtime.esm.js:3072:30)
    at Vue.$emit (webpack-internal:///./node_modules/vue/dist/vue.runtime.esm.js:3771:17)
    at VueComponent.submitLocation (webpack-internal:///./node_modules/babel-loader/lib/index.js?!./node_modules/vue-loader/lib/index.js?!./node_modules/string-replace-loader/index.js?!./components/Location.vue?vue&type=script&lang=js:21:1846)
    at submit (webpack-internal:///./node_modules/babel-loader/lib/index.js?!./node_modules/vue-loader/lib/loaders/templateLoader.js?!./node_modules/vue-loader/lib/index.js?!./node_modules/string-replace-loader/index.js?!./components/Location.vue?vue&type=template&id=b339f4e0:10:245)
    at invokeWithErrorHandling (webpack-internal:///./node_modules/vue/dist/vue.runtime.esm.js:3072:30)
    at HTMLFormElement.invoker (webpack-internal:///./node_modules/vue/dist/vue.runtime.esm.js:1874:20)
    at original_1._wrapper (webpack-internal:///./node_modules/vue/dist/vue.runtime.esm.js:7533:35)
    at HTMLFormElement.sentryWrapped (webpack-internal:///./node_modules/@sentry/browser/esm/helpers.js:83:23) @ webpack-internal:///./node_modules/@sentry/utils/esm/instrument.js:118
[  379319ms] [ERROR] [Vue warn]: Error in event handler for "component1": "TypeError: Cannot read properties of undefined (reading 'name')"

(found in <Root>) @ webpack-internal:///./node_modules/@sentry/utils/esm/instrument.js:118
[  379319ms] [ERROR] TypeError: Cannot read properties of undefined (reading 'name')
    at VueComponent.handleSelectedValue (webpack-internal:///./node_modules/babel-loader/lib/index.js?!./node_modules/vue-loader/lib/index.js?!./node_modules/string-replace-loader/index.js?!./components/MainSearch.vue?vue&type=script&lang=js:34:3676)
    at Vue.eval (webpack-internal:///./node_modules/babel-loader/lib/index.js?!./node_modules/vue-loader/lib/index.js?!./node_modules/string-replace-loader/index.js?!./components/MainSearch.vue?vue&type=script&lang=js:34:3308)
    at invokeWithErrorHandling (webpack-internal:///./node_modules/vue/dist/vue.runtime.esm.js:3072:30)
    at Vue.$emit (webpack-internal:///./node_modules/vue/dist/vue.runtime.esm.js:3771:17)
    at VueComponent.submitLocation (webpack-internal:///./node_modules/babel-loader/lib/index.js?!./node_modules/vue-loader/lib/index.js?!./node_modules/string-replace-loader/index.js?!./components/Location.vue?vue&type=script&lang=js:21:1846)
    at submit (webpack-internal:///./node_modules/babel-loader/lib/index.js?!./node_modules/vue-loader/lib/loaders/templateLoader.js?!./node_modules/vue-loader/lib/index.js?!./node_modules/string-replace-loader/index.js?!./components/Location.vue?vue&type=template&id=b339f4e0:10:245)
    at invokeWithErrorHandling (webpack-internal:///./node_modules/vue/dist/vue.runtime.esm.js:3072:30)
    at HTMLFormElement.invoker (webpack-internal:///./node_modules/vue/dist/vue.runtime.esm.js:1874:20)
    at original_1._wrapper (webpack-internal:///./node_modules/vue/dist/vue.runtime.esm.js:7533:35)
    at HTMLFormElement.sentryWrapped (webpack-internal:///./node_modules/@sentry/browser/esm/helpers.js:83:23) @ webpack-internal:///./node_modules/@sentry/utils/esm/instrument.js:118
[  379320ms] [ERROR] TypeError: Cannot read properties of undefined (reading 'name')
    at VueComponent.handleSelectedValue (webpack-internal:///./node_modules/babel-loader/lib/index.js?!./node_modules/vue-loader/lib/index.js?!./node_modules/string-replace-loader/index.js?!./components/MainSearch.vue?vue&type=script&lang=js:34:3676)
    at Vue.eval (webpack-internal:///./node_modules/babel-loader/lib/index.js?!./node_modules/vue-loader/lib/index.js?!./node_modules/string-replace-loader/index.js?!./components/MainSearch.vue?vue&type=script&lang=js:34:3308)
    at invokeWithErrorHandling (webpack-internal:///./node_modules/vue/dist/vue.runtime.esm.js:3072:30)
    at Vue.$emit (webpack-internal:///./node_modules/vue/dist/vue.runtime.esm.js:3771:17)
    at VueComponent.submitLocation (webpack-internal:///./node_modules/babel-loader/lib/index.js?!./node_modules/vue-loader/lib/index.js?!./node_modules/string-replace-loader/index.js?!./components/Location.vue?vue&type=script&lang=js:21:1846)
    at submit (webpack-internal:///./node_modules/babel-loader/lib/index.js?!./node_modules/vue-loader/lib/loaders/templateLoader.js?!./node_modules/vue-loader/lib/index.js?!./node_modules/string-replace-loader/index.js?!./components/Location.vue?vue&type=template&id=b339f4e0:10:245)
    at invokeWithErrorHandling (webpack-internal:///./node_modules/vue/dist/vue.runtime.esm.js:3072:30)
    at HTMLFormElement.invoker (webpack-internal:///./node_modules/vue/dist/vue.runtime.esm.js:1874:20)
    at original_1._wrapper (webpack-internal:///./node_modules/vue/dist/vue.runtime.esm.js:7533:35)
    at HTMLFormElement.sentryWrapped (webpack-internal:///./node_modules/@sentry/browser/esm/helpers.js:83:23) @ webpack-internal:///./node_modules/@sentry/utils/esm/instrument.js:118
[  379320ms] [ERROR] TypeError: Cannot read properties of undefined (reading 'name')
    at VueComponent.handleSelectedValue (webpack-internal:///./node_modules/babel-loader/lib/index.js?!./node_modules/vue-loader/lib/index.js?!./node_modules/string-replace-loader/index.js?!./components/MainSearch.vue?vue&type=script&lang=js:34:3676)
    at Vue.eval (webpack-internal:///./node_modules/babel-loader/lib/index.js?!./node_modules/vue-loader/lib/index.js?!./node_modules/string-replace-loader/index.js?!./components/MainSearch.vue?vue&type=script&lang=js:34:3308)
    at invokeWithErrorHandling (webpack-internal:///./node_modules/vue/dist/vue.runtime.esm.js:3072:30)
    at Vue.$emit (webpack-internal:///./node_modules/vue/dist/vue.runtime.esm.js:3771:17)
    at VueComponent.submitLocation (webpack-internal:///./node_modules/babel-loader/lib/index.js?!./node_modules/vue-loader/lib/index.js?!./node_modules/string-replace-loader/index.js?!./components/Location.vue?vue&type=script&lang=js:21:1846)
    at submit (webpack-internal:///./node_modules/babel-loader/lib/index.js?!./node_modules/vue-loader/lib/loaders/templateLoader.js?!./node_modules/vue-loader/lib/index.js?!./node_modules/string-replace-loader/index.js?!./components/Location.vue?vue&type=template&id=b339f4e0:10:245)
    at invokeWithErrorHandling (webpack-internal:///./node_modules/vue/dist/vue.runtime.esm.js:3072:30)
    at HTMLFormElement.invoker (webpack-internal:///./node_modules/vue/dist/vue.runtime.esm.js:1874:20)
    at original_1._wrapper (webpack-internal:///./node_modules/vue/dist/vue.runtime.esm.js:7533:35)
    at HTMLFormElement.sentryWrapped (webpack-internal:///./node_modules/@sentry/browser/esm/helpers.js:83:23) @ webpack-internal:///./node_modules/@sentry/utils/esm/instrument.js:118
[  379320ms] [ERROR] TypeError: Cannot read properties of undefined (reading 'name')
    at VueComponent.handleSelectedValue (webpack-internal:///./node_modules/babel-loader/lib/index.js?!./node_modules/vue-loader/lib/index.js?!./node_modules/string-replace-loader/index.js?!./components/MainSearch.vue?vue&type=script&lang=js:34:3676)
    at Vue.eval (webpack-internal:///./node_modules/babel-loader/lib/index.js?!./node_modules/vue-loader/lib/index.js?!./node_modules/string-replace-loader/index.js?!./components/MainSearch.vue?vue&type=script&lang=js:34:3308)
    at invokeWithErrorHandling (webpack-internal:///./node_modules/vue/dist/vue.runtime.esm.js:3072:30)
    at Vue.$emit (webpack-internal:///./node_modules/vue/dist/vue.runtime.esm.js:3771:17)
    at VueComponent.submitLocation (webpack-internal:///./node_modules/babel-loader/lib/index.js?!./node_modules/vue-loader/lib/index.js?!./node_modules/string-replace-loader/index.js?!./components/Location.vue?vue&type=script&lang=js:21:1846)
    at submit (webpack-internal:///./node_modules/babel-loader/lib/index.js?!./node_modules/vue-loader/lib/loaders/templateLoader.js?!./node_modules/vue-loader/lib/index.js?!./node_modules/string-replace-loader/index.js?!./components/Location.vue?vue&type=template&id=b339f4e0:10:245)
    at invokeWithErrorHandling (webpack-internal:///./node_modules/vue/dist/vue.runtime.esm.js:3072:30)
    at HTMLFormElement.invoker (webpack-internal:///./node_modules/vue/dist/vue.runtime.esm.js:1874:20)
    at original_1._wrapper (webpack-internal:///./node_modules/vue/dist/vue.runtime.esm.js:7533:35)
    at HTMLFormElement.sentryWrapped (webpack-internal:///./node_modules/@sentry/browser/esm/helpers.js:83:23) @ webpack-internal:///./node_modules/@sentry/utils/esm/instrument.js:118
[  379320ms] [ERROR] TypeError: Cannot read properties of undefined (reading 'name')
    at VueComponent.handleSelectedValue (webpack-internal:///./node_modules/babel-loader/lib/index.js?!./node_modules/vue-loader/lib/index.js?!./node_modules/string-replace-loader/index.js?!./components/MainSearch.vue?vue&type=script&lang=js:34:3676)
    at Vue.eval (webpack-internal:///./node_modules/babel-loader/lib/index.js?!./node_modules/vue-loader/lib/index.js?!./node_modules/string-replace-loader/index.js?!./components/MainSearch.vue?vue&type=script&lang=js:34:3308)
    at invokeWithErrorHandling (webpack-internal:///./node_modules/vue/dist/vue.runtime.esm.js:3072:30)
    at Vue.$emit (webpack-internal:///./node_modules/vue/dist/vue.runtime.esm.js:3771:17)
    at VueComponent.submitLocation (webpack-internal:///./node_modules/babel-loader/lib/index.js?!./node_modules/vue-loader/lib/index.js?!./node_modules/string-replace-loader/index.js?!./components/Location.vue?vue&type=script&lang=js:21:1846)
    at submit (webpack-internal:///./node_modules/babel-loader/lib/index.js?!./node_modules/vue-loader/lib/loaders/templateLoader.js?!./node_modules/vue-loader/lib/index.js?!./node_modules/string-replace-loader/index.js?!./components/Location.vue?vue&type=template&id=b339f4e0:10:245)
    at invokeWithErrorHandling (webpack-internal:///./node_modules/vue/dist/vue.runtime.esm.js:3072:30)
    at HTMLFormElement.invoker (webpack-internal:///./node_modules/vue/dist/vue.runtime.esm.js:1874:20)
    at original_1._wrapper (webpack-internal:///./node_modules/vue/dist/vue.runtime.esm.js:7533:35)
    at HTMLFormElement.sentryWrapped (webpack-internal:///./node_modules/@sentry/browser/esm/helpers.js:83:23) @ webpack-internal:///./node_modules/@sentry/utils/esm/instrument.js:118
[  400871ms] [INFO] Download the Vue Devtools extension for a better development experience:
https://github.com/vuejs/vue-devtools @ webpack-internal:///./node_modules/vue/dist/vue.runtime.esm.js:8841
[  400871ms] [INFO] You are running Vue in development mode.
Make sure to turn on production mode when deploying for production.
See more tips at https://vuejs.org/guide/deployment.html @ webpack-internal:///./node_modules/vue/dist/vue.runtime.esm.js:8849
[  400873ms] [INFO] Download the Vue Devtools extension for a better development experience:
https://github.com/vuejs/vue-devtools @ webpack-internal:///./node_modules/vue/dist/vue.runtime.common.dev.js:8719
[  400873ms] [INFO] You are running Vue in development mode.
Make sure to turn on production mode when deploying for production.
See more tips at https://vuejs.org/guide/deployment.html @ webpack-internal:///./node_modules/vue/dist/vue.runtime.common.dev.js:8726
[  400891ms] [INFO] [nuxt-facebook-pixel-module] You are running in development mode. Set "debug: true" in your nuxt.config.js if you would like to trigger tracking events in local. @ webpack-internal:///./node_modules/@sentry/utils/esm/instrument.js:118
[  400951ms] [LOG] [HMR] connected @ webpack-internal:///./node_modules/@sentry/utils/esm/instrument.js:118
[  402778ms] [WARNING] [vue-i18n] Value of key 'Twitter' is not a string or function ! @ webpack-internal:///./node_modules/@sentry/utils/esm/instrument.js:118
[  402779ms] [WARNING] [vue-i18n] Cannot translate the value of keypath 'Twitter'. Use the value of keypath as default. @ webpack-internal:///./node_modules/@sentry/utils/esm/instrument.js:118
[  402779ms] [WARNING] [vue-i18n] Value of key 'Twitter' is not a string or function ! @ webpack-internal:///./node_modules/@sentry/utils/esm/instrument.js:118
[  402779ms] [WARNING] [vue-i18n] Cannot translate the value of keypath 'Twitter'. Use the value of keypath as default. @ webpack-internal:///./node_modules/@sentry/utils/esm/instrument.js:118
[  402780ms] [WARNING] [vue-i18n] Value of key 'Telegram' is not a string or function ! @ webpack-internal:///./node_modules/@sentry/utils/esm/instrument.js:118
[  402781ms] [WARNING] [vue-i18n] Cannot translate the value of keypath 'Telegram'. Use the value of keypath as default. @ webpack-internal:///./node_modules/@sentry/utils/esm/instrument.js:118
[  402781ms] [WARNING] [vue-i18n] Value of key 'Telegram' is not a string or function ! @ webpack-internal:///./node_modules/@sentry/utils/esm/instrument.js:118
[  402782ms] [WARNING] [vue-i18n] Cannot translate the value of keypath 'Telegram'. Use the value of keypath as default. @ webpack-internal:///./node_modules/@sentry/utils/esm/instrument.js:118
[  402802ms] [WARNING] [vue-i18n] Value of key 'Twitter' is not a string or function ! @ webpack-internal:///./node_modules/@sentry/utils/esm/instrument.js:118
[  402803ms] [WARNING] [vue-i18n] Cannot translate the value of keypath 'Twitter'. Use the value of keypath as default. @ webpack-internal:///./node_modules/@sentry/utils/esm/instrument.js:118
[  402804ms] [WARNING] [vue-i18n] Value of key 'Twitter' is not a string or function ! @ webpack-internal:///./node_modules/@sentry/utils/esm/instrument.js:118
[  402805ms] [WARNING] [vue-i18n] Cannot translate the value of keypath 'Twitter'. Use the value of keypath as default. @ webpack-internal:///./node_modules/@sentry/utils/esm/instrument.js:118
[  402806ms] [WARNING] [vue-i18n] Value of key 'Telegram' is not a string or function ! @ webpack-internal:///./node_modules/@sentry/utils/esm/instrument.js:118
[  402807ms] [WARNING] [vue-i18n] Cannot translate the value of keypath 'Telegram'. Use the value of keypath as default. @ webpack-internal:///./node_modules/@sentry/utils/esm/instrument.js:118
[  402808ms] [WARNING] [vue-i18n] Value of key 'Telegram' is not a string or function ! @ webpack-internal:///./node_modules/@sentry/utils/esm/instrument.js:118
[  402809ms] [WARNING] [vue-i18n] Cannot translate the value of keypath 'Telegram'. Use the value of keypath as default. @ webpack-internal:///./node_modules/@sentry/utils/esm/instrument.js:118
[  406086ms] [WARNING] [vue-i18n] Value of key 'Twitter' is not a string or function ! @ webpack-internal:///./node_modules/@sentry/utils/esm/instrument.js:118
[  406087ms] [WARNING] [vue-i18n] Cannot translate the value of keypath 'Twitter'. Use the value of keypath as default. @ webpack-internal:///./node_modules/@sentry/utils/esm/instrument.js:118
[  406087ms] [WARNING] [vue-i18n] Value of key 'Twitter' is not a string or function ! @ webpack-internal:///./node_modules/@sentry/utils/esm/instrument.js:118
[  406088ms] [WARNING] [vue-i18n] Cannot translate the value of keypath 'Twitter'. Use the value of keypath as default. @ webpack-internal:///./node_modules/@sentry/utils/esm/instrument.js:118
[  406088ms] [WARNING] [vue-i18n] Value of key 'Telegram' is not a string or function ! @ webpack-internal:///./node_modules/@sentry/utils/esm/instrument.js:118
[  406089ms] [WARNING] [vue-i18n] Cannot translate the value of keypath 'Telegram'. Use the value of keypath as default. @ webpack-internal:///./node_modules/@sentry/utils/esm/instrument.js:118
[  406089ms] [WARNING] [vue-i18n] Value of key 'Telegram' is not a string or function ! @ webpack-internal:///./node_modules/@sentry/utils/esm/instrument.js:118
[  406090ms] [WARNING] [vue-i18n] Cannot translate the value of keypath 'Telegram'. Use the value of keypath as default. @ webpack-internal:///./node_modules/@sentry/utils/esm/instrument.js:118
