[    3516ms] [INFO] Download the Vue Devtools extension for a better development experience:
https://github.com/vuejs/vue-devtools @ webpack-internal:///./node_modules/vue/dist/vue.runtime.esm.js:8841
[    3517ms] [INFO] You are running Vue in development mode.
Make sure to turn on production mode when deploying for production.
See more tips at https://vuejs.org/guide/deployment.html @ webpack-internal:///./node_modules/vue/dist/vue.runtime.esm.js:8849
[    3518ms] [INFO] Download the Vue Devtools extension for a better development experience:
https://github.com/vuejs/vue-devtools @ webpack-internal:///./node_modules/vue/dist/vue.runtime.common.dev.js:8719
[    3518ms] [INFO] You are running Vue in development mode.
Make sure to turn on production mode when deploying for production.
See more tips at https://vuejs.org/guide/deployment.html @ webpack-internal:///./node_modules/vue/dist/vue.runtime.common.dev.js:8726
[    3632ms] [INFO] [nuxt-facebook-pixel-module] You are running in development mode. Set "debug: true" in your nuxt.config.js if you would like to trigger tracking events in local. @ webpack-internal:///./node_modules/@sentry/utils/esm/instrument.js:118
[    3695ms] [LOG] [HMR] connected @ webpack-internal:///./node_modules/@sentry/utils/esm/instrument.js:118
[    9419ms] [WARNING] [vue-i18n] Value of key 'Twitter' is not a string or function ! @ webpack-internal:///./node_modules/@sentry/utils/esm/instrument.js:118
[    9420ms] [WARNING] [vue-i18n] Cannot translate the value of keypath 'Twitter'. Use the value of keypath as default. @ webpack-internal:///./node_modules/@sentry/utils/esm/instrument.js:118
[    9421ms] [WARNING] [vue-i18n] Value of key 'Twitter' is not a string or function ! @ webpack-internal:///./node_modules/@sentry/utils/esm/instrument.js:118
[    9422ms] [WARNING] [vue-i18n] Cannot translate the value of keypath 'Twitter'. Use the value of keypath as default. @ webpack-internal:///./node_modules/@sentry/utils/esm/instrument.js:118
[    9423ms] [WARNING] [vue-i18n] Value of key 'Telegram' is not a string or function ! @ webpack-internal:///./node_modules/@sentry/utils/esm/instrument.js:118
[    9424ms] [WARNING] [vue-i18n] Cannot translate the value of keypath 'Telegram'. Use the value of keypath as default. @ webpack-internal:///./node_modules/@sentry/utils/esm/instrument.js:118
[    9425ms] [WARNING] [vue-i18n] Value of key 'Telegram' is not a string or function ! @ webpack-internal:///./node_modules/@sentry/utils/esm/instrument.js:118
[    9426ms] [WARNING] [vue-i18n] Cannot translate the value of keypath 'Telegram'. Use the value of keypath as default. @ webpack-internal:///./node_modules/@sentry/utils/esm/instrument.js:118
[    9461ms] [WARNING] [vue-i18n] Value of key 'Twitter' is not a string or function ! @ webpack-internal:///./node_modules/@sentry/utils/esm/instrument.js:118
[    9462ms] [WARNING] [vue-i18n] Cannot translate the value of keypath 'Twitter'. Use the value of keypath as default. @ webpack-internal:///./node_modules/@sentry/utils/esm/instrument.js:118
[    9463ms] [WARNING] [vue-i18n] Value of key 'Twitter' is not a string or function ! @ webpack-internal:///./node_modules/@sentry/utils/esm/instrument.js:118
[    9464ms] [WARNING] [vue-i18n] Cannot translate the value of keypath 'Twitter'. Use the value of keypath as default. @ webpack-internal:///./node_modules/@sentry/utils/esm/instrument.js:118
[    9465ms] [WARNING] [vue-i18n] Value of key 'Telegram' is not a string or function ! @ webpack-internal:///./node_modules/@sentry/utils/esm/instrument.js:118
[    9465ms] [WARNING] [vue-i18n] Cannot translate the value of keypath 'Telegram'. Use the value of keypath as default. @ webpack-internal:///./node_modules/@sentry/utils/esm/instrument.js:118
[    9466ms] [WARNING] [vue-i18n] Value of key 'Telegram' is not a string or function ! @ webpack-internal:///./node_modules/@sentry/utils/esm/instrument.js:118
[    9467ms] [WARNING] [vue-i18n] Cannot translate the value of keypath 'Telegram'. Use the value of keypath as default. @ webpack-internal:///./node_modules/@sentry/utils/esm/instrument.js:118
[   13218ms] [ERROR] Failed to load resource: the server responded with a status of 404 (Not Found) @ http://localhost:8000/api/v1/company/vacancy/search/?page_size=12&status__terms=1__2__3&published_at__gte=&region=&salary_from__gte=&salary_to__lte=:0
[   13220ms] [ERROR] Error in fetch(): Error: Request failed with status code 404
    at createError (webpack-internal:///./node_modules/axios/lib/core/createError.js:16:15)
    at settle (webpack-internal:///./node_modules/axios/lib/core/settle.js:17:12)
    at XMLHttpRequest.onloadend (webpack-internal:///./node_modules/axios/lib/adapters/xhr.js:66:7) @ webpack-internal:///./node_modules/@sentry/utils/esm/instrument.js:118
[   13768ms] [ERROR] Failed to load resource: the server responded with a status of 404 (Not Found) @ http://localhost:8000/api/v1/company/vacancy/search/?page_size=12&status__terms=1__2__3&published_at__gte=&region=&salary_from__gte=&salary_to__lte=:0
[   13771ms] [ERROR] Error in fetch(): Error: Request failed with status code 404
    at createError (webpack-internal:///./node_modules/axios/lib/core/createError.js:16:15)
    at settle (webpack-internal:///./node_modules/axios/lib/core/settle.js:17:12)
    at XMLHttpRequest.onloadend (webpack-internal:///./node_modules/axios/lib/adapters/xhr.js:66:7) @ webpack-internal:///./node_modules/@sentry/utils/esm/instrument.js:118
[   40351ms] [LOG] [HMR] bundle rebuilding @ webpack-internal:///./node_modules/@sentry/utils/esm/instrument.js:118
[   47667ms] [LOG] [HMR] bundle 'client' rebuilt in 6224ms @ webpack-internal:///./node_modules/@sentry/utils/esm/instrument.js:118
[   47677ms] [LOG] [HMR] Checking for updates on the server... @ webpack-internal:///./node_modules/@sentry/utils/esm/instrument.js:118
[   48050ms] [LOG] [HMR] Updated modules: @ webpack-internal:///./node_modules/@sentry/utils/esm/instrument.js:118
[   48050ms] [LOG] [HMR]  - ./node_modules/babel-loader/lib??ref--2-0!./node_modules/vue-loader/lib/loaders/templateLoader.js??ref--6!./node_modules/vue-loader/lib??vue-loader-options!./node_modules/string-replace-loader??ref--12!./components/cards/interviewCard.vue?vue&type=template&id=e4c7a5cc&scoped=true @ webpack-internal:///./node_modules/@sentry/utils/esm/instrument.js:118
[   48050ms] [LOG] [HMR]  - ./components/cards/interviewCard.vue?vue&type=template&id=e4c7a5cc&scoped=true @ webpack-internal:///./node_modules/@sentry/utils/esm/instrument.js:118
[   48051ms] [LOG] [HMR]  - ./node_modules/extract-css-chunks-webpack-plugin/dist/loader.js??ref--3-oneOf-1-0!./node_modules/css-loader/dist/cjs.js??ref--3-oneOf-1-1!./node_modules/vue-loader/lib/loaders/stylePostLoader.js!./node_modules/postcss-loader/dist/cjs.js??ref--3-oneOf-1-2!./node_modules/vue-loader/lib??vue-loader-options!./node_modules/string-replace-loader??ref--12!./components/cards/interviewCard.vue?vue&type=style&index=0&id=e4c7a5cc&scoped=true&lang=css @ webpack-internal:///./node_modules/@sentry/utils/esm/instrument.js:118
[   48051ms] [LOG] [HMR]  - ./components/cards/interviewCard.vue?vue&type=style&index=0&id=e4c7a5cc&scoped=true&lang=css @ webpack-internal:///./node_modules/@sentry/utils/esm/instrument.js:118
[   48051ms] [LOG] [HMR]  - ./components/cards/interviewCard.vue @ webpack-internal:///./node_modules/@sentry/utils/esm/instrument.js:118
[   48051ms] [LOG] [HMR] App is up to date. @ webpack-internal:///./node_modules/@sentry/utils/esm/instrument.js:118
[   48112ms] [LOG] [HMR] Detected local css modules. Reload all css @ webpack-internal:///./node_modules/@sentry/utils/esm/instrument.js:118
[   51711ms] [WARNING] The resource http://localhost:3004/_nuxt/app.css?1775979956906 was preloaded using link preload but not used within a few seconds from the window's load event. Please make sure it has an appropriate `as` value and it is preloaded intentionally. @ http://localhost:3004/ru/worker/staff:0
[   51711ms] [WARNING] The resource http://localhost:3004/_nuxt/pages/worker/register.css?1775979956911 was preloaded using link preload but not used within a few seconds from the window's load event. Please make sure it has an appropriate `as` value and it is preloaded intentionally. @ http://localhost:3004/ru/worker/staff:0
[   51711ms] [WARNING] The resource http://localhost:3004/_nuxt/pages/worker/staff.css?1775979956910 was preloaded using link preload but not used within a few seconds from the window's load event. Please make sure it has an appropriate `as` value and it is preloaded intentionally. @ http://localhost:3004/ru/worker/staff:0
[   51711ms] [WARNING] The resource http://localhost:3004/_nuxt/2.css?1775979956910 was preloaded using link preload but not used within a few seconds from the window's load event. Please make sure it has an appropriate `as` value and it is preloaded intentionally. @ http://localhost:3004/ru/worker/staff:0
[   51711ms] [WARNING] The resource http://localhost:3004/_nuxt/pages/worker/login.css?1775979956910 was preloaded using link preload but not used within a few seconds from the window's load event. Please make sure it has an appropriate `as` value and it is preloaded intentionally. @ http://localhost:3004/ru/worker/staff:0
