[    1061ms] [INFO] Download the Vue Devtools extension for a better development experience:
https://github.com/vuejs/vue-devtools @ webpack-internal:///./node_modules/vue/dist/vue.runtime.esm.js:8841
[    1062ms] [INFO] You are running Vue in development mode.
Make sure to turn on production mode when deploying for production.
See more tips at https://vuejs.org/guide/deployment.html @ webpack-internal:///./node_modules/vue/dist/vue.runtime.esm.js:8849
[    1062ms] [INFO] Download the Vue Devtools extension for a better development experience:
https://github.com/vuejs/vue-devtools @ webpack-internal:///./node_modules/vue/dist/vue.runtime.common.dev.js:8719
[    1063ms] [INFO] You are running Vue in development mode.
Make sure to turn on production mode when deploying for production.
See more tips at https://vuejs.org/guide/deployment.html @ webpack-internal:///./node_modules/vue/dist/vue.runtime.common.dev.js:8726
[    1103ms] [INFO] [nuxt-facebook-pixel-module] You are running in development mode. Set "debug: true" in your nuxt.config.js if you would like to trigger tracking events in local. @ webpack-internal:///./node_modules/@sentry/utils/esm/instrument.js:118
[    1156ms] [LOG] [HMR] connected @ webpack-internal:///./node_modules/@sentry/utils/esm/instrument.js:118
[    3945ms] [ERROR] Failed to load resource: the server responded with a status of 401 (Unauthorized) @ http://localhost:8000/api/v1/resume/GetMyResumes?exclude_default=false:0
[    3986ms] Error: Request failed with status code 401
    at createError (webpack-internal:///./node_modules/axios/lib/core/createError.js:16:15)
    at settle (webpack-internal:///./node_modules/axios/lib/core/settle.js:17:12)
    at XMLHttpRequest.onloadend (webpack-internal:///./node_modules/axios/lib/adapters/xhr.js:66:7)
[    5099ms] [WARNING] [vue-i18n] Value of key 'Twitter' is not a string or function ! @ webpack-internal:///./node_modules/@sentry/utils/esm/instrument.js:118
[    5100ms] [WARNING] [vue-i18n] Cannot translate the value of keypath 'Twitter'. Use the value of keypath as default. @ webpack-internal:///./node_modules/@sentry/utils/esm/instrument.js:118
[    5100ms] [WARNING] [vue-i18n] Value of key 'Twitter' is not a string or function ! @ webpack-internal:///./node_modules/@sentry/utils/esm/instrument.js:118
[    5100ms] [WARNING] [vue-i18n] Cannot translate the value of keypath 'Twitter'. Use the value of keypath as default. @ webpack-internal:///./node_modules/@sentry/utils/esm/instrument.js:118
[    5101ms] [WARNING] [vue-i18n] Value of key 'Telegram' is not a string or function ! @ webpack-internal:///./node_modules/@sentry/utils/esm/instrument.js:118
[    5101ms] [WARNING] [vue-i18n] Cannot translate the value of keypath 'Telegram'. Use the value of keypath as default. @ webpack-internal:///./node_modules/@sentry/utils/esm/instrument.js:118
[    5101ms] [WARNING] [vue-i18n] Value of key 'Telegram' is not a string or function ! @ webpack-internal:///./node_modules/@sentry/utils/esm/instrument.js:118
[    5101ms] [WARNING] [vue-i18n] Cannot translate the value of keypath 'Telegram'. Use the value of keypath as default. @ webpack-internal:///./node_modules/@sentry/utils/esm/instrument.js:118
[    5123ms] [WARNING] [vue-i18n] Value of key 'Twitter' is not a string or function ! @ webpack-internal:///./node_modules/@sentry/utils/esm/instrument.js:118
[    5124ms] [WARNING] [vue-i18n] Cannot translate the value of keypath 'Twitter'. Use the value of keypath as default. @ webpack-internal:///./node_modules/@sentry/utils/esm/instrument.js:118
[    5124ms] [WARNING] [vue-i18n] Value of key 'Twitter' is not a string or function ! @ webpack-internal:///./node_modules/@sentry/utils/esm/instrument.js:118
[    5124ms] [WARNING] [vue-i18n] Cannot translate the value of keypath 'Twitter'. Use the value of keypath as default. @ webpack-internal:///./node_modules/@sentry/utils/esm/instrument.js:118
[    5125ms] [WARNING] [vue-i18n] Value of key 'Telegram' is not a string or function ! @ webpack-internal:///./node_modules/@sentry/utils/esm/instrument.js:118
[    5125ms] [WARNING] [vue-i18n] Cannot translate the value of keypath 'Telegram'. Use the value of keypath as default. @ webpack-internal:///./node_modules/@sentry/utils/esm/instrument.js:118
[    5125ms] [WARNING] [vue-i18n] Value of key 'Telegram' is not a string or function ! @ webpack-internal:///./node_modules/@sentry/utils/esm/instrument.js:118
[    5125ms] [WARNING] [vue-i18n] Cannot translate the value of keypath 'Telegram'. Use the value of keypath as default. @ webpack-internal:///./node_modules/@sentry/utils/esm/instrument.js:118
[    5316ms] [ERROR] Failed to load resource: the server responded with a status of 401 (Unauthorized) @ http://localhost:8000/api/v1/resume/GetMyResumes?exclude_default=false:0
[    5353ms] Error: Request failed with status code 401
    at createError (webpack-internal:///./node_modules/axios/lib/core/createError.js:16:15)
    at settle (webpack-internal:///./node_modules/axios/lib/core/settle.js:17:12)
    at XMLHttpRequest.onloadend (webpack-internal:///./node_modules/axios/lib/adapters/xhr.js:66:7)
[   11985ms] [ERROR] Failed to load resource: the server responded with a status of 404 (Not Found) @ http://localhost:8000/api/v1/company/vacancy/search/?page_size=12&status__terms=1__2__3&published_at__gte=&region=&salary_from__gte=&salary_to__lte=&salary_type__terms=1__2:0
[   11994ms] Error: Request failed with status code 404
    at createError (webpack-internal:///./node_modules/axios/lib/core/createError.js:16:15)
    at settle (webpack-internal:///./node_modules/axios/lib/core/settle.js:17:12)
    at XMLHttpRequest.onloadend (webpack-internal:///./node_modules/axios/lib/adapters/xhr.js:66:7)
[   15492ms] [WARNING] The resource http://localhost:3004/_nuxt/app.d1df54583b0bef88523a.hot-update.js was preloaded using link preload but not used within a few seconds from the window's load event. Please make sure it has an appropriate `as` value and it is preloaded intentionally. @ http://localhost:3004/ru/worker/vacancy?district=:0
[   19268ms] [WARNING] The resource http://localhost:3004/_nuxt/app.d1df54583b0bef88523a.hot-update.js was preloaded using link preload but not used within a few seconds from the window's load event. Please make sure it has an appropriate `as` value and it is preloaded intentionally. @ http://localhost:3004/ru/worker/vacancy?district=:0
[  123880ms] [LOG] [HMR] bundle rebuilding @ webpack-internal:///./node_modules/@sentry/utils/esm/instrument.js:118
[  139571ms] [LOG] [HMR] bundle 'client' rebuilt in 13644ms @ webpack-internal:///./node_modules/@sentry/utils/esm/instrument.js:118
[  139577ms] [LOG] [HMR] Checking for updates on the server... @ webpack-internal:///./node_modules/@sentry/utils/esm/instrument.js:118
[  139907ms] [WARNING] Ignored an update to unaccepted module ./assets/scss/style.scss -> ./.nuxt/App.js -> ./.nuxt/index.js -> ./.nuxt/client.js -> 0 @ webpack-internal:///./node_modules/@sentry/utils/esm/instrument.js:118
[  139909ms] [WARNING] [HMR] The following modules couldn't be hot updated: (Full reload needed)
This is usually because the modules which have changed (and their parents) do not know how to hot reload themselves. See https://webpack.js.org/concepts/hot-module-replacement/ for more details. @ webpack-internal:///./node_modules/@sentry/utils/esm/instrument.js:118
[  139909ms] [WARNING] [HMR]  - ./assets/scss/style.scss @ webpack-internal:///./node_modules/@sentry/utils/esm/instrument.js:118
[  139910ms] [WARNING] [HMR] Reloading page @ webpack-internal:///./node_modules/@sentry/utils/esm/instrument.js:118
[  141021ms] [INFO] Download the Vue Devtools extension for a better development experience:
https://github.com/vuejs/vue-devtools @ webpack-internal:///./node_modules/vue/dist/vue.runtime.esm.js:8841
[  141021ms] [INFO] You are running Vue in development mode.
Make sure to turn on production mode when deploying for production.
See more tips at https://vuejs.org/guide/deployment.html @ webpack-internal:///./node_modules/vue/dist/vue.runtime.esm.js:8849
[  141022ms] [INFO] Download the Vue Devtools extension for a better development experience:
https://github.com/vuejs/vue-devtools @ webpack-internal:///./node_modules/vue/dist/vue.runtime.common.dev.js:8719
[  141022ms] [INFO] You are running Vue in development mode.
Make sure to turn on production mode when deploying for production.
See more tips at https://vuejs.org/guide/deployment.html @ webpack-internal:///./node_modules/vue/dist/vue.runtime.common.dev.js:8726
[  141084ms] [INFO] [nuxt-facebook-pixel-module] You are running in development mode. Set "debug: true" in your nuxt.config.js if you would like to trigger tracking events in local. @ webpack-internal:///./node_modules/@sentry/utils/esm/instrument.js:118
[  141113ms] [LOG] [HMR] connected @ webpack-internal:///./node_modules/@sentry/utils/esm/instrument.js:118
[  143954ms] [ERROR] Failed to load resource: the server responded with a status of 401 (Unauthorized) @ http://localhost:8000/api/v1/resume/GetMyResumes?exclude_default=false:0
[  143995ms] Error: Request failed with status code 401
    at createError (webpack-internal:///./node_modules/axios/lib/core/createError.js:16:15)
    at settle (webpack-internal:///./node_modules/axios/lib/core/settle.js:17:12)
    at XMLHttpRequest.onloadend (webpack-internal:///./node_modules/axios/lib/adapters/xhr.js:66:7)
[  145113ms] [WARNING] [vue-i18n] Value of key 'Twitter' is not a string or function ! @ webpack-internal:///./node_modules/@sentry/utils/esm/instrument.js:118
[  145113ms] [WARNING] [vue-i18n] Cannot translate the value of keypath 'Twitter'. Use the value of keypath as default. @ webpack-internal:///./node_modules/@sentry/utils/esm/instrument.js:118
[  145114ms] [WARNING] [vue-i18n] Value of key 'Twitter' is not a string or function ! @ webpack-internal:///./node_modules/@sentry/utils/esm/instrument.js:118
[  145114ms] [WARNING] [vue-i18n] Cannot translate the value of keypath 'Twitter'. Use the value of keypath as default. @ webpack-internal:///./node_modules/@sentry/utils/esm/instrument.js:118
[  145114ms] [WARNING] [vue-i18n] Value of key 'Telegram' is not a string or function ! @ webpack-internal:///./node_modules/@sentry/utils/esm/instrument.js:118
[  145114ms] [WARNING] [vue-i18n] Cannot translate the value of keypath 'Telegram'. Use the value of keypath as default. @ webpack-internal:///./node_modules/@sentry/utils/esm/instrument.js:118
[  145114ms] [WARNING] [vue-i18n] Value of key 'Telegram' is not a string or function ! @ webpack-internal:///./node_modules/@sentry/utils/esm/instrument.js:118
[  145115ms] [WARNING] [vue-i18n] Cannot translate the value of keypath 'Telegram'. Use the value of keypath as default. @ webpack-internal:///./node_modules/@sentry/utils/esm/instrument.js:118
[  145137ms] [WARNING] [vue-i18n] Value of key 'Twitter' is not a string or function ! @ webpack-internal:///./node_modules/@sentry/utils/esm/instrument.js:118
[  145138ms] [WARNING] [vue-i18n] Cannot translate the value of keypath 'Twitter'. Use the value of keypath as default. @ webpack-internal:///./node_modules/@sentry/utils/esm/instrument.js:118
[  145138ms] [WARNING] [vue-i18n] Value of key 'Twitter' is not a string or function ! @ webpack-internal:///./node_modules/@sentry/utils/esm/instrument.js:118
[  145138ms] [WARNING] [vue-i18n] Cannot translate the value of keypath 'Twitter'. Use the value of keypath as default. @ webpack-internal:///./node_modules/@sentry/utils/esm/instrument.js:118
[  145138ms] [WARNING] [vue-i18n] Value of key 'Telegram' is not a string or function ! @ webpack-internal:///./node_modules/@sentry/utils/esm/instrument.js:118
[  145138ms] [WARNING] [vue-i18n] Cannot translate the value of keypath 'Telegram'. Use the value of keypath as default. @ webpack-internal:///./node_modules/@sentry/utils/esm/instrument.js:118
[  145139ms] [WARNING] [vue-i18n] Value of key 'Telegram' is not a string or function ! @ webpack-internal:///./node_modules/@sentry/utils/esm/instrument.js:118
[  145139ms] [WARNING] [vue-i18n] Cannot translate the value of keypath 'Telegram'. Use the value of keypath as default. @ webpack-internal:///./node_modules/@sentry/utils/esm/instrument.js:118
[  145346ms] [ERROR] Failed to load resource: the server responded with a status of 401 (Unauthorized) @ http://localhost:8000/api/v1/resume/GetMyResumes?exclude_default=false:0
[  145382ms] Error: Request failed with status code 401
    at createError (webpack-internal:///./node_modules/axios/lib/core/createError.js:16:15)
    at settle (webpack-internal:///./node_modules/axios/lib/core/settle.js:17:12)
    at XMLHttpRequest.onloadend (webpack-internal:///./node_modules/axios/lib/adapters/xhr.js:66:7)
[  152258ms] [ERROR] Failed to load resource: the server responded with a status of 404 (Not Found) @ http://localhost:8000/api/v1/company/vacancy/search/?page_size=12&status__terms=1__2__3&published_at__gte=&region=&salary_from__gte=&salary_to__lte=&salary_type__terms=1__2:0
[  152268ms] Error: Request failed with status code 404
    at createError (webpack-internal:///./node_modules/axios/lib/core/createError.js:16:15)
    at settle (webpack-internal:///./node_modules/axios/lib/core/settle.js:17:12)
    at XMLHttpRequest.onloadend (webpack-internal:///./node_modules/axios/lib/adapters/xhr.js:66:7)
[  155582ms] [WARNING] The resource http://localhost:3004/_nuxt/app.2e396e1cd0d87cfedf54.hot-update.js was preloaded using link preload but not used within a few seconds from the window's load event. Please make sure it has an appropriate `as` value and it is preloaded intentionally. @ http://localhost:3004/ru/worker/vacancy?district=:0
[  159099ms] [WARNING] The resource http://localhost:3004/_nuxt/app.2e396e1cd0d87cfedf54.hot-update.js was preloaded using link preload but not used within a few seconds from the window's load event. Please make sure it has an appropriate `as` value and it is preloaded intentionally. @ http://localhost:3004/ru/worker/vacancy?district=:0
[  197581ms] [LOG] [HMR] bundle rebuilding @ webpack-internal:///./node_modules/@sentry/utils/esm/instrument.js:118
