[    1781ms] [INFO] Download the Vue Devtools extension for a better development experience:
https://github.com/vuejs/vue-devtools @ webpack-internal:///./node_modules/vue/dist/vue.runtime.esm.js:8841
[    1781ms] [INFO] You are running Vue in development mode.
Make sure to turn on production mode when deploying for production.
See more tips at https://vuejs.org/guide/deployment.html @ webpack-internal:///./node_modules/vue/dist/vue.runtime.esm.js:8849
[    1782ms] [INFO] Download the Vue Devtools extension for a better development experience:
https://github.com/vuejs/vue-devtools @ webpack-internal:///./node_modules/vue/dist/vue.runtime.common.dev.js:8719
[    1782ms] [INFO] You are running Vue in development mode.
Make sure to turn on production mode when deploying for production.
See more tips at https://vuejs.org/guide/deployment.html @ webpack-internal:///./node_modules/vue/dist/vue.runtime.common.dev.js:8726
[    1795ms] [INFO] [nuxt-facebook-pixel-module] You are running in development mode. Set "debug: true" in your nuxt.config.js if you would like to trigger tracking events in local. @ webpack-internal:///./node_modules/@sentry/utils/esm/instrument.js:118
[    1804ms] [ERROR] Failed to load resource: net::ERR_CERT_COMMON_NAME_INVALID @ https://mc.yandex.ru/metrika/tag.js:0
[    1890ms] [LOG] [HMR] connected @ webpack-internal:///./node_modules/@sentry/utils/esm/instrument.js:118
[    1931ms] [WARNING] [vue-router] Route with name 'index___uz' does not exist @ webpack-internal:///./node_modules/@sentry/utils/esm/instrument.js:118
[    1932ms] [WARNING] [vue-router] Route with name 'index___ru___default' does not exist @ webpack-internal:///./node_modules/@sentry/utils/esm/instrument.js:118
[    1964ms] [WARNING] [vue-router] Route with name 'index___uz' does not exist @ webpack-internal:///./node_modules/@sentry/utils/esm/instrument.js:118
[    1964ms] [WARNING] [vue-router] Route with name 'index___ru___default' does not exist @ webpack-internal:///./node_modules/@sentry/utils/esm/instrument.js:118
[    2852ms] [WARNING] [vue-router] Route with name 'index___uz' does not exist @ webpack-internal:///./node_modules/@sentry/utils/esm/instrument.js:118
[    2852ms] [WARNING] [vue-router] Route with name 'index___ru___default' does not exist @ webpack-internal:///./node_modules/@sentry/utils/esm/instrument.js:118
[    3264ms] [WARNING] [vue-router] Route with name 'worker-advanced-search___ru___default' does not exist @ webpack-internal:///./node_modules/@sentry/utils/esm/instrument.js:118
[    5067ms] [WARNING] [vue-router] Route with name 'index___uz' does not exist @ webpack-internal:///./node_modules/@sentry/utils/esm/instrument.js:118
[    5068ms] [WARNING] [vue-router] Route with name 'index___ru___default' does not exist @ webpack-internal:///./node_modules/@sentry/utils/esm/instrument.js:118
[    5077ms] [WARNING] [vue-router] Route with name 'company-brand___ru___default' does not exist @ webpack-internal:///./node_modules/@sentry/utils/esm/instrument.js:118
[    5078ms] [WARNING] [vue-router] Route with name 'static-slug___ru___default' does not exist @ webpack-internal:///./node_modules/@sentry/utils/esm/instrument.js:118
[    5079ms] [WARNING] [vue-router] Route with name 'static-slug___ru___default' does not exist @ webpack-internal:///./node_modules/@sentry/utils/esm/instrument.js:118
[    5079ms] [WARNING] [vue-router] Route with name 'static-slug___ru___default' does not exist @ webpack-internal:///./node_modules/@sentry/utils/esm/instrument.js:118
[    5079ms] [WARNING] [vue-router] Route with name 'calendar___ru___default' does not exist @ webpack-internal:///./node_modules/@sentry/utils/esm/instrument.js:118
[    5080ms] [WARNING] [vue-i18n] Value of key 'Twitter' is not a string or function ! @ webpack-internal:///./node_modules/@sentry/utils/esm/instrument.js:118
[    5080ms] [WARNING] [vue-i18n] Cannot translate the value of keypath 'Twitter'. Use the value of keypath as default. @ webpack-internal:///./node_modules/@sentry/utils/esm/instrument.js:118
[    5080ms] [WARNING] [vue-i18n] Value of key 'Twitter' is not a string or function ! @ webpack-internal:///./node_modules/@sentry/utils/esm/instrument.js:118
[    5080ms] [WARNING] [vue-i18n] Cannot translate the value of keypath 'Twitter'. Use the value of keypath as default. @ webpack-internal:///./node_modules/@sentry/utils/esm/instrument.js:118
[    5080ms] [WARNING] [vue-i18n] Value of key 'Telegram' is not a string or function ! @ webpack-internal:///./node_modules/@sentry/utils/esm/instrument.js:118
[    5080ms] [WARNING] [vue-i18n] Cannot translate the value of keypath 'Telegram'. Use the value of keypath as default. @ webpack-internal:///./node_modules/@sentry/utils/esm/instrument.js:118
[    5080ms] [WARNING] [vue-i18n] Value of key 'Telegram' is not a string or function ! @ webpack-internal:///./node_modules/@sentry/utils/esm/instrument.js:118
[    5080ms] [WARNING] [vue-i18n] Cannot translate the value of keypath 'Telegram'. Use the value of keypath as default. @ webpack-internal:///./node_modules/@sentry/utils/esm/instrument.js:118
[    5096ms] [WARNING] [vue-router] Route with name 'company-brand___ru___default' does not exist @ webpack-internal:///./node_modules/@sentry/utils/esm/instrument.js:118
[    5097ms] [WARNING] [vue-router] Route with name 'static-slug___ru___default' does not exist @ webpack-internal:///./node_modules/@sentry/utils/esm/instrument.js:118
[    5098ms] [WARNING] [vue-router] Route with name 'static-slug___ru___default' does not exist @ webpack-internal:///./node_modules/@sentry/utils/esm/instrument.js:118
[    5098ms] [WARNING] [vue-router] Route with name 'static-slug___ru___default' does not exist @ webpack-internal:///./node_modules/@sentry/utils/esm/instrument.js:118
[    5099ms] [WARNING] [vue-router] Route with name 'calendar___ru___default' does not exist @ webpack-internal:///./node_modules/@sentry/utils/esm/instrument.js:118
[    5099ms] [WARNING] [vue-i18n] Value of key 'Twitter' is not a string or function ! @ webpack-internal:///./node_modules/@sentry/utils/esm/instrument.js:118
[    5099ms] [WARNING] [vue-i18n] Cannot translate the value of keypath 'Twitter'. Use the value of keypath as default. @ webpack-internal:///./node_modules/@sentry/utils/esm/instrument.js:118
[    5099ms] [WARNING] [vue-i18n] Value of key 'Twitter' is not a string or function ! @ webpack-internal:///./node_modules/@sentry/utils/esm/instrument.js:118
[    5099ms] [WARNING] [vue-i18n] Cannot translate the value of keypath 'Twitter'. Use the value of keypath as default. @ webpack-internal:///./node_modules/@sentry/utils/esm/instrument.js:118
[    5099ms] [WARNING] [vue-i18n] Value of key 'Telegram' is not a string or function ! @ webpack-internal:///./node_modules/@sentry/utils/esm/instrument.js:118
[    5099ms] [WARNING] [vue-i18n] Cannot translate the value of keypath 'Telegram'. Use the value of keypath as default. @ webpack-internal:///./node_modules/@sentry/utils/esm/instrument.js:118
[    5099ms] [WARNING] [vue-i18n] Value of key 'Telegram' is not a string or function ! @ webpack-internal:///./node_modules/@sentry/utils/esm/instrument.js:118
[    5099ms] [WARNING] [vue-i18n] Cannot translate the value of keypath 'Telegram'. Use the value of keypath as default. @ webpack-internal:///./node_modules/@sentry/utils/esm/instrument.js:118
[    7427ms] [WARNING] [vue-router] Route with name 'index___uz' does not exist @ webpack-internal:///./node_modules/@sentry/utils/esm/instrument.js:118
[    7428ms] [WARNING] [vue-router] Route with name 'index___ru___default' does not exist @ webpack-internal:///./node_modules/@sentry/utils/esm/instrument.js:118
[    8592ms] [WARNING] [vue-router] Route with name 'index___uz' does not exist @ webpack-internal:///./node_modules/@sentry/utils/esm/instrument.js:118
[    8592ms] [WARNING] [vue-router] Route with name 'index___ru___default' does not exist @ webpack-internal:///./node_modules/@sentry/utils/esm/instrument.js:118
[    8597ms] [WARNING] [vue-router] Route with name 'company-brand___ru___default' does not exist @ webpack-internal:///./node_modules/@sentry/utils/esm/instrument.js:118
[    8597ms] [WARNING] [vue-router] Route with name 'static-slug___ru___default' does not exist @ webpack-internal:///./node_modules/@sentry/utils/esm/instrument.js:118
[    8598ms] [WARNING] [vue-router] Route with name 'static-slug___ru___default' does not exist @ webpack-internal:///./node_modules/@sentry/utils/esm/instrument.js:118
[    8599ms] [WARNING] [vue-router] Route with name 'static-slug___ru___default' does not exist @ webpack-internal:///./node_modules/@sentry/utils/esm/instrument.js:118
[    8599ms] [WARNING] [vue-router] Route with name 'calendar___ru___default' does not exist @ webpack-internal:///./node_modules/@sentry/utils/esm/instrument.js:118
[    8599ms] [WARNING] [vue-i18n] Value of key 'Twitter' is not a string or function ! @ webpack-internal:///./node_modules/@sentry/utils/esm/instrument.js:118
[    8599ms] [WARNING] [vue-i18n] Cannot translate the value of keypath 'Twitter'. Use the value of keypath as default. @ webpack-internal:///./node_modules/@sentry/utils/esm/instrument.js:118
[    8599ms] [WARNING] [vue-i18n] Value of key 'Twitter' is not a string or function ! @ webpack-internal:///./node_modules/@sentry/utils/esm/instrument.js:118
[    8599ms] [WARNING] [vue-i18n] Cannot translate the value of keypath 'Twitter'. Use the value of keypath as default. @ webpack-internal:///./node_modules/@sentry/utils/esm/instrument.js:118
[    8599ms] [WARNING] [vue-i18n] Value of key 'Telegram' is not a string or function ! @ webpack-internal:///./node_modules/@sentry/utils/esm/instrument.js:118
[    8599ms] [WARNING] [vue-i18n] Cannot translate the value of keypath 'Telegram'. Use the value of keypath as default. @ webpack-internal:///./node_modules/@sentry/utils/esm/instrument.js:118
[    8600ms] [WARNING] [vue-i18n] Value of key 'Telegram' is not a string or function ! @ webpack-internal:///./node_modules/@sentry/utils/esm/instrument.js:118
[    8600ms] [WARNING] [vue-i18n] Cannot translate the value of keypath 'Telegram'. Use the value of keypath as default. @ webpack-internal:///./node_modules/@sentry/utils/esm/instrument.js:118
[    9530ms] [WARNING] [vue-router] Route with name 'worker-advanced-search___ru___default' does not exist @ webpack-internal:///./node_modules/@sentry/utils/esm/instrument.js:118
[   13573ms] [WARNING] The resource http://localhost:3004/_nuxt/app.ebdaf31f8e2339091777.hot-update.js was preloaded using link preload but not used within a few seconds from the window's load event. Please make sure it has an appropriate `as` value and it is preloaded intentionally. @ http://localhost:3004/ru/:0
[  699518ms] [LOG] [HMR] bundle rebuilding @ webpack-internal:///./node_modules/@sentry/utils/esm/instrument.js:118
