[    3014ms] [INFO] Download the Vue Devtools extension for a better development experience:
https://github.com/vuejs/vue-devtools @ webpack-internal:///./node_modules/vue/dist/vue.runtime.esm.js:8841
[    3014ms] [INFO] You are running Vue in development mode.
Make sure to turn on production mode when deploying for production.
See more tips at https://vuejs.org/guide/deployment.html @ webpack-internal:///./node_modules/vue/dist/vue.runtime.esm.js:8849
[    3015ms] [INFO] Download the Vue Devtools extension for a better development experience:
https://github.com/vuejs/vue-devtools @ webpack-internal:///./node_modules/vue/dist/vue.runtime.common.dev.js:8719
[    3015ms] [INFO] You are running Vue in development mode.
Make sure to turn on production mode when deploying for production.
See more tips at https://vuejs.org/guide/deployment.html @ webpack-internal:///./node_modules/vue/dist/vue.runtime.common.dev.js:8726
[    3041ms] [INFO] [nuxt-facebook-pixel-module] You are running in development mode. Set "debug: true" in your nuxt.config.js if you would like to trigger tracking events in local. @ webpack-internal:///./node_modules/@sentry/utils/esm/instrument.js:118
[    3093ms] [LOG] [HMR] connected @ webpack-internal:///./node_modules/@sentry/utils/esm/instrument.js:118
[    5491ms] [WARNING] [vue-i18n] Value of key 'Twitter' is not a string or function ! @ webpack-internal:///./node_modules/@sentry/utils/esm/instrument.js:118
[    5493ms] [WARNING] [vue-i18n] Cannot translate the value of keypath 'Twitter'. Use the value of keypath as default. @ webpack-internal:///./node_modules/@sentry/utils/esm/instrument.js:118
[    5494ms] [WARNING] [vue-i18n] Value of key 'Twitter' is not a string or function ! @ webpack-internal:///./node_modules/@sentry/utils/esm/instrument.js:118
[    5495ms] [WARNING] [vue-i18n] Cannot translate the value of keypath 'Twitter'. Use the value of keypath as default. @ webpack-internal:///./node_modules/@sentry/utils/esm/instrument.js:118
[    5496ms] [WARNING] [vue-i18n] Value of key 'Telegram' is not a string or function ! @ webpack-internal:///./node_modules/@sentry/utils/esm/instrument.js:118
[    5497ms] [WARNING] [vue-i18n] Cannot translate the value of keypath 'Telegram'. Use the value of keypath as default. @ webpack-internal:///./node_modules/@sentry/utils/esm/instrument.js:118
[    5498ms] [WARNING] [vue-i18n] Value of key 'Telegram' is not a string or function ! @ webpack-internal:///./node_modules/@sentry/utils/esm/instrument.js:118
[    5499ms] [WARNING] [vue-i18n] Cannot translate the value of keypath 'Telegram'. Use the value of keypath as default. @ webpack-internal:///./node_modules/@sentry/utils/esm/instrument.js:118
[    5533ms] [WARNING] [vue-i18n] Value of key 'Twitter' is not a string or function ! @ webpack-internal:///./node_modules/@sentry/utils/esm/instrument.js:118
[    5534ms] [WARNING] [vue-i18n] Cannot translate the value of keypath 'Twitter'. Use the value of keypath as default. @ webpack-internal:///./node_modules/@sentry/utils/esm/instrument.js:118
[    5535ms] [WARNING] [vue-i18n] Value of key 'Twitter' is not a string or function ! @ webpack-internal:///./node_modules/@sentry/utils/esm/instrument.js:118
[    5536ms] [WARNING] [vue-i18n] Cannot translate the value of keypath 'Twitter'. Use the value of keypath as default. @ webpack-internal:///./node_modules/@sentry/utils/esm/instrument.js:118
[    5537ms] [WARNING] [vue-i18n] Value of key 'Telegram' is not a string or function ! @ webpack-internal:///./node_modules/@sentry/utils/esm/instrument.js:118
[    5538ms] [WARNING] [vue-i18n] Cannot translate the value of keypath 'Telegram'. Use the value of keypath as default. @ webpack-internal:///./node_modules/@sentry/utils/esm/instrument.js:118
[    5540ms] [WARNING] [vue-i18n] Value of key 'Telegram' is not a string or function ! @ webpack-internal:///./node_modules/@sentry/utils/esm/instrument.js:118
[    5541ms] [WARNING] [vue-i18n] Cannot translate the value of keypath 'Telegram'. Use the value of keypath as default. @ webpack-internal:///./node_modules/@sentry/utils/esm/instrument.js:118
[   11826ms] [WARNING] The resource http://localhost:3004/_nuxt/app.07b1772dc0c70e0c5ba3.hot-update.js was preloaded using link preload but not used within a few seconds from the window's load event. Please make sure it has an appropriate `as` value and it is preloaded intentionally. @ http://localhost:3004/ru/events:0
[   21885ms] [WARNING] The resource http://localhost:3004/_nuxt/app.07b1772dc0c70e0c5ba3.hot-update.js was preloaded using link preload but not used within a few seconds from the window's load event. Please make sure it has an appropriate `as` value and it is preloaded intentionally. @ http://localhost:3004/ru/events:0
[   46050ms] [LOG] [HMR] bundle rebuilding @ webpack-internal:///./node_modules/@sentry/utils/esm/instrument.js:118
[   52844ms] [ERROR] Failed to load resource: net::ERR_INCOMPLETE_CHUNKED_ENCODING @ http://localhost:3004/__webpack_hmr/client:0
[   52844ms] [ERROR] Failed to load resource: net::ERR_INCOMPLETE_CHUNKED_ENCODING @ http://localhost:3004/_loading/sse:0
[   55850ms] [WARNING] The resource http://localhost:3004/_nuxt/app.07b1772dc0c70e0c5ba3.hot-update.js was preloaded using link preload but not used within a few seconds from the window's load event. Please make sure it has an appropriate `as` value and it is preloaded intentionally. @ http://localhost:3004/ru/events:0
[  134685ms] [LOG] [HMR] connected @ webpack-internal:///./node_modules/@sentry/utils/esm/instrument.js:118
[  134693ms] [LOG] [HMR] Checking for updates on the server... @ webpack-internal:///./node_modules/@sentry/utils/esm/instrument.js:118
[  134954ms] [LOG] [HMR] bundle rebuilding @ webpack-internal:///./node_modules/@sentry/utils/esm/instrument.js:118
[  142507ms] [LOG] [HMR] bundle 'client' rebuilt in 6435ms @ webpack-internal:///./node_modules/@sentry/utils/esm/instrument.js:118
[  142520ms] [ERROR] Failed to load resource: the server responded with a status of 404 (Not Found) @ http://localhost:3004/_nuxt/51bb76046e355b6923dc.hot-update.json:0
[  142521ms] [WARNING] [HMR] Cannot find update (Full reload needed) @ webpack-internal:///./node_modules/@sentry/utils/esm/instrument.js:118
[  142521ms] [WARNING] [HMR] (Probably because of restarting the server) @ webpack-internal:///./node_modules/@sentry/utils/esm/instrument.js:118
[  142521ms] [WARNING] [HMR] Reloading page @ webpack-internal:///./node_modules/@sentry/utils/esm/instrument.js:118
[  145813ms] [INFO] Download the Vue Devtools extension for a better development experience:
https://github.com/vuejs/vue-devtools @ webpack-internal:///./node_modules/vue/dist/vue.runtime.esm.js:8841
[  145813ms] [INFO] You are running Vue in development mode.
Make sure to turn on production mode when deploying for production.
See more tips at https://vuejs.org/guide/deployment.html @ webpack-internal:///./node_modules/vue/dist/vue.runtime.esm.js:8849
[  145815ms] [INFO] Download the Vue Devtools extension for a better development experience:
https://github.com/vuejs/vue-devtools @ webpack-internal:///./node_modules/vue/dist/vue.runtime.common.dev.js:8719
[  145815ms] [INFO] You are running Vue in development mode.
Make sure to turn on production mode when deploying for production.
See more tips at https://vuejs.org/guide/deployment.html @ webpack-internal:///./node_modules/vue/dist/vue.runtime.common.dev.js:8726
[  145927ms] [INFO] [nuxt-facebook-pixel-module] You are running in development mode. Set "debug: true" in your nuxt.config.js if you would like to trigger tracking events in local. @ webpack-internal:///./node_modules/@sentry/utils/esm/instrument.js:118
[  145989ms] [LOG] [HMR] connected @ webpack-internal:///./node_modules/@sentry/utils/esm/instrument.js:118
[  148674ms] [WARNING] [vue-i18n] Value of key 'Twitter' is not a string or function ! @ webpack-internal:///./node_modules/@sentry/utils/esm/instrument.js:118
[  148676ms] [WARNING] [vue-i18n] Cannot translate the value of keypath 'Twitter'. Use the value of keypath as default. @ webpack-internal:///./node_modules/@sentry/utils/esm/instrument.js:118
[  148677ms] [WARNING] [vue-i18n] Value of key 'Twitter' is not a string or function ! @ webpack-internal:///./node_modules/@sentry/utils/esm/instrument.js:118
[  148678ms] [WARNING] [vue-i18n] Cannot translate the value of keypath 'Twitter'. Use the value of keypath as default. @ webpack-internal:///./node_modules/@sentry/utils/esm/instrument.js:118
[  148680ms] [WARNING] [vue-i18n] Value of key 'Telegram' is not a string or function ! @ webpack-internal:///./node_modules/@sentry/utils/esm/instrument.js:118
[  148681ms] [WARNING] [vue-i18n] Cannot translate the value of keypath 'Telegram'. Use the value of keypath as default. @ webpack-internal:///./node_modules/@sentry/utils/esm/instrument.js:118
[  148683ms] [WARNING] [vue-i18n] Value of key 'Telegram' is not a string or function ! @ webpack-internal:///./node_modules/@sentry/utils/esm/instrument.js:118
[  148684ms] [WARNING] [vue-i18n] Cannot translate the value of keypath 'Telegram'. Use the value of keypath as default. @ webpack-internal:///./node_modules/@sentry/utils/esm/instrument.js:118
[  148724ms] [WARNING] [vue-i18n] Value of key 'Twitter' is not a string or function ! @ webpack-internal:///./node_modules/@sentry/utils/esm/instrument.js:118
[  148725ms] [WARNING] [vue-i18n] Cannot translate the value of keypath 'Twitter'. Use the value of keypath as default. @ webpack-internal:///./node_modules/@sentry/utils/esm/instrument.js:118
[  148726ms] [WARNING] [vue-i18n] Value of key 'Twitter' is not a string or function ! @ webpack-internal:///./node_modules/@sentry/utils/esm/instrument.js:118
[  148727ms] [WARNING] [vue-i18n] Cannot translate the value of keypath 'Twitter'. Use the value of keypath as default. @ webpack-internal:///./node_modules/@sentry/utils/esm/instrument.js:118
[  148728ms] [WARNING] [vue-i18n] Value of key 'Telegram' is not a string or function ! @ webpack-internal:///./node_modules/@sentry/utils/esm/instrument.js:118
[  148729ms] [WARNING] [vue-i18n] Cannot translate the value of keypath 'Telegram'. Use the value of keypath as default. @ webpack-internal:///./node_modules/@sentry/utils/esm/instrument.js:118
[  148730ms] [WARNING] [vue-i18n] Value of key 'Telegram' is not a string or function ! @ webpack-internal:///./node_modules/@sentry/utils/esm/instrument.js:118
[  148731ms] [WARNING] [vue-i18n] Cannot translate the value of keypath 'Telegram'. Use the value of keypath as default. @ webpack-internal:///./node_modules/@sentry/utils/esm/instrument.js:118
[  154511ms] [WARNING] The resource http://localhost:3004/_nuxt/vendors/app.8a441cdb6120634bb314.hot-update.js was preloaded using link preload but not used within a few seconds from the window's load event. Please make sure it has an appropriate `as` value and it is preloaded intentionally. @ http://localhost:3004/ru/events:0
[  154511ms] [WARNING] The resource http://localhost:3004/_nuxt/app.8a441cdb6120634bb314.hot-update.js was preloaded using link preload but not used within a few seconds from the window's load event. Please make sure it has an appropriate `as` value and it is preloaded intentionally. @ http://localhost:3004/ru/events:0
[  201498ms] [LOG] [HMR] bundle rebuilding @ webpack-internal:///./node_modules/@sentry/utils/esm/instrument.js:118
[  212629ms] [LOG] [HMR] bundle 'client' rebuilt in 10037ms @ webpack-internal:///./node_modules/@sentry/utils/esm/instrument.js:118
[  212638ms] [LOG] [HMR] Checking for updates on the server... @ webpack-internal:///./node_modules/@sentry/utils/esm/instrument.js:118
[  212639ms] [LOG] [HMR] bundle rebuilding @ webpack-internal:///./node_modules/@sentry/utils/esm/instrument.js:118
[  222646ms] [WARNING] [HMR] Update check failed: Error: Manifest request to /_nuxt/bd7f8856be6d5d4d776a.hot-update.json timed out.
    at request.onreadystatechange (http://localhost:3004/_nuxt/runtime.js:92:16) @ webpack-internal:///./node_modules/@sentry/utils/esm/instrument.js:118
[  222671ms] Error: Manifest request to /_nuxt/bd7f8856be6d5d4d776a.hot-update.json timed out.
    at request.onreadystatechange (http://localhost:3004/_nuxt/runtime.js:92:16)
[  223434ms] [LOG] [HMR] bundle 'client' rebuilt in 9688ms @ webpack-internal:///./node_modules/@sentry/utils/esm/instrument.js:118
[  223443ms] [LOG] [HMR] bundle rebuilding @ webpack-internal:///./node_modules/@sentry/utils/esm/instrument.js:118
[  225925ms] [WARNING] The resource http://localhost:3004/_nuxt/vendors/app.8a441cdb6120634bb314.hot-update.js was preloaded using link preload but not used within a few seconds from the window's load event. Please make sure it has an appropriate `as` value and it is preloaded intentionally. @ http://localhost:3004/ru/events:0
[  225925ms] [WARNING] The resource http://localhost:3004/_nuxt/app.8a441cdb6120634bb314.hot-update.js was preloaded using link preload but not used within a few seconds from the window's load event. Please make sure it has an appropriate `as` value and it is preloaded intentionally. @ http://localhost:3004/ru/events:0
[  233762ms] [LOG] [HMR] bundle 'client' rebuilt in 9250ms @ webpack-internal:///./node_modules/@sentry/utils/esm/instrument.js:118
[  403778ms] [LOG] [HMR] bundle rebuilding @ webpack-internal:///./node_modules/@sentry/utils/esm/instrument.js:118
[  414749ms] [LOG] [HMR] bundle 'client' rebuilt in 9883ms @ webpack-internal:///./node_modules/@sentry/utils/esm/instrument.js:118
[  414758ms] [LOG] [HMR] bundle rebuilding @ webpack-internal:///./node_modules/@sentry/utils/esm/instrument.js:118
[  425360ms] [LOG] [HMR] bundle 'client' rebuilt in 9509ms @ webpack-internal:///./node_modules/@sentry/utils/esm/instrument.js:118
[  425369ms] [LOG] [HMR] bundle rebuilding @ webpack-internal:///./node_modules/@sentry/utils/esm/instrument.js:118
[  436015ms] [LOG] [HMR] bundle 'client' rebuilt in 9575ms @ webpack-internal:///./node_modules/@sentry/utils/esm/instrument.js:118
[  436024ms] [LOG] [HMR] bundle rebuilding @ webpack-internal:///./node_modules/@sentry/utils/esm/instrument.js:118
[  446732ms] [LOG] [HMR] bundle 'client' rebuilt in 9634ms @ webpack-internal:///./node_modules/@sentry/utils/esm/instrument.js:118
[  446741ms] [LOG] [HMR] bundle rebuilding @ webpack-internal:///./node_modules/@sentry/utils/esm/instrument.js:118
[  457256ms] [LOG] [HMR] bundle 'client' rebuilt in 9440ms @ webpack-internal:///./node_modules/@sentry/utils/esm/instrument.js:118
[  457266ms] [LOG] [HMR] bundle rebuilding @ webpack-internal:///./node_modules/@sentry/utils/esm/instrument.js:118
[  467920ms] [LOG] [HMR] bundle 'client' rebuilt in 9576ms @ webpack-internal:///./node_modules/@sentry/utils/esm/instrument.js:118
[  467929ms] [LOG] [HMR] bundle rebuilding @ webpack-internal:///./node_modules/@sentry/utils/esm/instrument.js:118
[  478555ms] [LOG] [HMR] bundle 'client' rebuilt in 9485ms @ webpack-internal:///./node_modules/@sentry/utils/esm/instrument.js:118
[  478564ms] [LOG] [HMR] bundle rebuilding @ webpack-internal:///./node_modules/@sentry/utils/esm/instrument.js:118
[  489116ms] [LOG] [HMR] bundle 'client' rebuilt in 9403ms @ webpack-internal:///./node_modules/@sentry/utils/esm/instrument.js:118
[  489125ms] [LOG] [HMR] bundle rebuilding @ webpack-internal:///./node_modules/@sentry/utils/esm/instrument.js:118
[  499531ms] [LOG] [HMR] bundle 'client' rebuilt in 9288ms @ webpack-internal:///./node_modules/@sentry/utils/esm/instrument.js:118
[  499540ms] [LOG] [HMR] bundle rebuilding @ webpack-internal:///./node_modules/@sentry/utils/esm/instrument.js:118
[  510093ms] [LOG] [HMR] bundle 'client' rebuilt in 9480ms @ webpack-internal:///./node_modules/@sentry/utils/esm/instrument.js:118
[  510103ms] [LOG] [HMR] bundle rebuilding @ webpack-internal:///./node_modules/@sentry/utils/esm/instrument.js:118
[  520438ms] [LOG] [HMR] bundle 'client' rebuilt in 9266ms @ webpack-internal:///./node_modules/@sentry/utils/esm/instrument.js:118
[  520448ms] [LOG] [HMR] bundle rebuilding @ webpack-internal:///./node_modules/@sentry/utils/esm/instrument.js:118
[  531164ms] [LOG] [HMR] bundle 'client' rebuilt in 9413ms @ webpack-internal:///./node_modules/@sentry/utils/esm/instrument.js:118
[  531173ms] [LOG] [HMR] bundle rebuilding @ webpack-internal:///./node_modules/@sentry/utils/esm/instrument.js:118
[  541651ms] [LOG] [HMR] bundle 'client' rebuilt in 9339ms @ webpack-internal:///./node_modules/@sentry/utils/esm/instrument.js:118
[  541661ms] [LOG] [HMR] bundle rebuilding @ webpack-internal:///./node_modules/@sentry/utils/esm/instrument.js:118
[  552066ms] [LOG] [HMR] bundle 'client' rebuilt in 9329ms @ webpack-internal:///./node_modules/@sentry/utils/esm/instrument.js:118
[  552075ms] [LOG] [HMR] bundle rebuilding @ webpack-internal:///./node_modules/@sentry/utils/esm/instrument.js:118
[  562650ms] [LOG] [HMR] bundle 'client' rebuilt in 9484ms @ webpack-internal:///./node_modules/@sentry/utils/esm/instrument.js:118
[  562659ms] [LOG] [HMR] bundle rebuilding @ webpack-internal:///./node_modules/@sentry/utils/esm/instrument.js:118
[  573287ms] [LOG] [HMR] bundle 'client' rebuilt in 9556ms @ webpack-internal:///./node_modules/@sentry/utils/esm/instrument.js:118
[  573296ms] [LOG] [HMR] bundle rebuilding @ webpack-internal:///./node_modules/@sentry/utils/esm/instrument.js:118
[  584060ms] [LOG] [HMR] bundle 'client' rebuilt in 9696ms @ webpack-internal:///./node_modules/@sentry/utils/esm/instrument.js:118
[  584069ms] [LOG] [HMR] bundle rebuilding @ webpack-internal:///./node_modules/@sentry/utils/esm/instrument.js:118
[  594782ms] [LOG] [HMR] bundle 'client' rebuilt in 9625ms @ webpack-internal:///./node_modules/@sentry/utils/esm/instrument.js:118
[  594792ms] [LOG] [HMR] bundle rebuilding @ webpack-internal:///./node_modules/@sentry/utils/esm/instrument.js:118
[  605371ms] [LOG] [HMR] bundle 'client' rebuilt in 9498ms @ webpack-internal:///./node_modules/@sentry/utils/esm/instrument.js:118
[  626937ms] [LOG] [HMR] bundle rebuilding @ webpack-internal:///./node_modules/@sentry/utils/esm/instrument.js:118
[  637827ms] [LOG] [HMR] bundle 'client' rebuilt in 9794ms @ webpack-internal:///./node_modules/@sentry/utils/esm/instrument.js:118
[  637837ms] [LOG] [HMR] bundle rebuilding @ webpack-internal:///./node_modules/@sentry/utils/esm/instrument.js:118
[  648522ms] [LOG] [HMR] bundle 'client' rebuilt in 9616ms @ webpack-internal:///./node_modules/@sentry/utils/esm/instrument.js:118
[  648531ms] [LOG] [HMR] bundle rebuilding @ webpack-internal:///./node_modules/@sentry/utils/esm/instrument.js:118
[  659095ms] [LOG] [HMR] bundle 'client' rebuilt in 9434ms @ webpack-internal:///./node_modules/@sentry/utils/esm/instrument.js:118
[  677065ms] [LOG] [HMR] bundle rebuilding @ webpack-internal:///./node_modules/@sentry/utils/esm/instrument.js:118
[  684378ms] [LOG] [HMR] bundle 'client' rebuilt in 6211ms @ webpack-internal:///./node_modules/@sentry/utils/esm/instrument.js:118
[  684386ms] [LOG] [HMR] bundle rebuilding @ webpack-internal:///./node_modules/@sentry/utils/esm/instrument.js:118
[  691616ms] [LOG] [HMR] bundle 'client' rebuilt in 6145ms @ webpack-internal:///./node_modules/@sentry/utils/esm/instrument.js:118
[  691625ms] [LOG] [HMR] bundle rebuilding @ webpack-internal:///./node_modules/@sentry/utils/esm/instrument.js:118
[  698557ms] [LOG] [HMR] bundle 'client' rebuilt in 5876ms @ webpack-internal:///./node_modules/@sentry/utils/esm/instrument.js:118
[  698566ms] [LOG] [HMR] bundle rebuilding @ webpack-internal:///./node_modules/@sentry/utils/esm/instrument.js:118
[  705632ms] [LOG] [HMR] bundle 'client' rebuilt in 5994ms @ webpack-internal:///./node_modules/@sentry/utils/esm/instrument.js:118
[  705641ms] [LOG] [HMR] bundle rebuilding @ webpack-internal:///./node_modules/@sentry/utils/esm/instrument.js:118
[  712899ms] [LOG] [HMR] bundle 'client' rebuilt in 6196ms @ webpack-internal:///./node_modules/@sentry/utils/esm/instrument.js:118
[  712938ms] [LOG] [HMR] bundle rebuilding @ webpack-internal:///./node_modules/@sentry/utils/esm/instrument.js:118
[  719833ms] [LOG] [HMR] bundle 'client' rebuilt in 5803ms @ webpack-internal:///./node_modules/@sentry/utils/esm/instrument.js:118
[  741857ms] [LOG] [HMR] bundle rebuilding @ webpack-internal:///./node_modules/@sentry/utils/esm/instrument.js:118
[  750614ms] [LOG] [HMR] bundle 'client' rebuilt in 7683ms @ webpack-internal:///./node_modules/@sentry/utils/esm/instrument.js:118
[  750623ms] [LOG] [HMR] bundle rebuilding @ webpack-internal:///./node_modules/@sentry/utils/esm/instrument.js:118
[  758642ms] [LOG] [HMR] bundle 'client' rebuilt in 6943ms @ webpack-internal:///./node_modules/@sentry/utils/esm/instrument.js:118
[  787356ms] [LOG] [HMR] bundle rebuilding @ webpack-internal:///./node_modules/@sentry/utils/esm/instrument.js:118
[  796258ms] [LOG] [HMR] bundle 'client' rebuilt in 7817ms @ webpack-internal:///./node_modules/@sentry/utils/esm/instrument.js:118
[  796267ms] [LOG] [HMR] bundle rebuilding @ webpack-internal:///./node_modules/@sentry/utils/esm/instrument.js:118
[  804409ms] [LOG] [HMR] bundle 'client' rebuilt in 7020ms @ webpack-internal:///./node_modules/@sentry/utils/esm/instrument.js:118
[  804834ms] [LOG] [HMR] bundle rebuilding @ webpack-internal:///./node_modules/@sentry/utils/esm/instrument.js:118
[  813454ms] [LOG] [HMR] bundle 'client' rebuilt in 7528ms @ webpack-internal:///./node_modules/@sentry/utils/esm/instrument.js:118
[  813463ms] [LOG] [HMR] bundle rebuilding @ webpack-internal:///./node_modules/@sentry/utils/esm/instrument.js:118
[  822822ms] [LOG] [HMR] bundle 'client' rebuilt in 7373ms @ webpack-internal:///./node_modules/@sentry/utils/esm/instrument.js:118
[  822831ms] [LOG] [HMR] bundle rebuilding @ webpack-internal:///./node_modules/@sentry/utils/esm/instrument.js:118
[  829773ms] [LOG] [HMR] bundle 'client' rebuilt in 5883ms @ webpack-internal:///./node_modules/@sentry/utils/esm/instrument.js:118
[  838213ms] [LOG] [HMR] bundle rebuilding @ webpack-internal:///./node_modules/@sentry/utils/esm/instrument.js:118
[  846788ms] [LOG] [HMR] bundle 'client' rebuilt in 7487ms @ webpack-internal:///./node_modules/@sentry/utils/esm/instrument.js:118
[  846797ms] [LOG] [HMR] bundle rebuilding @ webpack-internal:///./node_modules/@sentry/utils/esm/instrument.js:118
[  855381ms] [LOG] [HMR] bundle 'client' rebuilt in 7520ms @ webpack-internal:///./node_modules/@sentry/utils/esm/instrument.js:118
[  855390ms] [LOG] [HMR] bundle rebuilding @ webpack-internal:///./node_modules/@sentry/utils/esm/instrument.js:118
[  864019ms] [LOG] [HMR] bundle 'client' rebuilt in 7558ms @ webpack-internal:///./node_modules/@sentry/utils/esm/instrument.js:118
[11892969ms] [LOG] [HMR] bundle rebuilding @ webpack-internal:///./node_modules/@sentry/utils/esm/instrument.js:118
[11902577ms] [LOG] [HMR] bundle 'client' rebuilt in 8519ms @ webpack-internal:///./node_modules/@sentry/utils/esm/instrument.js:118
[11902586ms] [LOG] [HMR] bundle rebuilding @ webpack-internal:///./node_modules/@sentry/utils/esm/instrument.js:118
[11910601ms] [LOG] [HMR] bundle 'client' rebuilt in 6945ms @ webpack-internal:///./node_modules/@sentry/utils/esm/instrument.js:118
[11910610ms] [LOG] [HMR] bundle rebuilding @ webpack-internal:///./node_modules/@sentry/utils/esm/instrument.js:118
[11918737ms] [LOG] [HMR] bundle 'client' rebuilt in 7056ms @ webpack-internal:///./node_modules/@sentry/utils/esm/instrument.js:118
[11921526ms] [LOG] [HMR] bundle rebuilding @ webpack-internal:///./node_modules/@sentry/utils/esm/instrument.js:118
[11929481ms] [LOG] [HMR] bundle 'client' rebuilt in 6815ms @ webpack-internal:///./node_modules/@sentry/utils/esm/instrument.js:118
[11929489ms] [LOG] [HMR] bundle rebuilding @ webpack-internal:///./node_modules/@sentry/utils/esm/instrument.js:118
[11937888ms] [LOG] [HMR] bundle 'client' rebuilt in 7317ms @ webpack-internal:///./node_modules/@sentry/utils/esm/instrument.js:118
[11937897ms] [LOG] [HMR] bundle rebuilding @ webpack-internal:///./node_modules/@sentry/utils/esm/instrument.js:118
[11945822ms] [LOG] [HMR] bundle 'client' rebuilt in 6850ms @ webpack-internal:///./node_modules/@sentry/utils/esm/instrument.js:118
[11945831ms] [LOG] [HMR] bundle rebuilding @ webpack-internal:///./node_modules/@sentry/utils/esm/instrument.js:118
[11953634ms] [LOG] [HMR] bundle 'client' rebuilt in 6746ms @ webpack-internal:///./node_modules/@sentry/utils/esm/instrument.js:118
[11957112ms] [LOG] [HMR] bundle rebuilding @ webpack-internal:///./node_modules/@sentry/utils/esm/instrument.js:118
[11964752ms] [LOG] [HMR] bundle 'client' rebuilt in 6538ms @ webpack-internal:///./node_modules/@sentry/utils/esm/instrument.js:118
[11964764ms] [LOG] [HMR] bundle rebuilding @ webpack-internal:///./node_modules/@sentry/utils/esm/instrument.js:118
[11971905ms] [LOG] [HMR] bundle 'client' rebuilt in 6103ms @ webpack-internal:///./node_modules/@sentry/utils/esm/instrument.js:118
[11971915ms] [LOG] [HMR] bundle rebuilding @ webpack-internal:///./node_modules/@sentry/utils/esm/instrument.js:118
[11979489ms] [LOG] [HMR] bundle 'client' rebuilt in 6510ms @ webpack-internal:///./node_modules/@sentry/utils/esm/instrument.js:118
[11979499ms] [LOG] [HMR] bundle rebuilding @ webpack-internal:///./node_modules/@sentry/utils/esm/instrument.js:118
[11986472ms] [LOG] [HMR] bundle 'client' rebuilt in 5902ms @ webpack-internal:///./node_modules/@sentry/utils/esm/instrument.js:118
[11989198ms] [LOG] [HMR] bundle rebuilding @ webpack-internal:///./node_modules/@sentry/utils/esm/instrument.js:118
[11997013ms] [LOG] [HMR] bundle 'client' rebuilt in 6727ms @ webpack-internal:///./node_modules/@sentry/utils/esm/instrument.js:118
[11997022ms] [LOG] [HMR] bundle rebuilding @ webpack-internal:///./node_modules/@sentry/utils/esm/instrument.js:118
[12003821ms] [LOG] [HMR] bundle 'client' rebuilt in 5716ms @ webpack-internal:///./node_modules/@sentry/utils/esm/instrument.js:118
[12003829ms] [LOG] [HMR] bundle rebuilding @ webpack-internal:///./node_modules/@sentry/utils/esm/instrument.js:118
[12011827ms] [LOG] [HMR] bundle 'client' rebuilt in 6937ms @ webpack-internal:///./node_modules/@sentry/utils/esm/instrument.js:118
[12011837ms] [LOG] [HMR] bundle rebuilding @ webpack-internal:///./node_modules/@sentry/utils/esm/instrument.js:118
[12019864ms] [LOG] [HMR] bundle 'client' rebuilt in 6488ms @ webpack-internal:///./node_modules/@sentry/utils/esm/instrument.js:118
[12020899ms] [LOG] [HMR] bundle rebuilding @ webpack-internal:///./node_modules/@sentry/utils/esm/instrument.js:118
[12028160ms] [LOG] [HMR] bundle 'client' rebuilt in 6180ms @ webpack-internal:///./node_modules/@sentry/utils/esm/instrument.js:118
[12028170ms] [LOG] [HMR] bundle rebuilding @ webpack-internal:///./node_modules/@sentry/utils/esm/instrument.js:118
[12034926ms] [LOG] [HMR] bundle 'client' rebuilt in 5695ms @ webpack-internal:///./node_modules/@sentry/utils/esm/instrument.js:118
[12035646ms] [LOG] [HMR] bundle rebuilding @ webpack-internal:///./node_modules/@sentry/utils/esm/instrument.js:118
[12042739ms] [LOG] [HMR] bundle 'client' rebuilt in 6009ms @ webpack-internal:///./node_modules/@sentry/utils/esm/instrument.js:118
[12042752ms] [LOG] [HMR] bundle rebuilding @ webpack-internal:///./node_modules/@sentry/utils/esm/instrument.js:118
[12049657ms] [LOG] [HMR] bundle 'client' rebuilt in 5851ms @ webpack-internal:///./node_modules/@sentry/utils/esm/instrument.js:118
[12184916ms] [LOG] [HMR] bundle rebuilding @ webpack-internal:///./node_modules/@sentry/utils/esm/instrument.js:118
[12192204ms] [LOG] [HMR] bundle 'client' rebuilt in 6198ms @ webpack-internal:///./node_modules/@sentry/utils/esm/instrument.js:118
[12192212ms] [LOG] [HMR] bundle rebuilding @ webpack-internal:///./node_modules/@sentry/utils/esm/instrument.js:118
[12200311ms] [LOG] [HMR] bundle 'client' rebuilt in 6059ms @ webpack-internal:///./node_modules/@sentry/utils/esm/instrument.js:118
[12201296ms] [LOG] [HMR] bundle rebuilding @ webpack-internal:///./node_modules/@sentry/utils/esm/instrument.js:118
[12208317ms] [LOG] [HMR] bundle 'client' rebuilt in 5914ms @ webpack-internal:///./node_modules/@sentry/utils/esm/instrument.js:118
[12208326ms] [LOG] [HMR] bundle rebuilding @ webpack-internal:///./node_modules/@sentry/utils/esm/instrument.js:118
[12216218ms] [LOG] [HMR] bundle 'client' rebuilt in 6825ms @ webpack-internal:///./node_modules/@sentry/utils/esm/instrument.js:118
[12216226ms] [LOG] [HMR] bundle rebuilding @ webpack-internal:///./node_modules/@sentry/utils/esm/instrument.js:118
[12223725ms] [LOG] [HMR] bundle 'client' rebuilt in 6456ms @ webpack-internal:///./node_modules/@sentry/utils/esm/instrument.js:118
[12223735ms] [LOG] [HMR] bundle rebuilding @ webpack-internal:///./node_modules/@sentry/utils/esm/instrument.js:118
[12230978ms] [LOG] [HMR] bundle 'client' rebuilt in 6156ms @ webpack-internal:///./node_modules/@sentry/utils/esm/instrument.js:118
[12230988ms] [LOG] [HMR] bundle rebuilding @ webpack-internal:///./node_modules/@sentry/utils/esm/instrument.js:118
[12238643ms] [LOG] [HMR] bundle 'client' rebuilt in 6594ms @ webpack-internal:///./node_modules/@sentry/utils/esm/instrument.js:118
[12238653ms] [LOG] [HMR] bundle rebuilding @ webpack-internal:///./node_modules/@sentry/utils/esm/instrument.js:118
[12245960ms] [LOG] [HMR] bundle 'client' rebuilt in 6234ms @ webpack-internal:///./node_modules/@sentry/utils/esm/instrument.js:118
[12246962ms] [LOG] [HMR] bundle rebuilding @ webpack-internal:///./node_modules/@sentry/utils/esm/instrument.js:118
[12254678ms] [LOG] [HMR] bundle 'client' rebuilt in 6610ms @ webpack-internal:///./node_modules/@sentry/utils/esm/instrument.js:118
[12254687ms] [LOG] [HMR] bundle rebuilding @ webpack-internal:///./node_modules/@sentry/utils/esm/instrument.js:118
[12261981ms] [LOG] [HMR] bundle 'client' rebuilt in 6215ms @ webpack-internal:///./node_modules/@sentry/utils/esm/instrument.js:118
[12261990ms] [LOG] [HMR] bundle rebuilding @ webpack-internal:///./node_modules/@sentry/utils/esm/instrument.js:118
[12270454ms] [LOG] [HMR] bundle 'client' rebuilt in 7395ms @ webpack-internal:///./node_modules/@sentry/utils/esm/instrument.js:118
[12270462ms] [LOG] [HMR] bundle rebuilding @ webpack-internal:///./node_modules/@sentry/utils/esm/instrument.js:118
[12277629ms] [LOG] [HMR] bundle 'client' rebuilt in 6084ms @ webpack-internal:///./node_modules/@sentry/utils/esm/instrument.js:118
[12277638ms] [LOG] [HMR] bundle rebuilding @ webpack-internal:///./node_modules/@sentry/utils/esm/instrument.js:118
[12284885ms] [LOG] [HMR] bundle 'client' rebuilt in 6178ms @ webpack-internal:///./node_modules/@sentry/utils/esm/instrument.js:118
[12284894ms] [LOG] [HMR] bundle rebuilding @ webpack-internal:///./node_modules/@sentry/utils/esm/instrument.js:118
[12292119ms] [LOG] [HMR] bundle 'client' rebuilt in 6169ms @ webpack-internal:///./node_modules/@sentry/utils/esm/instrument.js:118
[12294411ms] [LOG] [HMR] bundle rebuilding @ webpack-internal:///./node_modules/@sentry/utils/esm/instrument.js:118
[12303735ms] [LOG] [HMR] bundle 'client' rebuilt in 7147ms @ webpack-internal:///./node_modules/@sentry/utils/esm/instrument.js:118
[12303744ms] [LOG] [HMR] bundle rebuilding @ webpack-internal:///./node_modules/@sentry/utils/esm/instrument.js:118
[12310456ms] [LOG] [HMR] bundle 'client' rebuilt in 5650ms @ webpack-internal:///./node_modules/@sentry/utils/esm/instrument.js:118
[12340386ms] [LOG] [HMR] bundle rebuilding @ webpack-internal:///./node_modules/@sentry/utils/esm/instrument.js:118
[12348011ms] [LOG] [HMR] bundle 'client' rebuilt in 6541ms @ webpack-internal:///./node_modules/@sentry/utils/esm/instrument.js:118
[12348019ms] [LOG] [HMR] bundle rebuilding @ webpack-internal:///./node_modules/@sentry/utils/esm/instrument.js:118
[12354866ms] [LOG] [HMR] bundle 'client' rebuilt in 5764ms @ webpack-internal:///./node_modules/@sentry/utils/esm/instrument.js:118
[12354874ms] [LOG] [HMR] bundle rebuilding @ webpack-internal:///./node_modules/@sentry/utils/esm/instrument.js:118
[12362550ms] [LOG] [HMR] bundle 'client' rebuilt in 6615ms @ webpack-internal:///./node_modules/@sentry/utils/esm/instrument.js:118
[12362562ms] [LOG] [HMR] bundle rebuilding @ webpack-internal:///./node_modules/@sentry/utils/esm/instrument.js:118
[12369447ms] [LOG] [HMR] bundle 'client' rebuilt in 5825ms @ webpack-internal:///./node_modules/@sentry/utils/esm/instrument.js:118
[12369456ms] [LOG] [HMR] bundle rebuilding @ webpack-internal:///./node_modules/@sentry/utils/esm/instrument.js:118
[12377211ms] [LOG] [HMR] bundle 'client' rebuilt in 6691ms @ webpack-internal:///./node_modules/@sentry/utils/esm/instrument.js:118
[12380317ms] [LOG] [HMR] bundle rebuilding @ webpack-internal:///./node_modules/@sentry/utils/esm/instrument.js:118
[12387382ms] [LOG] [HMR] bundle 'client' rebuilt in 5959ms @ webpack-internal:///./node_modules/@sentry/utils/esm/instrument.js:118
[12387391ms] [LOG] [HMR] bundle rebuilding @ webpack-internal:///./node_modules/@sentry/utils/esm/instrument.js:118
[12395573ms] [LOG] [HMR] bundle 'client' rebuilt in 7113ms @ webpack-internal:///./node_modules/@sentry/utils/esm/instrument.js:118
[12395584ms] [LOG] [HMR] bundle rebuilding @ webpack-internal:///./node_modules/@sentry/utils/esm/instrument.js:118
[12404076ms] [LOG] [HMR] bundle 'client' rebuilt in 6960ms @ webpack-internal:///./node_modules/@sentry/utils/esm/instrument.js:118
[12404490ms] [LOG] [HMR] bundle rebuilding @ webpack-internal:///./node_modules/@sentry/utils/esm/instrument.js:118
[12412518ms] [LOG] [HMR] bundle 'client' rebuilt in 6054ms @ webpack-internal:///./node_modules/@sentry/utils/esm/instrument.js:118
[12412527ms] [LOG] [HMR] bundle rebuilding @ webpack-internal:///./node_modules/@sentry/utils/esm/instrument.js:118
[12419764ms] [LOG] [HMR] bundle 'client' rebuilt in 6163ms @ webpack-internal:///./node_modules/@sentry/utils/esm/instrument.js:118
[12424626ms] [LOG] [HMR] bundle rebuilding @ webpack-internal:///./node_modules/@sentry/utils/esm/instrument.js:118
[12432018ms] [LOG] [HMR] bundle 'client' rebuilt in 6297ms @ webpack-internal:///./node_modules/@sentry/utils/esm/instrument.js:118
[12432027ms] [LOG] [HMR] bundle rebuilding @ webpack-internal:///./node_modules/@sentry/utils/esm/instrument.js:118
[12439679ms] [LOG] [HMR] bundle 'client' rebuilt in 6591ms @ webpack-internal:///./node_modules/@sentry/utils/esm/instrument.js:118
[12439688ms] [LOG] [HMR] bundle rebuilding @ webpack-internal:///./node_modules/@sentry/utils/esm/instrument.js:118
[12446377ms] [LOG] [HMR] bundle 'client' rebuilt in 5604ms @ webpack-internal:///./node_modules/@sentry/utils/esm/instrument.js:118
[12446390ms] [LOG] [HMR] bundle rebuilding @ webpack-internal:///./node_modules/@sentry/utils/esm/instrument.js:118
[12454009ms] [LOG] [HMR] bundle 'client' rebuilt in 6560ms @ webpack-internal:///./node_modules/@sentry/utils/esm/instrument.js:118
[12454019ms] [LOG] [HMR] bundle rebuilding @ webpack-internal:///./node_modules/@sentry/utils/esm/instrument.js:118
[12462148ms] [LOG] [HMR] bundle 'client' rebuilt in 6069ms @ webpack-internal:///./node_modules/@sentry/utils/esm/instrument.js:118
[12462157ms] [LOG] [HMR] bundle rebuilding @ webpack-internal:///./node_modules/@sentry/utils/esm/instrument.js:118
[12469402ms] [LOG] [HMR] bundle 'client' rebuilt in 6165ms @ webpack-internal:///./node_modules/@sentry/utils/esm/instrument.js:118
[12469411ms] [LOG] [HMR] bundle rebuilding @ webpack-internal:///./node_modules/@sentry/utils/esm/instrument.js:118
[12476521ms] [LOG] [HMR] bundle 'client' rebuilt in 6040ms @ webpack-internal:///./node_modules/@sentry/utils/esm/instrument.js:118
[12476530ms] [LOG] [HMR] bundle rebuilding @ webpack-internal:///./node_modules/@sentry/utils/esm/instrument.js:118
[12484065ms] [LOG] [HMR] bundle 'client' rebuilt in 6458ms @ webpack-internal:///./node_modules/@sentry/utils/esm/instrument.js:118
[12484075ms] [LOG] [HMR] bundle rebuilding @ webpack-internal:///./node_modules/@sentry/utils/esm/instrument.js:118
[12491606ms] [LOG] [HMR] bundle 'client' rebuilt in 6483ms @ webpack-internal:///./node_modules/@sentry/utils/esm/instrument.js:118
[12493959ms] [LOG] [HMR] bundle rebuilding @ webpack-internal:///./node_modules/@sentry/utils/esm/instrument.js:118
[12501751ms] [LOG] [HMR] bundle 'client' rebuilt in 6700ms @ webpack-internal:///./node_modules/@sentry/utils/esm/instrument.js:118
[12501760ms] [LOG] [HMR] bundle rebuilding @ webpack-internal:///./node_modules/@sentry/utils/esm/instrument.js:118
[12508477ms] [LOG] [HMR] bundle 'client' rebuilt in 5662ms @ webpack-internal:///./node_modules/@sentry/utils/esm/instrument.js:118
[12508486ms] [LOG] [HMR] bundle rebuilding @ webpack-internal:///./node_modules/@sentry/utils/esm/instrument.js:118
[12516001ms] [LOG] [HMR] bundle 'client' rebuilt in 6439ms @ webpack-internal:///./node_modules/@sentry/utils/esm/instrument.js:118
[12518236ms] [LOG] [HMR] bundle rebuilding @ webpack-internal:///./node_modules/@sentry/utils/esm/instrument.js:118
[12525401ms] [LOG] [HMR] bundle 'client' rebuilt in 6082ms @ webpack-internal:///./node_modules/@sentry/utils/esm/instrument.js:118
[12525410ms] [LOG] [HMR] bundle rebuilding @ webpack-internal:///./node_modules/@sentry/utils/esm/instrument.js:118
[12533050ms] [LOG] [HMR] bundle 'client' rebuilt in 6552ms @ webpack-internal:///./node_modules/@sentry/utils/esm/instrument.js:118
[12546322ms] [LOG] [HMR] bundle rebuilding @ webpack-internal:///./node_modules/@sentry/utils/esm/instrument.js:118
[12553424ms] [LOG] [HMR] bundle 'client' rebuilt in 5994ms @ webpack-internal:///./node_modules/@sentry/utils/esm/instrument.js:118
[12553433ms] [LOG] [HMR] bundle rebuilding @ webpack-internal:///./node_modules/@sentry/utils/esm/instrument.js:118
[12560849ms] [LOG] [HMR] bundle 'client' rebuilt in 6353ms @ webpack-internal:///./node_modules/@sentry/utils/esm/instrument.js:118
[12560858ms] [LOG] [HMR] bundle rebuilding @ webpack-internal:///./node_modules/@sentry/utils/esm/instrument.js:118
[12568340ms] [LOG] [HMR] bundle 'client' rebuilt in 6427ms @ webpack-internal:///./node_modules/@sentry/utils/esm/instrument.js:118
