[    3594ms] [INFO] Download the Vue Devtools extension for a better development experience:
https://github.com/vuejs/vue-devtools @ webpack-internal:///./node_modules/vue/dist/vue.runtime.esm.js:8841
[    3594ms] [INFO] You are running Vue in development mode.
Make sure to turn on production mode when deploying for production.
See more tips at https://vuejs.org/guide/deployment.html @ webpack-internal:///./node_modules/vue/dist/vue.runtime.esm.js:8849
[    3597ms] [INFO] Download the Vue Devtools extension for a better development experience:
https://github.com/vuejs/vue-devtools @ webpack-internal:///./node_modules/vue/dist/vue.runtime.common.dev.js:8719
[    3597ms] [INFO] You are running Vue in development mode.
Make sure to turn on production mode when deploying for production.
See more tips at https://vuejs.org/guide/deployment.html @ webpack-internal:///./node_modules/vue/dist/vue.runtime.common.dev.js:8726
[    3677ms] [INFO] [nuxt-facebook-pixel-module] You are running in development mode. Set "debug: true" in your nuxt.config.js if you would like to trigger tracking events in local. @ webpack-internal:///./node_modules/@sentry/utils/esm/instrument.js:118
[    3719ms] [LOG] [HMR] connected @ webpack-internal:///./node_modules/@sentry/utils/esm/instrument.js:118
[    3888ms] [WARNING] [vue-i18n] Value of key 'Experience' is not a string or function ! @ webpack-internal:///./node_modules/@sentry/utils/esm/instrument.js:118
[    3888ms] [WARNING] [vue-i18n] Cannot translate the value of keypath 'Experience'. Use the value of keypath as default. @ webpack-internal:///./node_modules/@sentry/utils/esm/instrument.js:118
[    3896ms] [ERROR] Error in fetch(): TypeError: this.$store.dispatch(...) is not a function
    at VueComponent.fetch (webpack-internal:///./node_modules/babel-loader/lib/index.js?!./node_modules/vue-loader/lib/index.js?!./node_modules/string-replace-loader/index.js?!./components/forms/specialization-info.vue?vue&type=script&lang=js:30:1186)
    at VueComponent.eval (webpack-internal:///./.nuxt/mixins/fetch.client.js:14:846)
    at tryCatch (webpack-internal:///./node_modules/regenerator-runtime/runtime.js:62:40)
    at Generator.invoke [as _invoke] (webpack-internal:///./node_modules/regenerator-runtime/runtime.js:296:22)
    at prototype.<computed> [as next] (webpack-internal:///./node_modules/regenerator-runtime/runtime.js:114:21)
    at asyncGeneratorStep (webpack-internal:///./node_modules/@babel/runtime/helpers/esm/asyncToGenerator.js:5:17)
    at _next (webpack-internal:///./node_modules/@babel/runtime/helpers/esm/asyncToGenerator.js:19:9)
    at eval (webpack-internal:///./node_modules/@babel/runtime/helpers/esm/asyncToGenerator.js:24:7)
    at new Promise (<anonymous>)
    at VueComponent.eval (webpack-internal:///./node_modules/@babel/runtime/helpers/esm/asyncToGenerator.js:16:12)
    at VueComponent.$_fetch (webpack-internal:///./.nuxt/mixins/fetch.client.js:14:302)
    at VueComponent.$fetch (webpack-internal:///./.nuxt/mixins/fetch.client.js:14:182)
    at VueComponent.beforeMount (webpack-internal:///./.nuxt/mixins/fetch.client.js:11:837)
    at invokeWithErrorHandling (webpack-internal:///./node_modules/vue/dist/vue.runtime.esm.js:3072:61)
    at callHook$1 (webpack-internal:///./node_modules/vue/dist/vue.runtime.esm.js:4087:13)
    at mountComponent (webpack-internal:///./node_modules/vue/dist/vue.runtime.esm.js:3909:5)
    at Vue.$mount (webpack-internal:///./node_modules/vue/dist/vue.runtime.esm.js:8830:12)
    at init (webpack-internal:///./node_modules/vue/dist/vue.runtime.esm.js:4464:19)
    at createComponent (webpack-internal:///./node_modules/vue/dist/vue.runtime.esm.js:6624:17)
    at createElm (webpack-internal:///./node_modules/vue/dist/vue.runtime.esm.js:6578:13)
    at createChildren (webpack-internal:///./node_modules/vue/dist/vue.runtime.esm.js:6697:17)
    at createElm (webpack-internal:///./node_modules/vue/dist/vue.runtime.esm.js:6601:13)
    at createChildren (webpack-internal:///./node_modules/vue/dist/vue.runtime.esm.js:6697:17)
    at createElm (webpack-internal:///./node_modules/vue/dist/vue.runtime.esm.js:6601:13)
    at createChildren (webpack-internal:///./node_modules/vue/dist/vue.runtime.esm.js:6697:17)
    at createElm (webpack-internal:///./node_modules/vue/dist/vue.runtime.esm.js:6601:13)
    at VueComponent.patch [as __patch__] (webpack-internal:///./node_modules/vue/dist/vue.runtime.esm.js:7128:13)
    at Vue._update (webpack-internal:///./node_modules/vue/dist/vue.runtime.esm.js:3820:25)
    at VueComponent.updateComponent (webpack-internal:///./node_modules/vue/dist/vue.runtime.esm.js:3923:16)
    at Watcher.get (webpack-internal:///./node_modules/vue/dist/vue.runtime.esm.js:3501:33)
    at new Watcher (webpack-internal:///./node_modules/vue/dist/vue.runtime.esm.js:3491:51)
    at mountComponent (webpack-internal:///./node_modules/vue/dist/vue.runtime.esm.js:3947:5)
    at Vue.$mount (webpack-internal:///./node_modules/vue/dist/vue.runtime.esm.js:8830:12)
    at init (webpack-internal:///./node_modules/vue/dist/vue.runtime.esm.js:4464:19)
    at merged (webpack-internal:///./node_modules/vue/dist/vue.runtime.esm.js:4618:9)
    at createComponent (webpack-internal:///./node_modules/vue/dist/vue.runtime.esm.js:6624:17)
    at createElm (webpack-internal:///./node_modules/vue/dist/vue.runtime.esm.js:6578:13)
    at VueComponent.patch [as __patch__] (webpack-internal:///./node_modules/vue/dist/vue.runtime.esm.js:7128:13)
    at Vue._update (webpack-internal:///./node_modules/vue/dist/vue.runtime.esm.js:3820:25)
    at VueComponent.updateComponent (webpack-internal:///./node_modules/vue/dist/vue.runtime.esm.js:3923:16)
    at Watcher.get (webpack-internal:///./node_modules/vue/dist/vue.runtime.esm.js:3501:33)
    at new Watcher (webpack-internal:///./node_modules/vue/dist/vue.runtime.esm.js:3491:51)
    at mountComponent (webpack-internal:///./node_modules/vue/dist/vue.runtime.esm.js:3947:5)
    at Vue.$mount (webpack-internal:///./node_modules/vue/dist/vue.runtime.esm.js:8830:12)
    at init (webpack-internal:///./node_modules/vue/dist/vue.runtime.esm.js:4464:19)
    at createComponent (webpack-internal:///./node_modules/vue/dist/vue.runtime.esm.js:6624:17)
    at createElm (webpack-internal:///./node_modules/vue/dist/vue.runtime.esm.js:6578:13)
    at VueComponent.patch [as __patch__] (webpack-internal:///./node_modules/vue/dist/vue.runtime.esm.js:7128:13)
    at Vue._update (webpack-internal:///./node_modules/vue/dist/vue.runtime.esm.js:3820:25)
    at VueComponent.updateComponent (webpack-internal:///./node_modules/vue/dist/vue.runtime.esm.js:3923:16) @ webpack-internal:///./node_modules/@sentry/utils/esm/instrument.js:118
[    3961ms] [WARNING] Deprecation warning: value provided is not in a recognized RFC2822 or ISO format. moment construction falls back to js Date(), which is not reliable across all browsers and versions. Non RFC2822/ISO date formats are discouraged. Please refer to http://momentjs.com/guides/#/warnings/js-date/ for more info.
Arguments: 
[0] _isAMomentObject: true, _isUTC: false, _useUTC: false, _l: undefined, _i: 01/24/2021, _f: undefined, _strict: undefined, _locale: [object Object]
Error
    at hooks.eval [as createFromInputFallback] (webpack-internal:///./node_modules/moment/moment.js:323:25)
    at configFromString (webpack-internal:///./node_modules/moment/moment.js:2612:19)
    at configFromInput (webpack-internal:///./node_modules/moment/moment.js:3055:13)
    at prepareConfig (webpack-internal:///./node_modules/moment/moment.js:3038:13)
    at createFromConfig (webpack-internal:///./node_modules/moment/moment.js:3005:44)
    at createLocalOrUTC (webpack-internal:///./node_modules/moment/moment.js:3099:16)
    at createLocal (webpack-internal:///./node_modules/moment/moment.js:3103:16)
    at Proxy.hooks (webpack-internal:///./node_modules/moment/moment.js:15:29)
    at eval (webpack-internal:///./node_modules/babel-loader/lib/index.js?!./node_modules/vue-loader/lib/loaders/templateLoader.js?!./node_modules/vue-loader/lib/index.js?!./node_modules/string-replace-loader/index.js?!./components/modal/EducationModal.vue?vue&type=template&id=edf4c83c:8:2871)
    at Proxy.renderList (webpack-internal:///./node_modules/vue/dist/vue.runtime.esm.js:2090:22)
    at fn (webpack-internal:///./node_modules/babel-loader/lib/index.js?!./node_modules/vue-loader/lib/loaders/templateLoader.js?!./node_modules/vue-loader/lib/index.js?!./node_modules/string-replace-loader/index.js?!./components/modal/EducationModal.vue?vue&type=template&id=edf4c83c:8:2786)
    at normalized (webpack-internal:///./node_modules/vue/dist/vue.runtime.esm.js:2463:41)
    at Proxy.renderSlot (webpack-internal:///./node_modules/vue/dist/vue.runtime.esm.js:2141:13)
    at Proxy.render (webpack-internal:///./node_modules/babel-loader/lib/index.js?!./node_modules/vue-loader/lib/loaders/templateLoader.js?!./node_modules/vue-loader/lib/index.js?!./node_modules/string-replace-loader/index.js?!./components/Modal.vue?vue&type=template&id=f2d6f03c:4:1140)
    at Vue._render (webpack-internal:///./node_modules/vue/dist/vue.runtime.esm.js:2739:28)
    at VueComponent.updateComponent (webpack-internal:///./node_modules/vue/dist/vue.runtime.esm.js:3919:28)
    at Watcher.get (webpack-internal:///./node_modules/vue/dist/vue.runtime.esm.js:3501:33)
    at new Watcher (webpack-internal:///./node_modules/vue/dist/vue.runtime.esm.js:3491:51)
    at mountComponent (webpack-internal:///./node_modules/vue/dist/vue.runtime.esm.js:3947:5)
    at Vue.$mount (webpack-internal:///./node_modules/vue/dist/vue.runtime.esm.js:8830:12)
    at init (webpack-internal:///./node_modules/vue/dist/vue.runtime.esm.js:4464:19)
    at createComponent (webpack-internal:///./node_modules/vue/dist/vue.runtime.esm.js:6624:17)
    at createElm (webpack-internal:///./node_modules/vue/dist/vue.runtime.esm.js:6578:13)
    at VueComponent.patch [as __patch__] (webpack-internal:///./node_modules/vue/dist/vue.runtime.esm.js:7128:13)
    at Vue._update (webpack-internal:///./node_modules/vue/dist/vue.runtime.esm.js:3820:25)
    at VueComponent.updateComponent (webpack-internal:///./node_modules/vue/dist/vue.runtime.esm.js:3923:16)
    at Watcher.get (webpack-internal:///./node_modules/vue/dist/vue.runtime.esm.js:3501:33)
    at new Watcher (webpack-internal:///./node_modules/vue/dist/vue.runtime.esm.js:3491:51)
    at mountComponent (webpack-internal:///./node_modules/vue/dist/vue.runtime.esm.js:3947:5)
    at Vue.$mount (webpack-internal:///./node_modules/vue/dist/vue.runtime.esm.js:8830:12)
    at init (webpack-internal:///./node_modules/vue/dist/vue.runtime.esm.js:4464:19)
    at createComponent (webpack-internal:///./node_modules/vue/dist/vue.runtime.esm.js:6624:17)
    at createElm (webpack-internal:///./node_modules/vue/dist/vue.runtime.esm.js:6578:13)
    at createChildren (webpack-internal:///./node_modules/vue/dist/vue.runtime.esm.js:6697:17)
    at createElm (webpack-internal:///./node_modules/vue/dist/vue.runtime.esm.js:6601:13)
    at VueComponent.patch [as __patch__] (webpack-internal:///./node_modules/vue/dist/vue.runtime.esm.js:7128:13)
    at Vue._update (webpack-internal:///./node_modules/vue/dist/vue.runtime.esm.js:3820:25)
    at VueComponent.updateComponent (webpack-internal:///./node_modules/vue/dist/vue.runtime.esm.js:3923:16)
    at Watcher.get (webpack-internal:///./node_modules/vue/dist/vue.runtime.esm.js:3501:33)
    at new Watcher (webpack-internal:///./node_modules/vue/dist/vue.runtime.esm.js:3491:51)
    at mountComponent (webpack-internal:///./node_modules/vue/dist/vue.runtime.esm.js:3947:5)
    at Vue.$mount (webpack-internal:///./node_modules/vue/dist/vue.runtime.esm.js:8830:12)
    at init (webpack-internal:///./node_modules/vue/dist/vue.runtime.esm.js:4464:19)
    at createComponent (webpack-internal:///./node_modules/vue/dist/vue.runtime.esm.js:6624:17)
    at createElm (webpack-internal:///./node_modules/vue/dist/vue.runtime.esm.js:6578:13)
    at createChildren (webpack-internal:///./node_modules/vue/dist/vue.runtime.esm.js:6697:17)
    at createElm (webpack-internal:///./node_modules/vue/dist/vue.runtime.esm.js:6601:13)
    at createChildren (webpack-internal:///./node_modules/vue/dist/vue.runtime.esm.js:6697:17)
    at createElm (webpack-internal:///./node_modules/vue/dist/vue.runtime.esm.js:6601:13)
    at createChildren (webpack-internal:///./node_modules/vue/dist/vue.runtime.esm.js:6697:17) @ webpack-internal:///./node_modules/@sentry/utils/esm/instrument.js:118
[    3984ms] [WARNING] [vue-i18n] Value of key 'content.add_place_of_work' is not a string or function ! @ webpack-internal:///./node_modules/@sentry/utils/esm/instrument.js:118
[    3985ms] [WARNING] [vue-i18n] Cannot translate the value of keypath 'content.add_place_of_work'. Use the value of keypath as default. @ webpack-internal:///./node_modules/@sentry/utils/esm/instrument.js:118
[    4018ms] [ERROR] [Vue warn]: Method "computed" has type "object" in the component definition. Did you reference the function correctly?

found in

---> <FormsSkillsInfo> at components/forms/Skills-info.vue
       <Pages/worker/profile/createResume.vue> at pages/worker/profile/create-resume.vue
         <Nuxt> at assets/js/scripts.vue
           <Layouts/default.vue> at layouts/default.vue
             <Root> @ webpack-internal:///./node_modules/@sentry/utils/esm/instrument.js:118
[    4173ms] [WARNING] [vue-i18n] Value of key 'Experience' is not a string or function ! @ webpack-internal:///./node_modules/@sentry/utils/esm/instrument.js:118
[    4175ms] [WARNING] [vue-i18n] Cannot translate the value of keypath 'Experience'. Use the value of keypath as default. @ webpack-internal:///./node_modules/@sentry/utils/esm/instrument.js:118
[    4181ms] [ERROR] Error in fetch(): TypeError: this.$store.dispatch(...) is not a function
    at VueComponent.fetch (webpack-internal:///./node_modules/babel-loader/lib/index.js?!./node_modules/vue-loader/lib/index.js?!./node_modules/string-replace-loader/index.js?!./components/forms/specialization-info.vue?vue&type=script&lang=js:30:1186)
    at VueComponent.eval (webpack-internal:///./.nuxt/mixins/fetch.client.js:14:846)
    at tryCatch (webpack-internal:///./node_modules/regenerator-runtime/runtime.js:62:40)
    at Generator.invoke [as _invoke] (webpack-internal:///./node_modules/regenerator-runtime/runtime.js:296:22)
    at prototype.<computed> [as next] (webpack-internal:///./node_modules/regenerator-runtime/runtime.js:114:21)
    at asyncGeneratorStep (webpack-internal:///./node_modules/@babel/runtime/helpers/esm/asyncToGenerator.js:5:17)
    at _next (webpack-internal:///./node_modules/@babel/runtime/helpers/esm/asyncToGenerator.js:19:9)
    at eval (webpack-internal:///./node_modules/@babel/runtime/helpers/esm/asyncToGenerator.js:24:7)
    at new Promise (<anonymous>)
    at VueComponent.eval (webpack-internal:///./node_modules/@babel/runtime/helpers/esm/asyncToGenerator.js:16:12)
    at VueComponent.$_fetch (webpack-internal:///./.nuxt/mixins/fetch.client.js:14:302)
    at VueComponent.$fetch (webpack-internal:///./.nuxt/mixins/fetch.client.js:14:182)
    at VueComponent.beforeMount (webpack-internal:///./.nuxt/mixins/fetch.client.js:11:837)
    at invokeWithErrorHandling (webpack-internal:///./node_modules/vue/dist/vue.runtime.esm.js:3072:61)
    at callHook$1 (webpack-internal:///./node_modules/vue/dist/vue.runtime.esm.js:4087:13)
    at mountComponent (webpack-internal:///./node_modules/vue/dist/vue.runtime.esm.js:3909:5)
    at Vue.$mount (webpack-internal:///./node_modules/vue/dist/vue.runtime.esm.js:8830:12)
    at init (webpack-internal:///./node_modules/vue/dist/vue.runtime.esm.js:4464:19)
    at createComponent (webpack-internal:///./node_modules/vue/dist/vue.runtime.esm.js:6624:17)
    at createElm (webpack-internal:///./node_modules/vue/dist/vue.runtime.esm.js:6578:13)
    at createChildren (webpack-internal:///./node_modules/vue/dist/vue.runtime.esm.js:6697:17)
    at createElm (webpack-internal:///./node_modules/vue/dist/vue.runtime.esm.js:6601:13)
    at createChildren (webpack-internal:///./node_modules/vue/dist/vue.runtime.esm.js:6697:17)
    at createElm (webpack-internal:///./node_modules/vue/dist/vue.runtime.esm.js:6601:13)
    at createChildren (webpack-internal:///./node_modules/vue/dist/vue.runtime.esm.js:6697:17)
    at createElm (webpack-internal:///./node_modules/vue/dist/vue.runtime.esm.js:6601:13)
    at VueComponent.patch [as __patch__] (webpack-internal:///./node_modules/vue/dist/vue.runtime.esm.js:7128:13)
    at Vue._update (webpack-internal:///./node_modules/vue/dist/vue.runtime.esm.js:3820:25)
    at VueComponent.updateComponent (webpack-internal:///./node_modules/vue/dist/vue.runtime.esm.js:3923:16)
    at Watcher.get (webpack-internal:///./node_modules/vue/dist/vue.runtime.esm.js:3501:33)
    at new Watcher (webpack-internal:///./node_modules/vue/dist/vue.runtime.esm.js:3491:51)
    at mountComponent (webpack-internal:///./node_modules/vue/dist/vue.runtime.esm.js:3947:5)
    at Vue.$mount (webpack-internal:///./node_modules/vue/dist/vue.runtime.esm.js:8830:12)
    at init (webpack-internal:///./node_modules/vue/dist/vue.runtime.esm.js:4464:19)
    at merged (webpack-internal:///./node_modules/vue/dist/vue.runtime.esm.js:4618:9)
    at createComponent (webpack-internal:///./node_modules/vue/dist/vue.runtime.esm.js:6624:17)
    at createElm (webpack-internal:///./node_modules/vue/dist/vue.runtime.esm.js:6578:13)
    at VueComponent.patch [as __patch__] (webpack-internal:///./node_modules/vue/dist/vue.runtime.esm.js:7128:13)
    at Vue._update (webpack-internal:///./node_modules/vue/dist/vue.runtime.esm.js:3820:25)
    at VueComponent.updateComponent (webpack-internal:///./node_modules/vue/dist/vue.runtime.esm.js:3923:16)
    at Watcher.get (webpack-internal:///./node_modules/vue/dist/vue.runtime.esm.js:3501:33)
    at new Watcher (webpack-internal:///./node_modules/vue/dist/vue.runtime.esm.js:3491:51)
    at mountComponent (webpack-internal:///./node_modules/vue/dist/vue.runtime.esm.js:3947:5)
    at Vue.$mount (webpack-internal:///./node_modules/vue/dist/vue.runtime.esm.js:8830:12)
    at init (webpack-internal:///./node_modules/vue/dist/vue.runtime.esm.js:4464:19)
    at createComponent (webpack-internal:///./node_modules/vue/dist/vue.runtime.esm.js:6624:17)
    at createElm (webpack-internal:///./node_modules/vue/dist/vue.runtime.esm.js:6578:13)
    at VueComponent.patch [as __patch__] (webpack-internal:///./node_modules/vue/dist/vue.runtime.esm.js:7128:13)
    at Vue._update (webpack-internal:///./node_modules/vue/dist/vue.runtime.esm.js:3820:25)
    at VueComponent.updateComponent (webpack-internal:///./node_modules/vue/dist/vue.runtime.esm.js:3923:16) @ webpack-internal:///./node_modules/@sentry/utils/esm/instrument.js:118
[    4242ms] [WARNING] [vue-i18n] Value of key 'content.add_place_of_work' is not a string or function ! @ webpack-internal:///./node_modules/@sentry/utils/esm/instrument.js:118
[    4243ms] [WARNING] [vue-i18n] Cannot translate the value of keypath 'content.add_place_of_work'. Use the value of keypath as default. @ webpack-internal:///./node_modules/@sentry/utils/esm/instrument.js:118
[    4269ms] [ERROR] [Vue warn]: Method "computed" has type "object" in the component definition. Did you reference the function correctly?

found in

---> <FormsSkillsInfo> at components/forms/Skills-info.vue
       <Pages/worker/profile/createResume.vue> at pages/worker/profile/create-resume.vue
         <Nuxt> at assets/js/scripts.vue
           <Layouts/default.vue> at layouts/default.vue
             <Root> @ webpack-internal:///./node_modules/@sentry/utils/esm/instrument.js:118
[   16016ms] [WARNING] [vue-i18n] Value of key 'Twitter' is not a string or function ! @ webpack-internal:///./node_modules/@sentry/utils/esm/instrument.js:118
[   16017ms] [WARNING] [vue-i18n] Cannot translate the value of keypath 'Twitter'. Use the value of keypath as default. @ webpack-internal:///./node_modules/@sentry/utils/esm/instrument.js:118
[   16018ms] [WARNING] [vue-i18n] Value of key 'Twitter' is not a string or function ! @ webpack-internal:///./node_modules/@sentry/utils/esm/instrument.js:118
[   16019ms] [WARNING] [vue-i18n] Cannot translate the value of keypath 'Twitter'. Use the value of keypath as default. @ webpack-internal:///./node_modules/@sentry/utils/esm/instrument.js:118
[   16021ms] [WARNING] [vue-i18n] Value of key 'Telegram' is not a string or function ! @ webpack-internal:///./node_modules/@sentry/utils/esm/instrument.js:118
[   16023ms] [WARNING] [vue-i18n] Cannot translate the value of keypath 'Telegram'. Use the value of keypath as default. @ webpack-internal:///./node_modules/@sentry/utils/esm/instrument.js:118
[   16024ms] [WARNING] [vue-i18n] Value of key 'Telegram' is not a string or function ! @ webpack-internal:///./node_modules/@sentry/utils/esm/instrument.js:118
[   16025ms] [WARNING] [vue-i18n] Cannot translate the value of keypath 'Telegram'. Use the value of keypath as default. @ webpack-internal:///./node_modules/@sentry/utils/esm/instrument.js:118
[   16053ms] [WARNING] [vue-i18n] Value of key 'Twitter' is not a string or function ! @ webpack-internal:///./node_modules/@sentry/utils/esm/instrument.js:118
[   16054ms] [WARNING] [vue-i18n] Cannot translate the value of keypath 'Twitter'. Use the value of keypath as default. @ webpack-internal:///./node_modules/@sentry/utils/esm/instrument.js:118
[   16055ms] [WARNING] [vue-i18n] Value of key 'Twitter' is not a string or function ! @ webpack-internal:///./node_modules/@sentry/utils/esm/instrument.js:118
[   16057ms] [WARNING] [vue-i18n] Cannot translate the value of keypath 'Twitter'. Use the value of keypath as default. @ webpack-internal:///./node_modules/@sentry/utils/esm/instrument.js:118
[   16058ms] [WARNING] [vue-i18n] Value of key 'Telegram' is not a string or function ! @ webpack-internal:///./node_modules/@sentry/utils/esm/instrument.js:118
[   16060ms] [WARNING] [vue-i18n] Cannot translate the value of keypath 'Telegram'. Use the value of keypath as default. @ webpack-internal:///./node_modules/@sentry/utils/esm/instrument.js:118
[   16061ms] [WARNING] [vue-i18n] Value of key 'Telegram' is not a string or function ! @ webpack-internal:///./node_modules/@sentry/utils/esm/instrument.js:118
[   16063ms] [WARNING] [vue-i18n] Cannot translate the value of keypath 'Telegram'. Use the value of keypath as default. @ webpack-internal:///./node_modules/@sentry/utils/esm/instrument.js:118
[   21708ms] [WARNING] The resource http://localhost:3004/_nuxt/app.d4a6556192a5f894c3e5.hot-update.js was preloaded using link preload but not used within a few seconds from the window's load event. Please make sure it has an appropriate `as` value and it is preloaded intentionally. @ http://localhost:3004/ru/worker/profile/create-resume:0
[   97134ms] [LOG] [HMR] bundle rebuilding @ webpack-internal:///./node_modules/@sentry/utils/esm/instrument.js:118
[  104435ms] [LOG] [HMR] bundle 'client' rebuilt in 6194ms @ webpack-internal:///./node_modules/@sentry/utils/esm/instrument.js:118
[  104444ms] [LOG] [HMR] Checking for updates on the server... @ webpack-internal:///./node_modules/@sentry/utils/esm/instrument.js:118
[  104773ms] [LOG] [HMR] Updated modules: @ webpack-internal:///./node_modules/@sentry/utils/esm/instrument.js:118
[  104773ms] [LOG] [HMR]  - ./node_modules/extract-css-chunks-webpack-plugin/dist/loader.js??ref--7-oneOf-1-0!./node_modules/css-loader/dist/cjs.js??ref--7-oneOf-1-1!./node_modules/vue-loader/lib/loaders/stylePostLoader.js!./node_modules/postcss-loader/dist/cjs.js??ref--7-oneOf-1-2!./node_modules/sass-loader/dist/cjs.js??ref--7-oneOf-1-3!./node_modules/sass-resources-loader/lib/loader.js??ref--7-oneOf-1-4!./node_modules/vue-loader/lib??vue-loader-options!./node_modules/string-replace-loader??ref--12!./pages/worker/profile/create-resume.vue?vue&type=style&index=0&id=01451be0&lang=scss&scoped=true @ webpack-internal:///./node_modules/@sentry/utils/esm/instrument.js:118
[  104773ms] [LOG] [HMR]  - ./pages/worker/profile/create-resume.vue?vue&type=style&index=0&id=01451be0&lang=scss&scoped=true @ webpack-internal:///./node_modules/@sentry/utils/esm/instrument.js:118
[  104774ms] [LOG] [HMR]  - ./pages/worker/profile/create-resume.vue @ webpack-internal:///./node_modules/@sentry/utils/esm/instrument.js:118
[  104774ms] [LOG] [HMR]  - ./node_modules/extract-css-chunks-webpack-plugin/dist/loader.js??ref--7-oneOf-1-0!./node_modules/css-loader/dist/cjs.js??ref--7-oneOf-1-1!./node_modules/vue-loader/lib/loaders/stylePostLoader.js!./node_modules/postcss-loader/dist/cjs.js??ref--7-oneOf-1-2!./node_modules/sass-loader/dist/cjs.js??ref--7-oneOf-1-3!./node_modules/sass-resources-loader/lib/loader.js??ref--7-oneOf-1-4!./node_modules/vue-loader/lib??vue-loader-options!./node_modules/string-replace-loader??ref--12!./pages/worker/profile/create-resume.vue?vue&type=style&index=1&id=01451be0&lang=scss @ webpack-internal:///./node_modules/@sentry/utils/esm/instrument.js:118
[  104774ms] [LOG] [HMR]  - ./pages/worker/profile/create-resume.vue?vue&type=style&index=1&id=01451be0&lang=scss @ webpack-internal:///./node_modules/@sentry/utils/esm/instrument.js:118
[  104774ms] [LOG] [HMR] App is up to date. @ webpack-internal:///./node_modules/@sentry/utils/esm/instrument.js:118
[  104835ms] [LOG] [HMR] Detected local css modules. Reload all css @ webpack-internal:///./node_modules/@sentry/utils/esm/instrument.js:118
[  104845ms] [LOG] [HMR] Detected local css modules. Reload all css @ webpack-internal:///./node_modules/@sentry/utils/esm/instrument.js:118
[  108133ms] [WARNING] The resource http://localhost:3004/_nuxt/pages/worker/register.css?1775979315224 was preloaded using link preload but not used within a few seconds from the window's load event. Please make sure it has an appropriate `as` value and it is preloaded intentionally. @ http://localhost:3004/ru/worker/profile/create-resume:0
[  108133ms] [WARNING] The resource http://localhost:3004/_nuxt/2.css?1775979315223 was preloaded using link preload but not used within a few seconds from the window's load event. Please make sure it has an appropriate `as` value and it is preloaded intentionally. @ http://localhost:3004/ru/worker/profile/create-resume:0
[  108133ms] [WARNING] The resource http://localhost:3004/_nuxt/vendors/app.css?1775979315221 was preloaded using link preload but not used within a few seconds from the window's load event. Please make sure it has an appropriate `as` value and it is preloaded intentionally. @ http://localhost:3004/ru/worker/profile/create-resume:0
[  108133ms] [WARNING] The resource http://localhost:3004/_nuxt/pages/worker/login.css?1775979315224 was preloaded using link preload but not used within a few seconds from the window's load event. Please make sure it has an appropriate `as` value and it is preloaded intentionally. @ http://localhost:3004/ru/worker/profile/create-resume:0
[  108133ms] [WARNING] The resource http://localhost:3004/_nuxt/app.d4a6556192a5f894c3e5.hot-update.js was preloaded using link preload but not used within a few seconds from the window's load event. Please make sure it has an appropriate `as` value and it is preloaded intentionally. @ http://localhost:3004/ru/worker/profile/create-resume:0
[  108133ms] [WARNING] The resource http://localhost:3004/_nuxt/app.css?1775979315222 was preloaded using link preload but not used within a few seconds from the window's load event. Please make sure it has an appropriate `as` value and it is preloaded intentionally. @ http://localhost:3004/ru/worker/profile/create-resume:0
[  108133ms] [WARNING] The resource http://localhost:3004/_nuxt/pages/worker/profile/create-resume.css?1775979315219 was preloaded using link preload but not used within a few seconds from the window's load event. Please make sure it has an appropriate `as` value and it is preloaded intentionally. @ http://localhost:3004/ru/worker/profile/create-resume:0
[  110153ms] [LOG] [HMR] bundle rebuilding @ webpack-internal:///./node_modules/@sentry/utils/esm/instrument.js:118
[  117118ms] [LOG] [HMR] bundle 'client' rebuilt in 5875ms @ webpack-internal:///./node_modules/@sentry/utils/esm/instrument.js:118
[  117127ms] [LOG] [HMR] Checking for updates on the server... @ webpack-internal:///./node_modules/@sentry/utils/esm/instrument.js:118
[  117128ms] [LOG] [HMR] bundle rebuilding @ webpack-internal:///./node_modules/@sentry/utils/esm/instrument.js:118
[  124013ms] [LOG] [HMR] bundle 'client' rebuilt in 5792ms @ webpack-internal:///./node_modules/@sentry/utils/esm/instrument.js:118
[  124022ms] [LOG] [HMR] bundle rebuilding @ webpack-internal:///./node_modules/@sentry/utils/esm/instrument.js:118
[  131347ms] [LOG] [HMR] bundle 'client' rebuilt in 6196ms @ webpack-internal:///./node_modules/@sentry/utils/esm/instrument.js:118
[  131357ms] [LOG] [HMR] bundle rebuilding @ webpack-internal:///./node_modules/@sentry/utils/esm/instrument.js:118
[  131401ms] [LOG] [HMR] Updated modules: @ webpack-internal:///./node_modules/@sentry/utils/esm/instrument.js:118
[  131402ms] [LOG] [HMR]  - ./node_modules/babel-loader/lib??ref--2-0!./node_modules/vue-loader/lib/loaders/templateLoader.js??ref--6!./node_modules/vue-loader/lib??vue-loader-options!./node_modules/string-replace-loader??ref--12!./components/forms/MainInfo.vue?vue&type=template&id=d5c12afc @ webpack-internal:///./node_modules/@sentry/utils/esm/instrument.js:118
[  131402ms] [LOG] [HMR]  - ./components/forms/MainInfo.vue?vue&type=template&id=d5c12afc @ webpack-internal:///./node_modules/@sentry/utils/esm/instrument.js:118
[  131402ms] [LOG] [HMR]  - ./node_modules/extract-css-chunks-webpack-plugin/dist/loader.js??ref--3-oneOf-1-0!./node_modules/css-loader/dist/cjs.js??ref--3-oneOf-1-1!./node_modules/vue-loader/lib/loaders/stylePostLoader.js!./node_modules/postcss-loader/dist/cjs.js??ref--3-oneOf-1-2!./node_modules/vue-loader/lib??vue-loader-options!./node_modules/string-replace-loader??ref--12!./components/forms/MainInfo.vue?vue&type=style&index=0&id=d5c12afc&lang=css @ webpack-internal:///./node_modules/@sentry/utils/esm/instrument.js:118
[  131402ms] [LOG] [HMR]  - ./components/forms/MainInfo.vue?vue&type=style&index=0&id=d5c12afc&lang=css @ webpack-internal:///./node_modules/@sentry/utils/esm/instrument.js:118
[  131402ms] [LOG] [HMR]  - ./components/forms/MainInfo.vue @ webpack-internal:///./node_modules/@sentry/utils/esm/instrument.js:118
[  131458ms] [LOG] [HMR] Detected local css modules. Reload all css @ webpack-internal:///./node_modules/@sentry/utils/esm/instrument.js:118
[  134413ms] [WARNING] The resource http://localhost:3004/_nuxt/pages/worker/login.css?1775979341846 was preloaded using link preload but not used within a few seconds from the window's load event. Please make sure it has an appropriate `as` value and it is preloaded intentionally. @ http://localhost:3004/ru/worker/profile/create-resume:0
[  134413ms] [WARNING] The resource http://localhost:3004/_nuxt/pages/calendar.css?1775979341847 was preloaded using link preload but not used within a few seconds from the window's load event. Please make sure it has an appropriate `as` value and it is preloaded intentionally. @ http://localhost:3004/ru/worker/profile/create-resume:0
[  134413ms] [WARNING] The resource http://localhost:3004/_nuxt/pages/company-brand.css?1775979341846 was preloaded using link preload but not used within a few seconds from the window's load event. Please make sure it has an appropriate `as` value and it is preloaded intentionally. @ http://localhost:3004/ru/worker/profile/create-resume:0
[  134413ms] [WARNING] The resource http://localhost:3004/_nuxt/pages/worker/login.css?1775979315224 was preloaded using link preload but not used within a few seconds from the window's load event. Please make sure it has an appropriate `as` value and it is preloaded intentionally. @ http://localhost:3004/ru/worker/profile/create-resume:0
[  134413ms] [WARNING] The resource http://localhost:3004/_nuxt/app.d4a6556192a5f894c3e5.hot-update.js was preloaded using link preload but not used within a few seconds from the window's load event. Please make sure it has an appropriate `as` value and it is preloaded intentionally. @ http://localhost:3004/ru/worker/profile/create-resume:0
[  134413ms] [WARNING] The resource http://localhost:3004/_nuxt/app.css?1775979315222 was preloaded using link preload but not used within a few seconds from the window's load event. Please make sure it has an appropriate `as` value and it is preloaded intentionally. @ http://localhost:3004/ru/worker/profile/create-resume:0
[  134413ms] [WARNING] The resource http://localhost:3004/_nuxt/pages/worker/profile/create-resume.css?1775979315219 was preloaded using link preload but not used within a few seconds from the window's load event. Please make sure it has an appropriate `as` value and it is preloaded intentionally. @ http://localhost:3004/ru/worker/profile/create-resume:0
[  134413ms] [WARNING] The resource http://localhost:3004/_nuxt/pages/worker/profile/create-resume.css?1775979341845 was preloaded using link preload but not used within a few seconds from the window's load event. Please make sure it has an appropriate `as` value and it is preloaded intentionally. @ http://localhost:3004/ru/worker/profile/create-resume:0
[  134413ms] [WARNING] The resource http://localhost:3004/_nuxt/pages/static/_slug.css?1775979341847 was preloaded using link preload but not used within a few seconds from the window's load event. Please make sure it has an appropriate `as` value and it is preloaded intentionally. @ http://localhost:3004/ru/worker/profile/create-resume:0
[  134413ms] [WARNING] The resource http://localhost:3004/_nuxt/2.css?1775979341845 was preloaded using link preload but not used within a few seconds from the window's load event. Please make sure it has an appropriate `as` value and it is preloaded intentionally. @ http://localhost:3004/ru/worker/profile/create-resume:0
[  134413ms] [WARNING] The resource http://localhost:3004/_nuxt/vendors/app.css?1775979315221 was preloaded using link preload but not used within a few seconds from the window's load event. Please make sure it has an appropriate `as` value and it is preloaded intentionally. @ http://localhost:3004/ru/worker/profile/create-resume:0
[  134413ms] [WARNING] The resource http://localhost:3004/_nuxt/pages/worker/register.css?1775979315224 was preloaded using link preload but not used within a few seconds from the window's load event. Please make sure it has an appropriate `as` value and it is preloaded intentionally. @ http://localhost:3004/ru/worker/profile/create-resume:0
[  134413ms] [WARNING] The resource http://localhost:3004/_nuxt/2.css?1775979315223 was preloaded using link preload but not used within a few seconds from the window's load event. Please make sure it has an appropriate `as` value and it is preloaded intentionally. @ http://localhost:3004/ru/worker/profile/create-resume:0
[  134413ms] [WARNING] The resource http://localhost:3004/_nuxt/pages/worker/register.css?1775979341846 was preloaded using link preload but not used within a few seconds from the window's load event. Please make sure it has an appropriate `as` value and it is preloaded intentionally. @ http://localhost:3004/ru/worker/profile/create-resume:0
[  134413ms] [WARNING] The resource http://localhost:3004/_nuxt/app.css?1775979341840 was preloaded using link preload but not used within a few seconds from the window's load event. Please make sure it has an appropriate `as` value and it is preloaded intentionally. @ http://localhost:3004/ru/worker/profile/create-resume:0
[  138579ms] [LOG] [HMR] Nothing hot updated. @ webpack-internal:///./node_modules/@sentry/utils/esm/instrument.js:118
[  139021ms] [LOG] [HMR] bundle 'client' rebuilt in 6091ms @ webpack-internal:///./node_modules/@sentry/utils/esm/instrument.js:118
[  139027ms] [LOG] [HMR] bundle rebuilding @ webpack-internal:///./node_modules/@sentry/utils/esm/instrument.js:118
[  146014ms] [LOG] [HMR] bundle 'client' rebuilt in 6295ms @ webpack-internal:///./node_modules/@sentry/utils/esm/instrument.js:118
[  146023ms] [LOG] [HMR] bundle rebuilding @ webpack-internal:///./node_modules/@sentry/utils/esm/instrument.js:118
[  148589ms] [WARNING] [HMR] Update check failed: Error: Manifest request to /_nuxt/4975752461d867cb7d4a.hot-update.json timed out.
    at request.onreadystatechange (http://localhost:3004/_nuxt/runtime.js:92:16) @ webpack-internal:///./node_modules/@sentry/utils/esm/instrument.js:118
[  148628ms] Error: Manifest request to /_nuxt/4975752461d867cb7d4a.hot-update.json timed out.
    at request.onreadystatechange (http://localhost:3004/_nuxt/runtime.js:92:16)
[  152599ms] [LOG] [HMR] bundle 'client' rebuilt in 5532ms @ webpack-internal:///./node_modules/@sentry/utils/esm/instrument.js:118
[  155788ms] [WARNING] The resource http://localhost:3004/_nuxt/pages/worker/login.css?1775979341846 was preloaded using link preload but not used within a few seconds from the window's load event. Please make sure it has an appropriate `as` value and it is preloaded intentionally. @ http://localhost:3004/ru/worker/profile/create-resume:0
[  155788ms] [WARNING] The resource http://localhost:3004/_nuxt/pages/calendar.css?1775979341847 was preloaded using link preload but not used within a few seconds from the window's load event. Please make sure it has an appropriate `as` value and it is preloaded intentionally. @ http://localhost:3004/ru/worker/profile/create-resume:0
[  155788ms] [WARNING] The resource http://localhost:3004/_nuxt/pages/company-brand.css?1775979341846 was preloaded using link preload but not used within a few seconds from the window's load event. Please make sure it has an appropriate `as` value and it is preloaded intentionally. @ http://localhost:3004/ru/worker/profile/create-resume:0
[  155788ms] [WARNING] The resource http://localhost:3004/_nuxt/pages/worker/login.css?1775979315224 was preloaded using link preload but not used within a few seconds from the window's load event. Please make sure it has an appropriate `as` value and it is preloaded intentionally. @ http://localhost:3004/ru/worker/profile/create-resume:0
[  155788ms] [WARNING] The resource http://localhost:3004/_nuxt/app.d4a6556192a5f894c3e5.hot-update.js was preloaded using link preload but not used within a few seconds from the window's load event. Please make sure it has an appropriate `as` value and it is preloaded intentionally. @ http://localhost:3004/ru/worker/profile/create-resume:0
[  155788ms] [WARNING] The resource http://localhost:3004/_nuxt/app.css?1775979315222 was preloaded using link preload but not used within a few seconds from the window's load event. Please make sure it has an appropriate `as` value and it is preloaded intentionally. @ http://localhost:3004/ru/worker/profile/create-resume:0
[  155788ms] [WARNING] The resource http://localhost:3004/_nuxt/pages/worker/profile/create-resume.css?1775979315219 was preloaded using link preload but not used within a few seconds from the window's load event. Please make sure it has an appropriate `as` value and it is preloaded intentionally. @ http://localhost:3004/ru/worker/profile/create-resume:0
[  155788ms] [WARNING] The resource http://localhost:3004/_nuxt/pages/worker/profile/create-resume.css?1775979341845 was preloaded using link preload but not used within a few seconds from the window's load event. Please make sure it has an appropriate `as` value and it is preloaded intentionally. @ http://localhost:3004/ru/worker/profile/create-resume:0
[  155788ms] [WARNING] The resource http://localhost:3004/_nuxt/pages/static/_slug.css?1775979341847 was preloaded using link preload but not used within a few seconds from the window's load event. Please make sure it has an appropriate `as` value and it is preloaded intentionally. @ http://localhost:3004/ru/worker/profile/create-resume:0
[  155789ms] [WARNING] The resource http://localhost:3004/_nuxt/2.css?1775979341845 was preloaded using link preload but not used within a few seconds from the window's load event. Please make sure it has an appropriate `as` value and it is preloaded intentionally. @ http://localhost:3004/ru/worker/profile/create-resume:0
[  155789ms] [WARNING] The resource http://localhost:3004/_nuxt/vendors/app.css?1775979315221 was preloaded using link preload but not used within a few seconds from the window's load event. Please make sure it has an appropriate `as` value and it is preloaded intentionally. @ http://localhost:3004/ru/worker/profile/create-resume:0
[  155789ms] [WARNING] The resource http://localhost:3004/_nuxt/pages/worker/register.css?1775979315224 was preloaded using link preload but not used within a few seconds from the window's load event. Please make sure it has an appropriate `as` value and it is preloaded intentionally. @ http://localhost:3004/ru/worker/profile/create-resume:0
[  155789ms] [WARNING] The resource http://localhost:3004/_nuxt/2.css?1775979315223 was preloaded using link preload but not used within a few seconds from the window's load event. Please make sure it has an appropriate `as` value and it is preloaded intentionally. @ http://localhost:3004/ru/worker/profile/create-resume:0
[  155789ms] [WARNING] The resource http://localhost:3004/_nuxt/pages/worker/register.css?1775979341846 was preloaded using link preload but not used within a few seconds from the window's load event. Please make sure it has an appropriate `as` value and it is preloaded intentionally. @ http://localhost:3004/ru/worker/profile/create-resume:0
[  155789ms] [WARNING] The resource http://localhost:3004/_nuxt/app.css?1775979341840 was preloaded using link preload but not used within a few seconds from the window's load event. Please make sure it has an appropriate `as` value and it is preloaded intentionally. @ http://localhost:3004/ru/worker/profile/create-resume:0
