[     973ms] [INFO] Download the Vue Devtools extension for a better development experience:
https://github.com/vuejs/vue-devtools @ webpack-internal:///./node_modules/vue/dist/vue.runtime.esm.js:8841
[     973ms] [INFO] You are running Vue in development mode.
Make sure to turn on production mode when deploying for production.
See more tips at https://vuejs.org/guide/deployment.html @ webpack-internal:///./node_modules/vue/dist/vue.runtime.esm.js:8849
[     973ms] [INFO] Download the Vue Devtools extension for a better development experience:
https://github.com/vuejs/vue-devtools @ webpack-internal:///./node_modules/vue/dist/vue.runtime.common.dev.js:8719
[     973ms] [INFO] You are running Vue in development mode.
Make sure to turn on production mode when deploying for production.
See more tips at https://vuejs.org/guide/deployment.html @ webpack-internal:///./node_modules/vue/dist/vue.runtime.common.dev.js:8726
[     993ms] [INFO] [nuxt-facebook-pixel-module] You are running in development mode. Set "debug: true" in your nuxt.config.js if you would like to trigger tracking events in local. @ webpack-internal:///./node_modules/@sentry/utils/esm/instrument.js:118
[    1069ms] [LOG] [HMR] connected @ webpack-internal:///./node_modules/@sentry/utils/esm/instrument.js:118
[    1086ms] [LOG] %c
assets/scss/_sections.scss
 102:18  ×  Unexpected unit   length-zero-no-unit
 102:32  ×  Unexpected unit   length-zero-no-unit

 color: #ff0000; @ webpack-internal:///./node_modules/@sentry/utils/esm/instrument.js:118
[    1158ms] [WARNING] [vue-i18n] Value of key 'home.offers.title' is not a string or function ! @ webpack-internal:///./node_modules/@sentry/utils/esm/instrument.js:118
[    1158ms] [WARNING] [vue-i18n] Cannot translate the value of keypath 'home.offers.title'. Use the value of keypath as default. @ webpack-internal:///./node_modules/@sentry/utils/esm/instrument.js:118
[    1159ms] [WARNING] [vue-i18n] Value of key 'home.offers.sub' is not a string or function ! @ webpack-internal:///./node_modules/@sentry/utils/esm/instrument.js:118
[    1159ms] [WARNING] [vue-i18n] Cannot translate the value of keypath 'home.offers.sub'. Use the value of keypath as default. @ webpack-internal:///./node_modules/@sentry/utils/esm/instrument.js:118
[    1159ms] [WARNING] [vue-i18n] Value of key 'home.offers.all' is not a string or function ! @ webpack-internal:///./node_modules/@sentry/utils/esm/instrument.js:118
[    1159ms] [WARNING] [vue-i18n] Cannot translate the value of keypath 'home.offers.all'. Use the value of keypath as default. @ webpack-internal:///./node_modules/@sentry/utils/esm/instrument.js:118
[    2852ms] [WARNING] [vue-i18n] Value of key 'Twitter' is not a string or function ! @ webpack-internal:///./node_modules/@sentry/utils/esm/instrument.js:118
[    2852ms] [WARNING] [vue-i18n] Cannot translate the value of keypath 'Twitter'. Use the value of keypath as default. @ webpack-internal:///./node_modules/@sentry/utils/esm/instrument.js:118
[    2852ms] [WARNING] [vue-i18n] Value of key 'Twitter' is not a string or function ! @ webpack-internal:///./node_modules/@sentry/utils/esm/instrument.js:118
[    2852ms] [WARNING] [vue-i18n] Cannot translate the value of keypath 'Twitter'. Use the value of keypath as default. @ webpack-internal:///./node_modules/@sentry/utils/esm/instrument.js:118
[    2852ms] [WARNING] [vue-i18n] Value of key 'Telegram' is not a string or function ! @ webpack-internal:///./node_modules/@sentry/utils/esm/instrument.js:118
[    2852ms] [WARNING] [vue-i18n] Cannot translate the value of keypath 'Telegram'. Use the value of keypath as default. @ webpack-internal:///./node_modules/@sentry/utils/esm/instrument.js:118
[    2852ms] [WARNING] [vue-i18n] Value of key 'Telegram' is not a string or function ! @ webpack-internal:///./node_modules/@sentry/utils/esm/instrument.js:118
[    2852ms] [WARNING] [vue-i18n] Cannot translate the value of keypath 'Telegram'. Use the value of keypath as default. @ webpack-internal:///./node_modules/@sentry/utils/esm/instrument.js:118
[    2864ms] [WARNING] [vue-i18n] Value of key 'Twitter' is not a string or function ! @ webpack-internal:///./node_modules/@sentry/utils/esm/instrument.js:118
[    2864ms] [WARNING] [vue-i18n] Cannot translate the value of keypath 'Twitter'. Use the value of keypath as default. @ webpack-internal:///./node_modules/@sentry/utils/esm/instrument.js:118
[    2864ms] [WARNING] [vue-i18n] Value of key 'Twitter' is not a string or function ! @ webpack-internal:///./node_modules/@sentry/utils/esm/instrument.js:118
[    2864ms] [WARNING] [vue-i18n] Cannot translate the value of keypath 'Twitter'. Use the value of keypath as default. @ webpack-internal:///./node_modules/@sentry/utils/esm/instrument.js:118
[    2864ms] [WARNING] [vue-i18n] Value of key 'Telegram' is not a string or function ! @ webpack-internal:///./node_modules/@sentry/utils/esm/instrument.js:118
[    2864ms] [WARNING] [vue-i18n] Cannot translate the value of keypath 'Telegram'. Use the value of keypath as default. @ webpack-internal:///./node_modules/@sentry/utils/esm/instrument.js:118
[    2865ms] [WARNING] [vue-i18n] Value of key 'Telegram' is not a string or function ! @ webpack-internal:///./node_modules/@sentry/utils/esm/instrument.js:118
[    2865ms] [WARNING] [vue-i18n] Cannot translate the value of keypath 'Telegram'. Use the value of keypath as default. @ webpack-internal:///./node_modules/@sentry/utils/esm/instrument.js:118
[    6442ms] [WARNING] [vue-i18n] Value of key 'Twitter' is not a string or function ! @ webpack-internal:///./node_modules/@sentry/utils/esm/instrument.js:118
[    6442ms] [WARNING] [vue-i18n] Cannot translate the value of keypath 'Twitter'. Use the value of keypath as default. @ webpack-internal:///./node_modules/@sentry/utils/esm/instrument.js:118
[    6442ms] [WARNING] [vue-i18n] Value of key 'Twitter' is not a string or function ! @ webpack-internal:///./node_modules/@sentry/utils/esm/instrument.js:118
[    6442ms] [WARNING] [vue-i18n] Cannot translate the value of keypath 'Twitter'. Use the value of keypath as default. @ webpack-internal:///./node_modules/@sentry/utils/esm/instrument.js:118
[    6442ms] [WARNING] [vue-i18n] Value of key 'Telegram' is not a string or function ! @ webpack-internal:///./node_modules/@sentry/utils/esm/instrument.js:118
[    6442ms] [WARNING] [vue-i18n] Cannot translate the value of keypath 'Telegram'. Use the value of keypath as default. @ webpack-internal:///./node_modules/@sentry/utils/esm/instrument.js:118
[    6443ms] [WARNING] [vue-i18n] Value of key 'Telegram' is not a string or function ! @ webpack-internal:///./node_modules/@sentry/utils/esm/instrument.js:118
[    6443ms] [WARNING] [vue-i18n] Cannot translate the value of keypath 'Telegram'. Use the value of keypath as default. @ webpack-internal:///./node_modules/@sentry/utils/esm/instrument.js:118
