[    1153ms] [INFO] Download the Vue Devtools extension for a better development experience:
https://github.com/vuejs/vue-devtools @ webpack-internal:///./node_modules/vue/dist/vue.runtime.esm.js:8841
[    1153ms] [INFO] You are running Vue in development mode.
Make sure to turn on production mode when deploying for production.
See more tips at https://vuejs.org/guide/deployment.html @ webpack-internal:///./node_modules/vue/dist/vue.runtime.esm.js:8849
[    1155ms] [INFO] Download the Vue Devtools extension for a better development experience:
https://github.com/vuejs/vue-devtools @ webpack-internal:///./node_modules/vue/dist/vue.runtime.common.dev.js:8719
[    1155ms] [INFO] You are running Vue in development mode.
Make sure to turn on production mode when deploying for production.
See more tips at https://vuejs.org/guide/deployment.html @ webpack-internal:///./node_modules/vue/dist/vue.runtime.common.dev.js:8726
[    1155ms] [ERROR] Failed to load resource: net::ERR_CERT_COMMON_NAME_INVALID @ https://mc.yandex.ru/metrika/tag.js:0
[    1168ms] [INFO] [nuxt-facebook-pixel-module] You are running in development mode. Set "debug: true" in your nuxt.config.js if you would like to trigger tracking events in local. @ webpack-internal:///./node_modules/@sentry/utils/esm/instrument.js:118
[    1230ms] [LOG] [HMR] connected @ webpack-internal:///./node_modules/@sentry/utils/esm/instrument.js:118
[    1305ms] [WARNING] [vue-i18n] Value of key 'home.offers.title' is not a string or function ! @ webpack-internal:///./node_modules/@sentry/utils/esm/instrument.js:118
[    1305ms] [WARNING] [vue-i18n] Cannot translate the value of keypath 'home.offers.title'. Use the value of keypath as default. @ webpack-internal:///./node_modules/@sentry/utils/esm/instrument.js:118
[    1305ms] [WARNING] [vue-i18n] Value of key 'home.offers.sub' is not a string or function ! @ webpack-internal:///./node_modules/@sentry/utils/esm/instrument.js:118
[    1305ms] [WARNING] [vue-i18n] Cannot translate the value of keypath 'home.offers.sub'. Use the value of keypath as default. @ webpack-internal:///./node_modules/@sentry/utils/esm/instrument.js:118
[    1305ms] [WARNING] [vue-i18n] Value of key 'home.offers.all' is not a string or function ! @ webpack-internal:///./node_modules/@sentry/utils/esm/instrument.js:118
[    1305ms] [WARNING] [vue-i18n] Cannot translate the value of keypath 'home.offers.all'. Use the value of keypath as default. @ webpack-internal:///./node_modules/@sentry/utils/esm/instrument.js:118
[    3973ms] [WARNING] [vue-i18n] Value of key 'Twitter' is not a string or function ! @ webpack-internal:///./node_modules/@sentry/utils/esm/instrument.js:118
[    3973ms] [WARNING] [vue-i18n] Cannot translate the value of keypath 'Twitter'. Use the value of keypath as default. @ webpack-internal:///./node_modules/@sentry/utils/esm/instrument.js:118
[    3973ms] [WARNING] [vue-i18n] Value of key 'Twitter' is not a string or function ! @ webpack-internal:///./node_modules/@sentry/utils/esm/instrument.js:118
[    3974ms] [WARNING] [vue-i18n] Cannot translate the value of keypath 'Twitter'. Use the value of keypath as default. @ webpack-internal:///./node_modules/@sentry/utils/esm/instrument.js:118
[    3974ms] [WARNING] [vue-i18n] Value of key 'Telegram' is not a string or function ! @ webpack-internal:///./node_modules/@sentry/utils/esm/instrument.js:118
[    3974ms] [WARNING] [vue-i18n] Cannot translate the value of keypath 'Telegram'. Use the value of keypath as default. @ webpack-internal:///./node_modules/@sentry/utils/esm/instrument.js:118
[    3974ms] [WARNING] [vue-i18n] Value of key 'Telegram' is not a string or function ! @ webpack-internal:///./node_modules/@sentry/utils/esm/instrument.js:118
[    3974ms] [WARNING] [vue-i18n] Cannot translate the value of keypath 'Telegram'. Use the value of keypath as default. @ webpack-internal:///./node_modules/@sentry/utils/esm/instrument.js:118
[    3987ms] [WARNING] [vue-i18n] Value of key 'Twitter' is not a string or function ! @ webpack-internal:///./node_modules/@sentry/utils/esm/instrument.js:118
[    3987ms] [WARNING] [vue-i18n] Cannot translate the value of keypath 'Twitter'. Use the value of keypath as default. @ webpack-internal:///./node_modules/@sentry/utils/esm/instrument.js:118
[    3987ms] [WARNING] [vue-i18n] Value of key 'Twitter' is not a string or function ! @ webpack-internal:///./node_modules/@sentry/utils/esm/instrument.js:118
[    3987ms] [WARNING] [vue-i18n] Cannot translate the value of keypath 'Twitter'. Use the value of keypath as default. @ webpack-internal:///./node_modules/@sentry/utils/esm/instrument.js:118
[    3988ms] [WARNING] [vue-i18n] Value of key 'Telegram' is not a string or function ! @ webpack-internal:///./node_modules/@sentry/utils/esm/instrument.js:118
[    3988ms] [WARNING] [vue-i18n] Cannot translate the value of keypath 'Telegram'. Use the value of keypath as default. @ webpack-internal:///./node_modules/@sentry/utils/esm/instrument.js:118
[    3988ms] [WARNING] [vue-i18n] Value of key 'Telegram' is not a string or function ! @ webpack-internal:///./node_modules/@sentry/utils/esm/instrument.js:118
[    3988ms] [WARNING] [vue-i18n] Cannot translate the value of keypath 'Telegram'. Use the value of keypath as default. @ webpack-internal:///./node_modules/@sentry/utils/esm/instrument.js:118
[    6619ms] [WARNING] [vue-i18n] Value of key 'Twitter' is not a string or function ! @ webpack-internal:///./node_modules/@sentry/utils/esm/instrument.js:118
[    6619ms] [WARNING] [vue-i18n] Cannot translate the value of keypath 'Twitter'. Use the value of keypath as default. @ webpack-internal:///./node_modules/@sentry/utils/esm/instrument.js:118
[    6619ms] [WARNING] [vue-i18n] Value of key 'Twitter' is not a string or function ! @ webpack-internal:///./node_modules/@sentry/utils/esm/instrument.js:118
[    6619ms] [WARNING] [vue-i18n] Cannot translate the value of keypath 'Twitter'. Use the value of keypath as default. @ webpack-internal:///./node_modules/@sentry/utils/esm/instrument.js:118
[    6619ms] [WARNING] [vue-i18n] Value of key 'Telegram' is not a string or function ! @ webpack-internal:///./node_modules/@sentry/utils/esm/instrument.js:118
[    6619ms] [WARNING] [vue-i18n] Cannot translate the value of keypath 'Telegram'. Use the value of keypath as default. @ webpack-internal:///./node_modules/@sentry/utils/esm/instrument.js:118
[    6619ms] [WARNING] [vue-i18n] Value of key 'Telegram' is not a string or function ! @ webpack-internal:///./node_modules/@sentry/utils/esm/instrument.js:118
[    6619ms] [WARNING] [vue-i18n] Cannot translate the value of keypath 'Telegram'. Use the value of keypath as default. @ webpack-internal:///./node_modules/@sentry/utils/esm/instrument.js:118
[  333329ms] [LOG] [HMR] bundle rebuilding @ webpack-internal:///./node_modules/@sentry/utils/esm/instrument.js:118
[  372968ms] [LOG] [HMR] bundle 'client' rebuilt in 38446ms @ webpack-internal:///./node_modules/@sentry/utils/esm/instrument.js:118
[  372973ms] [LOG] [HMR] Checking for updates on the server... @ webpack-internal:///./node_modules/@sentry/utils/esm/instrument.js:118
[  372974ms] [LOG] [HMR] bundle rebuilding @ webpack-internal:///./node_modules/@sentry/utils/esm/instrument.js:118
[  382977ms] [WARNING] [HMR] Update check failed: Error: Manifest request to /_nuxt/cb6062d343b50c09e862.hot-update.json timed out.
    at request.onreadystatechange (http://localhost:3004/_nuxt/runtime.js:92:16) @ webpack-internal:///./node_modules/@sentry/utils/esm/instrument.js:118
[  382998ms] Error: Manifest request to /_nuxt/cb6062d343b50c09e862.hot-update.json timed out.
    at request.onreadystatechange (http://localhost:3004/_nuxt/runtime.js:92:16)
[  384761ms] [LOG] [HMR] bundle 'client' rebuilt in 9910ms @ webpack-internal:///./node_modules/@sentry/utils/esm/instrument.js:118
[  384766ms] [LOG] %c
assets/scss/_sections.scss
 102:18  ×  Unexpected unit   length-zero-no-unit
 102:32  ×  Unexpected unit   length-zero-no-unit

 color: #ff0000; @ webpack-internal:///./node_modules/@sentry/utils/esm/instrument.js:118
[  384767ms] [LOG] [HMR] bundle rebuilding @ webpack-internal:///./node_modules/@sentry/utils/esm/instrument.js:118
[  395610ms] [LOG] [HMR] bundle 'client' rebuilt in 9729ms @ webpack-internal:///./node_modules/@sentry/utils/esm/instrument.js:118
[  398829ms] [LOG] [HMR] bundle rebuilding @ webpack-internal:///./node_modules/@sentry/utils/esm/instrument.js:118
[  409845ms] [LOG] [HMR] bundle 'client' rebuilt in 9897ms @ webpack-internal:///./node_modules/@sentry/utils/esm/instrument.js:118
[  409848ms] [LOG] [HMR] bundle rebuilding @ webpack-internal:///./node_modules/@sentry/utils/esm/instrument.js:118
