[    1039ms] [INFO] Download the Vue Devtools extension for a better development experience:
https://github.com/vuejs/vue-devtools @ webpack-internal:///./node_modules/vue/dist/vue.runtime.esm.js:8841
[    1039ms] [INFO] You are running Vue in development mode.
Make sure to turn on production mode when deploying for production.
See more tips at https://vuejs.org/guide/deployment.html @ webpack-internal:///./node_modules/vue/dist/vue.runtime.esm.js:8849
[    1040ms] [INFO] Download the Vue Devtools extension for a better development experience:
https://github.com/vuejs/vue-devtools @ webpack-internal:///./node_modules/vue/dist/vue.runtime.common.dev.js:8719
[    1040ms] [INFO] You are running Vue in development mode.
Make sure to turn on production mode when deploying for production.
See more tips at https://vuejs.org/guide/deployment.html @ webpack-internal:///./node_modules/vue/dist/vue.runtime.common.dev.js:8726
[    1174ms] [LOG] [HMR] connected @ webpack-internal:///./node_modules/webpack-hot-middleware/client.js?reload=true&timeout=30000&ansiColors=&overlayStyles=&path=%2F__webpack_hmr%2Fclient&name=client:98
[    1227ms] [INFO] [nuxt-facebook-pixel-module] You are running in development mode. Set "debug: true" in your nuxt.config.js if you would like to trigger tracking events in local. @ webpack-internal:///./node_modules/@sentry/utils/esm/instrument.js:118
[    1269ms] [WARNING] [vue-i18n] Value of key 'Experience' is not a string or function ! @ webpack-internal:///./node_modules/@sentry/utils/esm/instrument.js:118
[    1270ms] [WARNING] [vue-i18n] Cannot translate the value of keypath 'Experience'. Use the value of keypath as default. @ webpack-internal:///./node_modules/@sentry/utils/esm/instrument.js:118
[    1356ms] [WARNING] Deprecation warning: value provided is not in a recognized RFC2822 or ISO format. moment construction falls back to js Date(), which is not reliable across all browsers and versions. Non RFC2822/ISO date formats are discouraged. Please refer to http://momentjs.com/guides/#/warnings/js-date/ for more info.
Arguments: 
[0] _isAMomentObject: true, _isUTC: false, _useUTC: false, _l: undefined, _i: 01/24/2021, _f: undefined, _strict: undefined, _locale: [object Object]
Error
    at hooks.eval [as createFromInputFallback] (webpack-internal:///./node_modules/moment/moment.js:323:25)
    at configFromString (webpack-internal:///./node_modules/moment/moment.js:2612:19)
    at configFromInput (webpack-internal:///./node_modules/moment/moment.js:3055:13)
    at prepareConfig (webpack-internal:///./node_modules/moment/moment.js:3038:13)
    at createFromConfig (webpack-internal:///./node_modules/moment/moment.js:3005:44)
    at createLocalOrUTC (webpack-internal:///./node_modules/moment/moment.js:3099:16)
    at createLocal (webpack-internal:///./node_modules/moment/moment.js:3103:16)
    at Proxy.hooks (webpack-internal:///./node_modules/moment/moment.js:15:29)
    at eval (webpack-internal:///./node_modules/babel-loader/lib/index.js?!./node_modules/vue-loader/lib/loaders/templateLoader.js?!./node_modules/vue-loader/lib/index.js?!./node_modules/string-replace-loader/index.js?!./pages/worker/register.vue?vue&type=template&id=358748ab&scoped=true:26:50966)
    at Proxy.renderList (webpack-internal:///./node_modules/vue/dist/vue.runtime.esm.js:2090:22)
    at fn (webpack-internal:///./node_modules/babel-loader/lib/index.js?!./node_modules/vue-loader/lib/loaders/templateLoader.js?!./node_modules/vue-loader/lib/index.js?!./node_modules/string-replace-loader/index.js?!./pages/worker/register.vue?vue&type=template&id=358748ab&scoped=true:26:50881)
    at normalized (webpack-internal:///./node_modules/vue/dist/vue.runtime.esm.js:2463:41)
    at Proxy.renderSlot (webpack-internal:///./node_modules/vue/dist/vue.runtime.esm.js:2141:13)
    at Proxy.render (webpack-internal:///./node_modules/babel-loader/lib/index.js?!./node_modules/vue-loader/lib/loaders/templateLoader.js?!./node_modules/vue-loader/lib/index.js?!./node_modules/string-replace-loader/index.js?!./components/Modal.vue?vue&type=template&id=f2d6f03c:4:1140)
    at Vue._render (webpack-internal:///./node_modules/vue/dist/vue.runtime.esm.js:2739:28)
    at VueComponent.updateComponent (webpack-internal:///./node_modules/vue/dist/vue.runtime.esm.js:3919:28)
    at Watcher.get (webpack-internal:///./node_modules/vue/dist/vue.runtime.esm.js:3501:33)
    at new Watcher (webpack-internal:///./node_modules/vue/dist/vue.runtime.esm.js:3491:51)
    at mountComponent (webpack-internal:///./node_modules/vue/dist/vue.runtime.esm.js:3947:5)
    at Vue.$mount (webpack-internal:///./node_modules/vue/dist/vue.runtime.esm.js:8830:12)
    at init (webpack-internal:///./node_modules/vue/dist/vue.runtime.esm.js:4464:19)
    at createComponent (webpack-internal:///./node_modules/vue/dist/vue.runtime.esm.js:6624:17)
    at createElm (webpack-internal:///./node_modules/vue/dist/vue.runtime.esm.js:6578:13)
    at createChildren (webpack-internal:///./node_modules/vue/dist/vue.runtime.esm.js:6697:17)
    at createElm (webpack-internal:///./node_modules/vue/dist/vue.runtime.esm.js:6601:13)
    at createChildren (webpack-internal:///./node_modules/vue/dist/vue.runtime.esm.js:6697:17)
    at createElm (webpack-internal:///./node_modules/vue/dist/vue.runtime.esm.js:6601:13)
    at createChildren (webpack-internal:///./node_modules/vue/dist/vue.runtime.esm.js:6697:17)
    at createElm (webpack-internal:///./node_modules/vue/dist/vue.runtime.esm.js:6601:13)
    at createChildren (webpack-internal:///./node_modules/vue/dist/vue.runtime.esm.js:6697:17)
    at createElm (webpack-internal:///./node_modules/vue/dist/vue.runtime.esm.js:6601:13)
    at createChildren (webpack-internal:///./node_modules/vue/dist/vue.runtime.esm.js:6697:17)
    at createElm (webpack-internal:///./node_modules/vue/dist/vue.runtime.esm.js:6601:13)
    at createChildren (webpack-internal:///./node_modules/vue/dist/vue.runtime.esm.js:6697:17)
    at createElm (webpack-internal:///./node_modules/vue/dist/vue.runtime.esm.js:6601:13)
    at VueComponent.patch [as __patch__] (webpack-internal:///./node_modules/vue/dist/vue.runtime.esm.js:7128:13)
    at Vue._update (webpack-internal:///./node_modules/vue/dist/vue.runtime.esm.js:3820:25)
    at VueComponent.updateComponent (webpack-internal:///./node_modules/vue/dist/vue.runtime.esm.js:3923:16)
    at Watcher.get (webpack-internal:///./node_modules/vue/dist/vue.runtime.esm.js:3501:33)
    at new Watcher (webpack-internal:///./node_modules/vue/dist/vue.runtime.esm.js:3491:51)
    at mountComponent (webpack-internal:///./node_modules/vue/dist/vue.runtime.esm.js:3947:5)
    at Vue.$mount (webpack-internal:///./node_modules/vue/dist/vue.runtime.esm.js:8830:12)
    at init (webpack-internal:///./node_modules/vue/dist/vue.runtime.esm.js:4464:19)
    at createComponent (webpack-internal:///./node_modules/vue/dist/vue.runtime.esm.js:6624:17)
    at createElm (webpack-internal:///./node_modules/vue/dist/vue.runtime.esm.js:6578:13)
    at createChildren (webpack-internal:///./node_modules/vue/dist/vue.runtime.esm.js:6697:17)
    at createElm (webpack-internal:///./node_modules/vue/dist/vue.runtime.esm.js:6601:13)
    at createChildren (webpack-internal:///./node_modules/vue/dist/vue.runtime.esm.js:6697:17)
    at createElm (webpack-internal:///./node_modules/vue/dist/vue.runtime.esm.js:6601:13)
    at createChildren (webpack-internal:///./node_modules/vue/dist/vue.runtime.esm.js:6697:17) @ webpack-internal:///./node_modules/@sentry/utils/esm/instrument.js:118
[    1519ms] [VERBOSE] [DOM] Input elements should have autocomplete attributes (suggested: "new-password"): (More info: https://goo.gl/9p2vKq) %o @ http://localhost:3004/ru/worker/register:0
[    1519ms] [VERBOSE] [DOM] Input elements should have autocomplete attributes (suggested: "new-password"): (More info: https://goo.gl/9p2vKq) %o @ http://localhost:3004/ru/worker/register:0
[   12830ms] [WARNING] The resource http://localhost:3004/_nuxt/app.d1df54583b0bef88523a.hot-update.js was preloaded using link preload but not used within a few seconds from the window's load event. Please make sure it has an appropriate `as` value and it is preloaded intentionally. @ http://localhost:3004/ru/worker/register:0
[   19117ms] [WARNING] The resource http://localhost:3004/_nuxt/app.d1df54583b0bef88523a.hot-update.js was preloaded using link preload but not used within a few seconds from the window's load event. Please make sure it has an appropriate `as` value and it is preloaded intentionally. @ http://localhost:3004/ru/worker/register:0
