[    1056ms] [INFO] Download the Vue Devtools extension for a better development experience:
https://github.com/vuejs/vue-devtools @ webpack-internal:///./node_modules/vue/dist/vue.runtime.esm.js:8841
[    1056ms] [INFO] You are running Vue in development mode.
Make sure to turn on production mode when deploying for production.
See more tips at https://vuejs.org/guide/deployment.html @ webpack-internal:///./node_modules/vue/dist/vue.runtime.esm.js:8849
[    1057ms] [INFO] Download the Vue Devtools extension for a better development experience:
https://github.com/vuejs/vue-devtools @ webpack-internal:///./node_modules/vue/dist/vue.runtime.common.dev.js:8719
[    1057ms] [INFO] You are running Vue in development mode.
Make sure to turn on production mode when deploying for production.
See more tips at https://vuejs.org/guide/deployment.html @ webpack-internal:///./node_modules/vue/dist/vue.runtime.common.dev.js:8726
[    1101ms] [INFO] [nuxt-facebook-pixel-module] You are running in development mode. Set "debug: true" in your nuxt.config.js if you would like to trigger tracking events in local. @ webpack-internal:///./node_modules/@sentry/utils/esm/instrument.js:118
[    1153ms] [LOG] [HMR] connected @ webpack-internal:///./node_modules/@sentry/utils/esm/instrument.js:118
[    1171ms] [LOG] %c
assets/scss/_main.scss
 1320:5  ×  Unexpected empty line before declaration   declaration-empty-line-before
 2811:3  ×  Expected empty line before declaration     declaration-empty-line-before

 color: #ff0000; @ webpack-internal:///./node_modules/@sentry/utils/esm/instrument.js:118
[    3988ms] [ERROR] Failed to load resource: the server responded with a status of 401 (Unauthorized) @ http://localhost:8000/api/v1/resume/GetMyResumes?exclude_default=false:0
[    4029ms] Error: Request failed with status code 401
    at createError (webpack-internal:///./node_modules/axios/lib/core/createError.js:16:15)
    at settle (webpack-internal:///./node_modules/axios/lib/core/settle.js:17:12)
    at XMLHttpRequest.onloadend (webpack-internal:///./node_modules/axios/lib/adapters/xhr.js:66:7)
[    4725ms] [WARNING] [vue-i18n] Value of key 'Twitter' is not a string or function ! @ webpack-internal:///./node_modules/@sentry/utils/esm/instrument.js:118
[    4725ms] [WARNING] [vue-i18n] Cannot translate the value of keypath 'Twitter'. Use the value of keypath as default. @ webpack-internal:///./node_modules/@sentry/utils/esm/instrument.js:118
[    4725ms] [WARNING] [vue-i18n] Value of key 'Twitter' is not a string or function ! @ webpack-internal:///./node_modules/@sentry/utils/esm/instrument.js:118
[    4725ms] [WARNING] [vue-i18n] Cannot translate the value of keypath 'Twitter'. Use the value of keypath as default. @ webpack-internal:///./node_modules/@sentry/utils/esm/instrument.js:118
[    4726ms] [WARNING] [vue-i18n] Value of key 'Telegram' is not a string or function ! @ webpack-internal:///./node_modules/@sentry/utils/esm/instrument.js:118
[    4726ms] [WARNING] [vue-i18n] Cannot translate the value of keypath 'Telegram'. Use the value of keypath as default. @ webpack-internal:///./node_modules/@sentry/utils/esm/instrument.js:118
[    4726ms] [WARNING] [vue-i18n] Value of key 'Telegram' is not a string or function ! @ webpack-internal:///./node_modules/@sentry/utils/esm/instrument.js:118
[    4726ms] [WARNING] [vue-i18n] Cannot translate the value of keypath 'Telegram'. Use the value of keypath as default. @ webpack-internal:///./node_modules/@sentry/utils/esm/instrument.js:118
[    4751ms] [WARNING] [vue-i18n] Value of key 'Twitter' is not a string or function ! @ webpack-internal:///./node_modules/@sentry/utils/esm/instrument.js:118
[    4751ms] [WARNING] [vue-i18n] Cannot translate the value of keypath 'Twitter'. Use the value of keypath as default. @ webpack-internal:///./node_modules/@sentry/utils/esm/instrument.js:118
[    4752ms] [WARNING] [vue-i18n] Value of key 'Twitter' is not a string or function ! @ webpack-internal:///./node_modules/@sentry/utils/esm/instrument.js:118
[    4752ms] [WARNING] [vue-i18n] Cannot translate the value of keypath 'Twitter'. Use the value of keypath as default. @ webpack-internal:///./node_modules/@sentry/utils/esm/instrument.js:118
[    4752ms] [WARNING] [vue-i18n] Value of key 'Telegram' is not a string or function ! @ webpack-internal:///./node_modules/@sentry/utils/esm/instrument.js:118
[    4753ms] [WARNING] [vue-i18n] Cannot translate the value of keypath 'Telegram'. Use the value of keypath as default. @ webpack-internal:///./node_modules/@sentry/utils/esm/instrument.js:118
[    4753ms] [WARNING] [vue-i18n] Value of key 'Telegram' is not a string or function ! @ webpack-internal:///./node_modules/@sentry/utils/esm/instrument.js:118
[    4753ms] [WARNING] [vue-i18n] Cannot translate the value of keypath 'Telegram'. Use the value of keypath as default. @ webpack-internal:///./node_modules/@sentry/utils/esm/instrument.js:118
[    5261ms] [ERROR] Failed to load resource: the server responded with a status of 401 (Unauthorized) @ http://localhost:8000/api/v1/resume/GetMyResumes?exclude_default=false:0
[    5264ms] Error: Request failed with status code 401
    at createError (webpack-internal:///./node_modules/axios/lib/core/createError.js:16:15)
    at settle (webpack-internal:///./node_modules/axios/lib/core/settle.js:17:12)
    at XMLHttpRequest.onloadend (webpack-internal:///./node_modules/axios/lib/adapters/xhr.js:66:7)
[   12035ms] [ERROR] Failed to load resource: the server responded with a status of 404 (Not Found) @ http://localhost:8000/api/v1/company/vacancy/search/?page_size=12&status__terms=1__2__3&published_at__gte=&region=&salary_from__gte=&salary_to__lte=&salary_type__terms=1__2:0
[   12048ms] Error: Request failed with status code 404
    at createError (webpack-internal:///./node_modules/axios/lib/core/createError.js:16:15)
    at settle (webpack-internal:///./node_modules/axios/lib/core/settle.js:17:12)
    at XMLHttpRequest.onloadend (webpack-internal:///./node_modules/axios/lib/adapters/xhr.js:66:7)
[   15545ms] [WARNING] The resource http://localhost:3004/_nuxt/app.929a0277de4126c0e209.hot-update.js was preloaded using link preload but not used within a few seconds from the window's load event. Please make sure it has an appropriate `as` value and it is preloaded intentionally. @ http://localhost:3004/ru/worker/vacancy?district=:0
[   19187ms] [WARNING] The resource http://localhost:3004/_nuxt/app.929a0277de4126c0e209.hot-update.js was preloaded using link preload but not used within a few seconds from the window's load event. Please make sure it has an appropriate `as` value and it is preloaded intentionally. @ http://localhost:3004/ru/worker/vacancy?district=:0
[   88979ms] [WARNING] The resource http://localhost:3004/_nuxt/app.929a0277de4126c0e209.hot-update.js was preloaded using link preload but not used within a few seconds from the window's load event. Please make sure it has an appropriate `as` value and it is preloaded intentionally. @ http://localhost:3004/ru/worker/vacancy?district=:0
[  235987ms] [LOG] [HMR] bundle rebuilding @ webpack-internal:///./node_modules/@sentry/utils/esm/instrument.js:118
[  249297ms] [LOG] [HMR] bundle 'client' rebuilt in 12194ms @ webpack-internal:///./node_modules/@sentry/utils/esm/instrument.js:118
[  249303ms] [LOG] [HMR] bundle rebuilding @ webpack-internal:///./node_modules/@sentry/utils/esm/instrument.js:118
