[    2306ms] [LOG] [HMR] bundle 'client' rebuilt in 6790ms @ webpack-internal:///./node_modules/@sentry/utils/esm/instrument.js:118
[    2312ms] [LOG] [HMR] Checking for updates on the server... @ webpack-internal:///./node_modules/@sentry/utils/esm/instrument.js:118
[    2314ms] [LOG] [HMR] bundle rebuilding @ webpack-internal:///./node_modules/@sentry/utils/esm/instrument.js:118
[   12440ms] [INFO] Download the Vue Devtools extension for a better development experience:
https://github.com/vuejs/vue-devtools @ webpack-internal:///./node_modules/vue/dist/vue.runtime.esm.js:8841
[   12440ms] [INFO] You are running Vue in development mode.
Make sure to turn on production mode when deploying for production.
See more tips at https://vuejs.org/guide/deployment.html @ webpack-internal:///./node_modules/vue/dist/vue.runtime.esm.js:8849
[   12573ms] [INFO] Download the Vue Devtools extension for a better development experience:
https://github.com/vuejs/vue-devtools @ webpack-internal:///./node_modules/vue/dist/vue.runtime.common.dev.js:8719
[   12573ms] [INFO] You are running Vue in development mode.
Make sure to turn on production mode when deploying for production.
See more tips at https://vuejs.org/guide/deployment.html @ webpack-internal:///./node_modules/vue/dist/vue.runtime.common.dev.js:8726
[   12576ms] [LOG] [HMR] connected @ webpack-internal:///./node_modules/webpack-hot-middleware/client.js?reload=true&timeout=30000&ansiColors=&overlayStyles=&path=%2F__webpack_hmr%2Fclient&name=client:98
[   12629ms] [INFO] [nuxt-facebook-pixel-module] You are running in development mode. Set "debug: true" in your nuxt.config.js if you would like to trigger tracking events in local. @ webpack-internal:///./node_modules/@sentry/utils/esm/instrument.js:118
[   12837ms] [WARNING] [vue-router] Route with name 'index___uz' does not exist @ webpack-internal:///./node_modules/@sentry/utils/esm/instrument.js:118
[   12839ms] [WARNING] [vue-router] Route with name 'index___ru___default' does not exist @ webpack-internal:///./node_modules/@sentry/utils/esm/instrument.js:118
[   12901ms] [WARNING] [vue-router] Route with name 'index___uz' does not exist @ webpack-internal:///./node_modules/@sentry/utils/esm/instrument.js:118
[   12901ms] [WARNING] [vue-router] Route with name 'index___ru___default' does not exist @ webpack-internal:///./node_modules/@sentry/utils/esm/instrument.js:118
[   14278ms] [WARNING] [vue-router] Route with name 'index___uz' does not exist @ webpack-internal:///./node_modules/@sentry/utils/esm/instrument.js:118
[   14279ms] [WARNING] [vue-router] Route with name 'index___ru___default' does not exist @ webpack-internal:///./node_modules/@sentry/utils/esm/instrument.js:118
[   15903ms] [WARNING] [vue-router] Route with name 'index___uz' does not exist @ webpack-internal:///./node_modules/@sentry/utils/esm/instrument.js:118
[   15903ms] [WARNING] [vue-router] Route with name 'index___ru___default' does not exist @ webpack-internal:///./node_modules/@sentry/utils/esm/instrument.js:118
[   15931ms] [WARNING] [vue-router] Route with name 'company-brand___ru___default' does not exist @ webpack-internal:///./node_modules/@sentry/utils/esm/instrument.js:118
[   15932ms] [WARNING] [vue-router] Route with name 'static-slug___ru___default' does not exist @ webpack-internal:///./node_modules/@sentry/utils/esm/instrument.js:118
[   15933ms] [WARNING] [vue-router] Route with name 'static-slug___ru___default' does not exist @ webpack-internal:///./node_modules/@sentry/utils/esm/instrument.js:118
[   15934ms] [WARNING] [vue-router] Route with name 'static-slug___ru___default' does not exist @ webpack-internal:///./node_modules/@sentry/utils/esm/instrument.js:118
[   15935ms] [WARNING] [vue-router] Route with name 'calendar___ru___default' does not exist @ webpack-internal:///./node_modules/@sentry/utils/esm/instrument.js:118
[   15936ms] [WARNING] [vue-i18n] Value of key 'Twitter' is not a string or function ! @ webpack-internal:///./node_modules/@sentry/utils/esm/instrument.js:118
[   15936ms] [WARNING] [vue-i18n] Cannot translate the value of keypath 'Twitter'. Use the value of keypath as default. @ webpack-internal:///./node_modules/@sentry/utils/esm/instrument.js:118
[   15937ms] [WARNING] [vue-i18n] Value of key 'Twitter' is not a string or function ! @ webpack-internal:///./node_modules/@sentry/utils/esm/instrument.js:118
[   15937ms] [WARNING] [vue-i18n] Cannot translate the value of keypath 'Twitter'. Use the value of keypath as default. @ webpack-internal:///./node_modules/@sentry/utils/esm/instrument.js:118
[   15937ms] [WARNING] [vue-i18n] Value of key 'Telegram' is not a string or function ! @ webpack-internal:///./node_modules/@sentry/utils/esm/instrument.js:118
[   15937ms] [WARNING] [vue-i18n] Cannot translate the value of keypath 'Telegram'. Use the value of keypath as default. @ webpack-internal:///./node_modules/@sentry/utils/esm/instrument.js:118
[   15937ms] [WARNING] [vue-i18n] Value of key 'Telegram' is not a string or function ! @ webpack-internal:///./node_modules/@sentry/utils/esm/instrument.js:118
[   15937ms] [WARNING] [vue-i18n] Cannot translate the value of keypath 'Telegram'. Use the value of keypath as default. @ webpack-internal:///./node_modules/@sentry/utils/esm/instrument.js:118
[   15966ms] [WARNING] [vue-router] Route with name 'company-brand___ru___default' does not exist @ webpack-internal:///./node_modules/@sentry/utils/esm/instrument.js:118
[   15968ms] [WARNING] [vue-router] Route with name 'static-slug___ru___default' does not exist @ webpack-internal:///./node_modules/@sentry/utils/esm/instrument.js:118
[   15969ms] [WARNING] [vue-router] Route with name 'static-slug___ru___default' does not exist @ webpack-internal:///./node_modules/@sentry/utils/esm/instrument.js:118
[   15970ms] [WARNING] [vue-router] Route with name 'static-slug___ru___default' does not exist @ webpack-internal:///./node_modules/@sentry/utils/esm/instrument.js:118
[   15970ms] [WARNING] [vue-router] Route with name 'calendar___ru___default' does not exist @ webpack-internal:///./node_modules/@sentry/utils/esm/instrument.js:118
[   15971ms] [WARNING] [vue-i18n] Value of key 'Twitter' is not a string or function ! @ webpack-internal:///./node_modules/@sentry/utils/esm/instrument.js:118
[   15971ms] [WARNING] [vue-i18n] Cannot translate the value of keypath 'Twitter'. Use the value of keypath as default. @ webpack-internal:///./node_modules/@sentry/utils/esm/instrument.js:118
[   15971ms] [WARNING] [vue-i18n] Value of key 'Twitter' is not a string or function ! @ webpack-internal:///./node_modules/@sentry/utils/esm/instrument.js:118
[   15971ms] [WARNING] [vue-i18n] Cannot translate the value of keypath 'Twitter'. Use the value of keypath as default. @ webpack-internal:///./node_modules/@sentry/utils/esm/instrument.js:118
[   15971ms] [WARNING] [vue-i18n] Value of key 'Telegram' is not a string or function ! @ webpack-internal:///./node_modules/@sentry/utils/esm/instrument.js:118
[   15972ms] [WARNING] [vue-i18n] Cannot translate the value of keypath 'Telegram'. Use the value of keypath as default. @ webpack-internal:///./node_modules/@sentry/utils/esm/instrument.js:118
[   15972ms] [WARNING] [vue-i18n] Value of key 'Telegram' is not a string or function ! @ webpack-internal:///./node_modules/@sentry/utils/esm/instrument.js:118
[   15972ms] [WARNING] [vue-i18n] Cannot translate the value of keypath 'Telegram'. Use the value of keypath as default. @ webpack-internal:///./node_modules/@sentry/utils/esm/instrument.js:118
[   16359ms] [WARNING] [vue-router] Route with name 'worker-advanced-search___ru___default' does not exist @ webpack-internal:///./node_modules/@sentry/utils/esm/instrument.js:118
[   18574ms] [WARNING] [vue-router] Route with name 'index___uz' does not exist @ webpack-internal:///./node_modules/@sentry/utils/esm/instrument.js:118
[   18575ms] [WARNING] [vue-router] Route with name 'index___ru___default' does not exist @ webpack-internal:///./node_modules/@sentry/utils/esm/instrument.js:118
[   19371ms] [WARNING] The resource http://localhost:3004/_nuxt/app.ebdaf31f8e2339091777.hot-update.js was preloaded using link preload but not used within a few seconds from the window's load event. Please make sure it has an appropriate `as` value and it is preloaded intentionally. @ http://localhost:3004/ru/:0
[   21976ms] [WARNING] [vue-router] Route with name 'index___uz' does not exist @ webpack-internal:///./node_modules/@sentry/utils/esm/instrument.js:118
[   21977ms] [WARNING] [vue-router] Route with name 'index___ru___default' does not exist @ webpack-internal:///./node_modules/@sentry/utils/esm/instrument.js:118
[   21989ms] [WARNING] [vue-router] Route with name 'company-brand___ru___default' does not exist @ webpack-internal:///./node_modules/@sentry/utils/esm/instrument.js:118
[   21990ms] [WARNING] [vue-router] Route with name 'static-slug___ru___default' does not exist @ webpack-internal:///./node_modules/@sentry/utils/esm/instrument.js:118
[   21991ms] [WARNING] [vue-router] Route with name 'static-slug___ru___default' does not exist @ webpack-internal:///./node_modules/@sentry/utils/esm/instrument.js:118
[   21993ms] [WARNING] [vue-router] Route with name 'static-slug___ru___default' does not exist @ webpack-internal:///./node_modules/@sentry/utils/esm/instrument.js:118
[   21994ms] [WARNING] [vue-router] Route with name 'calendar___ru___default' does not exist @ webpack-internal:///./node_modules/@sentry/utils/esm/instrument.js:118
[   21995ms] [WARNING] [vue-i18n] Value of key 'Twitter' is not a string or function ! @ webpack-internal:///./node_modules/@sentry/utils/esm/instrument.js:118
[   21995ms] [WARNING] [vue-i18n] Cannot translate the value of keypath 'Twitter'. Use the value of keypath as default. @ webpack-internal:///./node_modules/@sentry/utils/esm/instrument.js:118
[   21995ms] [WARNING] [vue-i18n] Value of key 'Twitter' is not a string or function ! @ webpack-internal:///./node_modules/@sentry/utils/esm/instrument.js:118
[   21996ms] [WARNING] [vue-i18n] Cannot translate the value of keypath 'Twitter'. Use the value of keypath as default. @ webpack-internal:///./node_modules/@sentry/utils/esm/instrument.js:118
[   21996ms] [WARNING] [vue-i18n] Value of key 'Telegram' is not a string or function ! @ webpack-internal:///./node_modules/@sentry/utils/esm/instrument.js:118
[   21996ms] [WARNING] [vue-i18n] Cannot translate the value of keypath 'Telegram'. Use the value of keypath as default. @ webpack-internal:///./node_modules/@sentry/utils/esm/instrument.js:118
[   21996ms] [WARNING] [vue-i18n] Value of key 'Telegram' is not a string or function ! @ webpack-internal:///./node_modules/@sentry/utils/esm/instrument.js:118
[   21996ms] [WARNING] [vue-i18n] Cannot translate the value of keypath 'Telegram'. Use the value of keypath as default. @ webpack-internal:///./node_modules/@sentry/utils/esm/instrument.js:118
