[    9837ms] [LOG] [HMR] bundle 'client' rebuilt in 11486ms @ webpack-internal:///./node_modules/@sentry/utils/esm/instrument.js:118
[    9842ms] [LOG] [HMR] Checking for updates on the server... @ webpack-internal:///./node_modules/@sentry/utils/esm/instrument.js:118
[   11151ms] [INFO] Download the Vue Devtools extension for a better development experience:
https://github.com/vuejs/vue-devtools @ webpack-internal:///./node_modules/vue/dist/vue.runtime.esm.js:8841
[   11152ms] [INFO] You are running Vue in development mode.
Make sure to turn on production mode when deploying for production.
See more tips at https://vuejs.org/guide/deployment.html @ webpack-internal:///./node_modules/vue/dist/vue.runtime.esm.js:8849
[   11152ms] [INFO] Download the Vue Devtools extension for a better development experience:
https://github.com/vuejs/vue-devtools @ webpack-internal:///./node_modules/vue/dist/vue.runtime.common.dev.js:8719
[   11152ms] [INFO] You are running Vue in development mode.
Make sure to turn on production mode when deploying for production.
See more tips at https://vuejs.org/guide/deployment.html @ webpack-internal:///./node_modules/vue/dist/vue.runtime.common.dev.js:8726
[   11175ms] [INFO] [nuxt-facebook-pixel-module] You are running in development mode. Set "debug: true" in your nuxt.config.js if you would like to trigger tracking events in local. @ webpack-internal:///./node_modules/@sentry/utils/esm/instrument.js:118
[   11230ms] [LOG] [HMR] connected @ webpack-internal:///./node_modules/@sentry/utils/esm/instrument.js:118
[   11291ms] [WARNING] [vue-router] Route with name 'index___uz' does not exist @ webpack-internal:///./node_modules/@sentry/utils/esm/instrument.js:118
[   11292ms] [WARNING] [vue-router] Route with name 'index___ru___default' does not exist @ webpack-internal:///./node_modules/@sentry/utils/esm/instrument.js:118
[   11347ms] [WARNING] [vue-router] Route with name 'index___uz' does not exist @ webpack-internal:///./node_modules/@sentry/utils/esm/instrument.js:118
[   11348ms] [WARNING] [vue-router] Route with name 'index___ru___default' does not exist @ webpack-internal:///./node_modules/@sentry/utils/esm/instrument.js:118
[   12056ms] [WARNING] [vue-router] Route with name 'index___uz' does not exist @ webpack-internal:///./node_modules/@sentry/utils/esm/instrument.js:118
[   12057ms] [WARNING] [vue-router] Route with name 'index___ru___default' does not exist @ webpack-internal:///./node_modules/@sentry/utils/esm/instrument.js:118
[   12493ms] [WARNING] [vue-router] Route with name 'worker-advanced-search___ru___default' does not exist @ webpack-internal:///./node_modules/@sentry/utils/esm/instrument.js:118
[   14264ms] [WARNING] [vue-router] Route with name 'index___uz' does not exist @ webpack-internal:///./node_modules/@sentry/utils/esm/instrument.js:118
[   14264ms] [WARNING] [vue-router] Route with name 'index___ru___default' does not exist @ webpack-internal:///./node_modules/@sentry/utils/esm/instrument.js:118
[   14280ms] [WARNING] [vue-router] Route with name 'company-brand___ru___default' does not exist @ webpack-internal:///./node_modules/@sentry/utils/esm/instrument.js:118
[   14282ms] [WARNING] [vue-router] Route with name 'static-slug___ru___default' does not exist @ webpack-internal:///./node_modules/@sentry/utils/esm/instrument.js:118
[   14283ms] [WARNING] [vue-router] Route with name 'static-slug___ru___default' does not exist @ webpack-internal:///./node_modules/@sentry/utils/esm/instrument.js:118
[   14284ms] [WARNING] [vue-router] Route with name 'static-slug___ru___default' does not exist @ webpack-internal:///./node_modules/@sentry/utils/esm/instrument.js:118
[   14284ms] [WARNING] [vue-router] Route with name 'calendar___ru___default' does not exist @ webpack-internal:///./node_modules/@sentry/utils/esm/instrument.js:118
[   14285ms] [WARNING] [vue-i18n] Value of key 'Twitter' is not a string or function ! @ webpack-internal:///./node_modules/@sentry/utils/esm/instrument.js:118
[   14285ms] [WARNING] [vue-i18n] Cannot translate the value of keypath 'Twitter'. Use the value of keypath as default. @ webpack-internal:///./node_modules/@sentry/utils/esm/instrument.js:118
[   14285ms] [WARNING] [vue-i18n] Value of key 'Twitter' is not a string or function ! @ webpack-internal:///./node_modules/@sentry/utils/esm/instrument.js:118
[   14285ms] [WARNING] [vue-i18n] Cannot translate the value of keypath 'Twitter'. Use the value of keypath as default. @ webpack-internal:///./node_modules/@sentry/utils/esm/instrument.js:118
[   14285ms] [WARNING] [vue-i18n] Value of key 'Telegram' is not a string or function ! @ webpack-internal:///./node_modules/@sentry/utils/esm/instrument.js:118
[   14285ms] [WARNING] [vue-i18n] Cannot translate the value of keypath 'Telegram'. Use the value of keypath as default. @ webpack-internal:///./node_modules/@sentry/utils/esm/instrument.js:118
[   14286ms] [WARNING] [vue-i18n] Value of key 'Telegram' is not a string or function ! @ webpack-internal:///./node_modules/@sentry/utils/esm/instrument.js:118
[   14286ms] [WARNING] [vue-i18n] Cannot translate the value of keypath 'Telegram'. Use the value of keypath as default. @ webpack-internal:///./node_modules/@sentry/utils/esm/instrument.js:118
[   14312ms] [WARNING] [vue-router] Route with name 'company-brand___ru___default' does not exist @ webpack-internal:///./node_modules/@sentry/utils/esm/instrument.js:118
[   14313ms] [WARNING] [vue-router] Route with name 'static-slug___ru___default' does not exist @ webpack-internal:///./node_modules/@sentry/utils/esm/instrument.js:118
[   14314ms] [WARNING] [vue-router] Route with name 'static-slug___ru___default' does not exist @ webpack-internal:///./node_modules/@sentry/utils/esm/instrument.js:118
[   14315ms] [WARNING] [vue-router] Route with name 'static-slug___ru___default' does not exist @ webpack-internal:///./node_modules/@sentry/utils/esm/instrument.js:118
[   14315ms] [WARNING] [vue-router] Route with name 'calendar___ru___default' does not exist @ webpack-internal:///./node_modules/@sentry/utils/esm/instrument.js:118
[   14316ms] [WARNING] [vue-i18n] Value of key 'Twitter' is not a string or function ! @ webpack-internal:///./node_modules/@sentry/utils/esm/instrument.js:118
[   14316ms] [WARNING] [vue-i18n] Cannot translate the value of keypath 'Twitter'. Use the value of keypath as default. @ webpack-internal:///./node_modules/@sentry/utils/esm/instrument.js:118
[   14316ms] [WARNING] [vue-i18n] Value of key 'Twitter' is not a string or function ! @ webpack-internal:///./node_modules/@sentry/utils/esm/instrument.js:118
[   14316ms] [WARNING] [vue-i18n] Cannot translate the value of keypath 'Twitter'. Use the value of keypath as default. @ webpack-internal:///./node_modules/@sentry/utils/esm/instrument.js:118
[   14316ms] [WARNING] [vue-i18n] Value of key 'Telegram' is not a string or function ! @ webpack-internal:///./node_modules/@sentry/utils/esm/instrument.js:118
[   14317ms] [WARNING] [vue-i18n] Cannot translate the value of keypath 'Telegram'. Use the value of keypath as default. @ webpack-internal:///./node_modules/@sentry/utils/esm/instrument.js:118
[   14317ms] [WARNING] [vue-i18n] Value of key 'Telegram' is not a string or function ! @ webpack-internal:///./node_modules/@sentry/utils/esm/instrument.js:118
[   14317ms] [WARNING] [vue-i18n] Cannot translate the value of keypath 'Telegram'. Use the value of keypath as default. @ webpack-internal:///./node_modules/@sentry/utils/esm/instrument.js:118
[   15511ms] [WARNING] The resource http://localhost:3004/_nuxt/app.fd1bb0d0b09d996a837f.hot-update.js was preloaded using link preload but not used within a few seconds from the window's load event. Please make sure it has an appropriate `as` value and it is preloaded intentionally. @ http://localhost:3004/ru/:0
[   17379ms] [WARNING] [vue-router] Route with name 'index___uz' does not exist @ webpack-internal:///./node_modules/@sentry/utils/esm/instrument.js:118
[   17379ms] [WARNING] [vue-router] Route with name 'index___ru___default' does not exist @ webpack-internal:///./node_modules/@sentry/utils/esm/instrument.js:118
[   20392ms] [WARNING] The resource http://localhost:3004/_nuxt/app.fd1bb0d0b09d996a837f.hot-update.js was preloaded using link preload but not used within a few seconds from the window's load event. Please make sure it has an appropriate `as` value and it is preloaded intentionally. @ http://localhost:3004/ru/:0
[   20974ms] [WARNING] [vue-router] Route with name 'index___uz' does not exist @ webpack-internal:///./node_modules/@sentry/utils/esm/instrument.js:118
[   20974ms] [WARNING] [vue-router] Route with name 'index___ru___default' does not exist @ webpack-internal:///./node_modules/@sentry/utils/esm/instrument.js:118
[   20989ms] [WARNING] [vue-router] Route with name 'company-brand___ru___default' does not exist @ webpack-internal:///./node_modules/@sentry/utils/esm/instrument.js:118
[   20990ms] [WARNING] [vue-router] Route with name 'static-slug___ru___default' does not exist @ webpack-internal:///./node_modules/@sentry/utils/esm/instrument.js:118
[   20992ms] [WARNING] [vue-router] Route with name 'static-slug___ru___default' does not exist @ webpack-internal:///./node_modules/@sentry/utils/esm/instrument.js:118
[   20993ms] [WARNING] [vue-router] Route with name 'static-slug___ru___default' does not exist @ webpack-internal:///./node_modules/@sentry/utils/esm/instrument.js:118
[   20994ms] [WARNING] [vue-router] Route with name 'calendar___ru___default' does not exist @ webpack-internal:///./node_modules/@sentry/utils/esm/instrument.js:118
[   20994ms] [WARNING] [vue-i18n] Value of key 'Twitter' is not a string or function ! @ webpack-internal:///./node_modules/@sentry/utils/esm/instrument.js:118
[   20995ms] [WARNING] [vue-i18n] Cannot translate the value of keypath 'Twitter'. Use the value of keypath as default. @ webpack-internal:///./node_modules/@sentry/utils/esm/instrument.js:118
[   20995ms] [WARNING] [vue-i18n] Value of key 'Twitter' is not a string or function ! @ webpack-internal:///./node_modules/@sentry/utils/esm/instrument.js:118
[   20995ms] [WARNING] [vue-i18n] Cannot translate the value of keypath 'Twitter'. Use the value of keypath as default. @ webpack-internal:///./node_modules/@sentry/utils/esm/instrument.js:118
[   20996ms] [WARNING] [vue-i18n] Value of key 'Telegram' is not a string or function ! @ webpack-internal:///./node_modules/@sentry/utils/esm/instrument.js:118
[   20996ms] [WARNING] [vue-i18n] Cannot translate the value of keypath 'Telegram'. Use the value of keypath as default. @ webpack-internal:///./node_modules/@sentry/utils/esm/instrument.js:118
[   20996ms] [WARNING] [vue-i18n] Value of key 'Telegram' is not a string or function ! @ webpack-internal:///./node_modules/@sentry/utils/esm/instrument.js:118
[   20997ms] [WARNING] [vue-i18n] Cannot translate the value of keypath 'Telegram'. Use the value of keypath as default. @ webpack-internal:///./node_modules/@sentry/utils/esm/instrument.js:118
[   21582ms] [WARNING] [vue-router] Route with name 'worker-advanced-search___ru___default' does not exist @ webpack-internal:///./node_modules/@sentry/utils/esm/instrument.js:118
[   29547ms] [WARNING] The resource http://localhost:3004/_nuxt/app.fd1bb0d0b09d996a837f.hot-update.js was preloaded using link preload but not used within a few seconds from the window's load event. Please make sure it has an appropriate `as` value and it is preloaded intentionally. @ http://localhost:3004/ru/:0
[   63575ms] [LOG] [HMR] bundle rebuilding @ webpack-internal:///./node_modules/@sentry/utils/esm/instrument.js:118
